Log file opened on Tue May 14 09:58:45 2019
Host: cerezouni.inf.um.es  pid: 25359  rank ID: 0  number of ranks:  1
             :-) GROMACS - gmx mdrun, 2016.4 (double precision) (-:

                            GROMACS is written by:
     Emile Apol      Rossen Apostolov  Herman J.C. Berendsen    Par Bjelkmar   
 Aldert van Buuren   Rudi van Drunen     Anton Feenstra    Gerrit Groenhof  
 Christoph Junghans   Anca Hamuraru    Vincent Hindriksen Dimitrios Karkoulis
    Peter Kasson        Jiri Kraus      Carsten Kutzner      Per Larsson    
  Justin A. Lemkul   Magnus Lundborg   Pieter Meulenhoff    Erik Marklund   
   Teemu Murtola       Szilard Pall       Sander Pronk      Roland Schulz   
  Alexey Shvetsov     Michael Shirts     Alfons Sijbers     Peter Tieleman  
  Teemu Virolainen  Christian Wennberg    Maarten Wolf   
                           and the project leaders:
        Mark Abraham, Berk Hess, Erik Lindahl, and David van der Spoel

Copyright (c) 1991-2000, University of Groningen, The Netherlands.
Copyright (c) 2001-2017, The GROMACS development team at
Uppsala University, Stockholm University and
the Royal Institute of Technology, Sweden.
check out http://www.gromacs.org for more information.

GROMACS is free software; you can redistribute it and/or modify it
under the terms of the GNU Lesser General Public License
as published by the Free Software Foundation; either version 2.1
of the License, or (at your option) any later version.

GROMACS:      gmx mdrun, version 2016.4 (double precision)
Executable:   /opt/Gromacs/gromacs-2016.4/bin/gmx_d
Data prefix:  /opt/Gromacs/gromacs-2016.4
Working dir:  /home/sonatak/Butadiene/butadiene_gasphase/em
Command line:
  gmx_d mdrun -v -deffnm em

GROMACS version:    2016.4
Precision:          double
Memory model:       64 bit
MPI library:        thread_mpi
OpenMP support:     enabled (GMX_OPENMP_MAX_THREADS = 32)
GPU support:        disabled
SIMD instructions:  AVX2_256
FFT library:        fftw-3.3.4-sse2-avx
RDTSCP usage:       enabled
TNG support:        enabled
Hwloc support:      hwloc-1.11.0
Tracing support:    disabled
Built on:           lun feb  5 12:31:39 CET 2018
Built by:           cerezo@cerezouni [CMAKE]
Build OS/arch:      Linux 4.4.0-112-generic x86_64
Build CPU vendor:   Intel
Build CPU brand:    Intel(R) Core(TM) i7-4790 CPU @ 3.60GHz
Build CPU family:   6   Model: 60   Stepping: 3
Build CPU features: aes apic avx avx2 clfsh cmov cx8 cx16 f16c fma htt lahf mmx msr nonstop_tsc pcid pclmuldq pdcm pdpe1gb popcnt pse rdrnd rdtscp sse2 sse3 sse4.1 sse4.2 ssse3 tdt x2apic
C compiler:         /usr/bin/cc GNU 5.4.0
C compiler flags:    -march=core-avx2     -O3 -DNDEBUG -funroll-all-loops -fexcess-precision=fast  
C++ compiler:       /usr/bin/c++ GNU 5.4.0
C++ compiler flags:  -march=core-avx2    -std=c++0x   -O3 -DNDEBUG -funroll-all-loops -fexcess-precision=fast  


Running on 1 node with total 4 cores, 8 logical cores
Hardware detected:
  CPU info:
    Vendor: Intel
    Brand:  Intel(R) Core(TM) i7-4790 CPU @ 3.60GHz
    Family: 6   Model: 60   Stepping: 3
    Features: aes apic avx avx2 clfsh cmov cx8 cx16 f16c fma htt lahf mmx msr nonstop_tsc pcid pclmuldq pdcm pdpe1gb popcnt pse rdrnd rdtscp sse2 sse3 sse4.1 sse4.2 ssse3 tdt x2apic
    SIMD instructions most likely to fit this hardware: AVX2_256
    SIMD instructions selected at GROMACS compile time: AVX2_256

  Hardware topology: Full, with devices
    Sockets, cores, and logical processors:
      Socket  0: [   0   4] [   1   5] [   2   6] [   3   7]
    Numa nodes:
      Node  0 (33679306752 bytes mem):   0   1   2   3   4   5   6   7
      Latency:
               0
         0  1.00
    Caches:
      L1: 32768 bytes, linesize 64 bytes, assoc. 8, shared 2 ways
      L2: 262144 bytes, linesize 64 bytes, assoc. 8, shared 2 ways
      L3: 8388608 bytes, linesize 64 bytes, assoc. 16, shared 8 ways
    PCI devices:
      0000:01:00.0  Id: 10de:104a  Class: 0x0300  Numa: 0
      0000:00:19.0  Id: 8086:15a1  Class: 0x0200  Numa: 0
      0000:00:1f.2  Id: 8086:8c82  Class: 0x0106  Numa: 0


++++ PLEASE READ AND CITE THE FOLLOWING REFERENCE ++++
M. J. Abraham, T. Murtola, R. Schulz, S. Páll, J. C. Smith, B. Hess, E.
Lindahl
GROMACS: High performance molecular simulations through multi-level
parallelism from laptops to supercomputers
SoftwareX 1 (2015) pp. 19-25
-------- -------- --- Thank You --- -------- --------


++++ PLEASE READ AND CITE THE FOLLOWING REFERENCE ++++
S. Páll, M. J. Abraham, C. Kutzner, B. Hess, E. Lindahl
Tackling Exascale Software Challenges in Molecular Dynamics Simulations with
GROMACS
In S. Markidis & E. Laure (Eds.), Solving Software Challenges for Exascale 8759 (2015) pp. 3-27
-------- -------- --- Thank You --- -------- --------


++++ PLEASE READ AND CITE THE FOLLOWING REFERENCE ++++
S. Pronk, S. Páll, R. Schulz, P. Larsson, P. Bjelkmar, R. Apostolov, M. R.
Shirts, J. C. Smith, P. M. Kasson, D. van der Spoel, B. Hess, and E. Lindahl
GROMACS 4.5: a high-throughput and highly parallel open source molecular
simulation toolkit
Bioinformatics 29 (2013) pp. 845-54
-------- -------- --- Thank You --- -------- --------


++++ PLEASE READ AND CITE THE FOLLOWING REFERENCE ++++
B. Hess and C. Kutzner and D. van der Spoel and E. Lindahl
GROMACS 4: Algorithms for highly efficient, load-balanced, and scalable
molecular simulation
J. Chem. Theory Comput. 4 (2008) pp. 435-447
-------- -------- --- Thank You --- -------- --------


++++ PLEASE READ AND CITE THE FOLLOWING REFERENCE ++++
D. van der Spoel, E. Lindahl, B. Hess, G. Groenhof, A. E. Mark and H. J. C.
Berendsen
GROMACS: Fast, Flexible and Free
J. Comp. Chem. 26 (2005) pp. 1701-1719
-------- -------- --- Thank You --- -------- --------


++++ PLEASE READ AND CITE THE FOLLOWING REFERENCE ++++
E. Lindahl and B. Hess and D. van der Spoel
GROMACS 3.0: A package for molecular simulation and trajectory analysis
J. Mol. Mod. 7 (2001) pp. 306-317
-------- -------- --- Thank You --- -------- --------


++++ PLEASE READ AND CITE THE FOLLOWING REFERENCE ++++
H. J. C. Berendsen, D. van der Spoel and R. van Drunen
GROMACS: A message-passing parallel molecular dynamics implementation
Comp. Phys. Comm. 91 (1995) pp. 43-56
-------- -------- --- Thank You --- -------- --------

Input Parameters:
   integrator                     = steep
   tinit                          = 0
   dt                             = 0.001
   nsteps                         = 50000
   init-step                      = 0
   simulation-part                = 1
   comm-mode                      = Linear
   nstcomm                        = 100
   bd-fric                        = 0
   ld-seed                        = 1437107866
   emtol                          = 10
   emstep                         = 0.01
   niter                          = 20
   fcstep                         = 0
   nstcgsteep                     = 1000
   nbfgscorr                      = 10
   rtpi                           = 0.05
   nstxout                        = 0
   nstvout                        = 0
   nstfout                        = 0
   nstlog                         = 1000
   nstcalcenergy                  = 100
   nstenergy                      = 1000
   nstxout-compressed             = 0
   compressed-x-precision         = 1000
   cutoff-scheme                  = Group
   nstlist                        = 0
   ns-type                        = Grid
   pbc                            = no
   periodic-molecules             = false
   verlet-buffer-tolerance        = 0.005
   rlist                          = 0
   coulombtype                    = Cut-off
   coulomb-modifier               = None
   rcoulomb-switch                = 0
   rcoulomb                       = 0
   epsilon-r                      = 1
   epsilon-rf                     = inf
   vdw-type                       = Cut-off
   vdw-modifier                   = None
   rvdw-switch                    = 0
   rvdw                           = 0
   DispCorr                       = No
   table-extension                = 1
   fourierspacing                 = 0.12
   fourier-nx                     = 0
   fourier-ny                     = 0
   fourier-nz                     = 0
   pme-order                      = 4
   ewald-rtol                     = 1e-05
   ewald-rtol-lj                  = 0.001
   lj-pme-comb-rule               = Geometric
   ewald-geometry                 = 0
   epsilon-surface                = 0
   implicit-solvent               = No
   gb-algorithm                   = Still
   nstgbradii                     = 1
   rgbradii                       = 1
   gb-epsilon-solvent             = 80
   gb-saltconc                    = 0
   gb-obc-alpha                   = 1
   gb-obc-beta                    = 0.8
   gb-obc-gamma                   = 4.85
   gb-dielectric-offset           = 0.009
   sa-algorithm                   = Ace-approximation
   sa-surface-tension             = 2.05016
   tcoupl                         = No
   nsttcouple                     = -1
   nh-chain-length                = 0
   print-nose-hoover-chain-variables = false
   pcoupl                         = No
   pcoupltype                     = Isotropic
   nstpcouple                     = -1
   tau-p                          = 1
   compressibility (3x3):
      compressibility[    0]={ 0.00000e+00,  0.00000e+00,  0.00000e+00}
      compressibility[    1]={ 0.00000e+00,  0.00000e+00,  0.00000e+00}
      compressibility[    2]={ 0.00000e+00,  0.00000e+00,  0.00000e+00}
   ref-p (3x3):
      ref-p[    0]={ 0.00000e+00,  0.00000e+00,  0.00000e+00}
      ref-p[    1]={ 0.00000e+00,  0.00000e+00,  0.00000e+00}
      ref-p[    2]={ 0.00000e+00,  0.00000e+00,  0.00000e+00}
   refcoord-scaling               = No
   posres-com (3):
      posres-com[0]= 0.00000e+00
      posres-com[1]= 0.00000e+00
      posres-com[2]= 0.00000e+00
   posres-comB (3):
      posres-comB[0]= 0.00000e+00
      posres-comB[1]= 0.00000e+00
      posres-comB[2]= 0.00000e+00
   QMMM                           = false
   QMconstraints                  = 0
   QMMMscheme                     = 0
   MMChargeScaleFactor            = 1
qm-opts:
   ngQM                           = 0
   constraint-algorithm           = Lincs
   continuation                   = false
   Shake-SOR                      = false
   shake-tol                      = 0.0001
   lincs-order                    = 4
   lincs-iter                     = 1
   lincs-warnangle                = 30
   nwall                          = 0
   wall-type                      = 9-3
   wall-r-linpot                  = -1
   wall-atomtype[0]               = -1
   wall-atomtype[1]               = -1
   wall-density[0]                = 0
   wall-density[1]                = 0
   wall-ewald-zfac                = 3
   pull                           = false
   rotation                       = false
   interactiveMD                  = false
   disre                          = No
   disre-weighting                = Conservative
   disre-mixed                    = false
   dr-fc                          = 1000
   dr-tau                         = 0
   nstdisreout                    = 100
   orire-fc                       = 0
   orire-tau                      = 0
   nstorireout                    = 100
   free-energy                    = no
   cos-acceleration               = 0
   deform (3x3):
      deform[    0]={ 0.00000e+00,  0.00000e+00,  0.00000e+00}
      deform[    1]={ 0.00000e+00,  0.00000e+00,  0.00000e+00}
      deform[    2]={ 0.00000e+00,  0.00000e+00,  0.00000e+00}
   simulated-tempering            = false
   E-x:
      n = 0
   E-xt:
      n = 0
   E-y:
      n = 0
   E-yt:
      n = 0
   E-z:
      n = 0
   E-zt:
      n = 0
   swapcoords                     = no
   userint1                       = 0
   userint2                       = 0
   userint3                       = 0
   userint4                       = 0
   userreal1                      = 0
   userreal2                      = 0
   userreal3                      = 0
   userreal4                      = 0
grpopts:
   nrdf:          27
   ref-t:           0
   tau-t:           0
annealing:          No
annealing-npoints:           0
   acc:	           0           0           0
   nfreeze:           N           N           N
   energygrp-flags[  0]: 0


Using SIMD all-vs-all kernels.

Using 1 MPI thread


Your simulation settings would have triggered the efficient all-vs-all
kernels in GROMACS 4.5, but these have not been implemented in GROMACS
4.6 and 5.x. If performance is important, please use GROMACS 4.5.7
or try cutoff-scheme = Verlet.


NOTE: This file uses the deprecated 'group' cutoff_scheme. This will be
removed in a future release when 'verlet' supports all interaction forms.

Table routines are used for coulomb: false
Table routines are used for vdw:     false
Cut-off's:   NS: 1e+18   Coulomb: 1e+18   LJ: 1e+18
System total charge: 0.000
Potential shift: LJ r^-12: 0.000e+00 r^-6: 0.000e+00, Coulomb -0e+00

NOTE: Thread affinity setting failed. This can cause performance degradation.
      If you think your settings are correct, ask on the gmx-users list.

Initiating Steepest Descents
Started Steepest Descents on rank 0 Tue May 14 09:58:45 2019

Steepest Descents:
   Tolerance (Fmax)   =  1.00000e+01
   Number of steps    =        50000

Grid: 2 x 2 x 2 cells
           Step           Time
              0        0.00000

   Energies (kJ/mol)
           Bond          Angle    Proper Dih.  Improper Dih.        LJ (SR)
    1.95813e-01    1.68893e-01   -2.40000e-01    0.00000e+00    0.00000e+00
   Coulomb (SR)      Potential Pressure (bar)
    0.00000e+00    1.24706e-01    0.00000e+00

           Step           Time
              1        1.00000

           Step           Time
              2        2.00000

           Step           Time
              3        3.00000

           Step           Time
              4        4.00000

           Step           Time
              5        5.00000

   Energies (kJ/mol)
           Bond          Angle    Proper Dih.  Improper Dih.        LJ (SR)
    1.86829e-01    2.80216e-02   -2.40000e-01    4.55162e-35    0.00000e+00
   Coulomb (SR)      Potential Pressure (bar)
    0.00000e+00   -2.51499e-02    0.00000e+00

           Step           Time
              6        6.00000

           Step           Time
              7        7.00000

   Energies (kJ/mol)
           Bond          Angle    Proper Dih.  Improper Dih.        LJ (SR)
    3.62422e-02    6.27907e-02   -2.40000e-01    2.58847e-33    0.00000e+00
   Coulomb (SR)      Potential Pressure (bar)
    0.00000e+00   -1.40967e-01    0.00000e+00

           Step           Time
              8        8.00000

           Step           Time
              9        9.00000

   Energies (kJ/mol)
           Bond          Angle    Proper Dih.  Improper Dih.        LJ (SR)
    1.89093e-02    1.81966e-02   -2.40000e-01    1.16607e-33    0.00000e+00
   Coulomb (SR)      Potential Pressure (bar)
    0.00000e+00   -2.02894e-01    0.00000e+00

           Step           Time
             10       10.00000

           Step           Time
             11       11.00000

   Energies (kJ/mol)
           Bond          Angle    Proper Dih.  Improper Dih.        LJ (SR)
    7.90300e-03    2.31444e-02   -2.40000e-01    1.01788e-34    0.00000e+00
   Coulomb (SR)      Potential Pressure (bar)
    0.00000e+00   -2.08953e-01    0.00000e+00

           Step           Time
             12       12.00000

   Energies (kJ/mol)
           Bond          Angle    Proper Dih.  Improper Dih.        LJ (SR)
    2.18578e-02    6.02167e-03   -2.40000e-01    5.12030e-34    0.00000e+00
   Coulomb (SR)      Potential Pressure (bar)
    0.00000e+00   -2.12121e-01    0.00000e+00

           Step           Time
             13       13.00000

           Step           Time
             14       14.00000

   Energies (kJ/mol)
           Bond          Angle    Proper Dih.  Improper Dih.        LJ (SR)
    1.84616e-03    1.05774e-02   -2.40000e-01    4.42877e-34    0.00000e+00
   Coulomb (SR)      Potential Pressure (bar)
    0.00000e+00   -2.27576e-01    0.00000e+00

           Step           Time
             15       15.00000

           Step           Time
             16       16.00000

   Energies (kJ/mol)
           Bond          Angle    Proper Dih.  Improper Dih.        LJ (SR)
    4.34460e-03    5.00728e-03   -2.40000e-01    3.59525e-34    0.00000e+00
   Coulomb (SR)      Potential Pressure (bar)
    0.00000e+00   -2.30648e-01    0.00000e+00

           Step           Time
             17       17.00000

   Energies (kJ/mol)
           Bond          Angle    Proper Dih.  Improper Dih.        LJ (SR)
    1.92857e-03    7.01113e-03   -2.40000e-01    7.41959e-33    0.00000e+00
   Coulomb (SR)      Potential Pressure (bar)
    0.00000e+00   -2.31060e-01    0.00000e+00

           Step           Time
             18       18.00000

   Energies (kJ/mol)
           Bond          Angle    Proper Dih.  Improper Dih.        LJ (SR)
    6.24686e-03    1.66945e-03   -2.40000e-01    3.75032e-33    0.00000e+00
   Coulomb (SR)      Potential Pressure (bar)
    0.00000e+00   -2.32084e-01    0.00000e+00

           Step           Time
             19       19.00000

           Step           Time
             20       20.00000

   Energies (kJ/mol)
           Bond          Angle    Proper Dih.  Improper Dih.        LJ (SR)
    3.76231e-04    3.51660e-03   -2.40000e-01    1.11948e-33    0.00000e+00
   Coulomb (SR)      Potential Pressure (bar)
    0.00000e+00   -2.36107e-01    0.00000e+00

           Step           Time
             21       21.00000

           Step           Time
             22       22.00000

   Energies (kJ/mol)
           Bond          Angle    Proper Dih.  Improper Dih.        LJ (SR)
    1.37263e-03    1.74607e-03   -2.40000e-01    1.89806e-34    0.00000e+00
   Coulomb (SR)      Potential Pressure (bar)
    0.00000e+00   -2.36881e-01    0.00000e+00

           Step           Time
             23       23.00000

   Energies (kJ/mol)
           Bond          Angle    Proper Dih.  Improper Dih.        LJ (SR)
    4.26468e-04    2.61677e-03   -2.40000e-01    1.29039e-34    0.00000e+00
   Coulomb (SR)      Potential Pressure (bar)
    0.00000e+00   -2.36957e-01    0.00000e+00

           Step           Time
             24       24.00000

   Energies (kJ/mol)
           Bond          Angle    Proper Dih.  Improper Dih.        LJ (SR)
    1.92399e-03    7.53378e-04   -2.40000e-01    1.83670e-34    0.00000e+00
   Coulomb (SR)      Potential Pressure (bar)
    0.00000e+00   -2.37323e-01    0.00000e+00

           Step           Time
             25       25.00000

           Step           Time
             26       26.00000

   Energies (kJ/mol)
           Bond          Angle    Proper Dih.  Improper Dih.        LJ (SR)
    1.01739e-04    1.44636e-03   -2.40000e-01    2.59040e-34    0.00000e+00
   Coulomb (SR)      Potential Pressure (bar)
    0.00000e+00   -2.38452e-01    0.00000e+00

           Step           Time
             27       27.00000

           Step           Time
             28       28.00000

   Energies (kJ/mol)
           Bond          Angle    Proper Dih.  Improper Dih.        LJ (SR)
    4.86231e-04    8.04240e-04   -2.40000e-01    2.31497e-34    0.00000e+00
   Coulomb (SR)      Potential Pressure (bar)
    0.00000e+00   -2.38710e-01    0.00000e+00

           Step           Time
             29       29.00000

   Energies (kJ/mol)
           Bond          Angle    Proper Dih.  Improper Dih.        LJ (SR)
    8.68905e-05    1.10761e-03   -2.40000e-01    4.29456e-34    0.00000e+00
   Coulomb (SR)      Potential Pressure (bar)
    0.00000e+00   -2.38805e-01    0.00000e+00

           Step           Time
             30       30.00000

   Energies (kJ/mol)
           Bond          Angle    Proper Dih.  Improper Dih.        LJ (SR)
    6.41401e-04    4.16123e-04   -2.40000e-01    2.54253e-33    0.00000e+00
   Coulomb (SR)      Potential Pressure (bar)
    0.00000e+00   -2.38942e-01    0.00000e+00

           Step           Time
             31       31.00000

           Step           Time
             32       32.00000

   Energies (kJ/mol)
           Bond          Angle    Proper Dih.  Improper Dih.        LJ (SR)
    4.48060e-05    6.63527e-04   -2.40000e-01    6.68527e-34    0.00000e+00
   Coulomb (SR)      Potential Pressure (bar)
    0.00000e+00   -2.39292e-01    0.00000e+00


Steepest Descents converged to Fmax < 10 in 33 steps
Potential Energy  = -2.39291666917810e-01
Maximum force     =  5.28169111731578e+00 on atom 1
Norm of force     =  3.91138780045914e+00

Simulation ended prematurely, no performance report will be written.
Finished mdrun on rank 0 Tue May 14 09:58:45 2019
