        23   3256.8    24   3246.1       0.983    10.7
        24   3257.2    23   3245.6       0.981    11.5
        22   3165.8    22   3164.4       0.706     1.4
        21   3158.0    21   3163.1       0.893    -5.1
        19   3144.0    20   3156.6       0.904   -12.6
        20   3147.6    19   3146.2       0.722     1.5
        18   1787.0    18   1729.3       0.992    57.7
        17   1673.8    17   1676.5       0.977    -2.8
        16   1505.0    16   1496.1       0.990     8.9
        15   1424.0    15   1435.1       0.828   -11.1
        13   1245.7    14   1331.3       0.832   -85.6
        14   1275.6    13   1329.4       0.892   -53.8
        12   1129.3    12   1240.2       0.893  -110.9
        11   1068.4    11   1064.7       0.963     3.7
        10   1046.4    10   1010.8       0.988    35.6
         9   1032.3     9   1003.4       0.888    28.8
         8    922.3     8    931.8       0.841    -9.5
         7    916.4     7    927.8       0.963   -11.4
         6    871.1     6    907.1       0.950   -36.0
         5    738.0     5    781.7       0.951   -43.6
         4    577.7     4    539.7       0.998    38.0
         3    502.1     3    515.8       0.971   -13.7
         2    357.8     2    295.6       1.000    62.2
         1    119.7     1    177.1       0.999   -57.4

