Log file opened on Tue May 14 15:14:29 2019
Host: cerezouni.inf.um.es  pid: 6714  rank ID: 0  number of ranks:  1
             :-) GROMACS - gmx mdrun, 2016.4 (double precision) (-:

                            GROMACS is written by:
     Emile Apol      Rossen Apostolov  Herman J.C. Berendsen    Par Bjelkmar   
 Aldert van Buuren   Rudi van Drunen     Anton Feenstra    Gerrit Groenhof  
 Christoph Junghans   Anca Hamuraru    Vincent Hindriksen Dimitrios Karkoulis
    Peter Kasson        Jiri Kraus      Carsten Kutzner      Per Larsson    
  Justin A. Lemkul   Magnus Lundborg   Pieter Meulenhoff    Erik Marklund   
   Teemu Murtola       Szilard Pall       Sander Pronk      Roland Schulz   
  Alexey Shvetsov     Michael Shirts     Alfons Sijbers     Peter Tieleman  
  Teemu Virolainen  Christian Wennberg    Maarten Wolf   
                           and the project leaders:
        Mark Abraham, Berk Hess, Erik Lindahl, and David van der Spoel

Copyright (c) 1991-2000, University of Groningen, The Netherlands.
Copyright (c) 2001-2017, The GROMACS development team at
Uppsala University, Stockholm University and
the Royal Institute of Technology, Sweden.
check out http://www.gromacs.org for more information.

GROMACS is free software; you can redistribute it and/or modify it
under the terms of the GNU Lesser General Public License
as published by the Free Software Foundation; either version 2.1
of the License, or (at your option) any later version.

GROMACS:      gmx mdrun, version 2016.4 (double precision)
Executable:   /opt/Gromacs/gromacs-2016.4/bin/gmx_d
Data prefix:  /opt/Gromacs/gromacs-2016.4
Working dir:  /home/sonatak/Butadiene/butadiene_gasphase/600K/prod
Command line:
  gmx_d mdrun -deffnm nvt

GROMACS version:    2016.4
Precision:          double
Memory model:       64 bit
MPI library:        thread_mpi
OpenMP support:     enabled (GMX_OPENMP_MAX_THREADS = 32)
GPU support:        disabled
SIMD instructions:  AVX2_256
FFT library:        fftw-3.3.4-sse2-avx
RDTSCP usage:       enabled
TNG support:        enabled
Hwloc support:      hwloc-1.11.0
Tracing support:    disabled
Built on:           lun feb  5 12:31:39 CET 2018
Built by:           cerezo@cerezouni [CMAKE]
Build OS/arch:      Linux 4.4.0-112-generic x86_64
Build CPU vendor:   Intel
Build CPU brand:    Intel(R) Core(TM) i7-4790 CPU @ 3.60GHz
Build CPU family:   6   Model: 60   Stepping: 3
Build CPU features: aes apic avx avx2 clfsh cmov cx8 cx16 f16c fma htt lahf mmx msr nonstop_tsc pcid pclmuldq pdcm pdpe1gb popcnt pse rdrnd rdtscp sse2 sse3 sse4.1 sse4.2 ssse3 tdt x2apic
C compiler:         /usr/bin/cc GNU 5.4.0
C compiler flags:    -march=core-avx2     -O3 -DNDEBUG -funroll-all-loops -fexcess-precision=fast  
C++ compiler:       /usr/bin/c++ GNU 5.4.0
C++ compiler flags:  -march=core-avx2    -std=c++0x   -O3 -DNDEBUG -funroll-all-loops -fexcess-precision=fast  


Running on 1 node with total 4 cores, 8 logical cores
Hardware detected:
  CPU info:
    Vendor: Intel
    Brand:  Intel(R) Core(TM) i7-4790 CPU @ 3.60GHz
    Family: 6   Model: 60   Stepping: 3
    Features: aes apic avx avx2 clfsh cmov cx8 cx16 f16c fma htt lahf mmx msr nonstop_tsc pcid pclmuldq pdcm pdpe1gb popcnt pse rdrnd rdtscp sse2 sse3 sse4.1 sse4.2 ssse3 tdt x2apic
    SIMD instructions most likely to fit this hardware: AVX2_256
    SIMD instructions selected at GROMACS compile time: AVX2_256

  Hardware topology: Full, with devices
    Sockets, cores, and logical processors:
      Socket  0: [   0   4] [   1   5] [   2   6] [   3   7]
    Numa nodes:
      Node  0 (33679306752 bytes mem):   0   1   2   3   4   5   6   7
      Latency:
               0
         0  1.00
    Caches:
      L1: 32768 bytes, linesize 64 bytes, assoc. 8, shared 2 ways
      L2: 262144 bytes, linesize 64 bytes, assoc. 8, shared 2 ways
      L3: 8388608 bytes, linesize 64 bytes, assoc. 16, shared 8 ways
    PCI devices:
      0000:01:00.0  Id: 10de:104a  Class: 0x0300  Numa: 0
      0000:00:19.0  Id: 8086:15a1  Class: 0x0200  Numa: 0
      0000:00:1f.2  Id: 8086:8c82  Class: 0x0106  Numa: 0


++++ PLEASE READ AND CITE THE FOLLOWING REFERENCE ++++
M. J. Abraham, T. Murtola, R. Schulz, S. Páll, J. C. Smith, B. Hess, E.
Lindahl
GROMACS: High performance molecular simulations through multi-level
parallelism from laptops to supercomputers
SoftwareX 1 (2015) pp. 19-25
-------- -------- --- Thank You --- -------- --------


++++ PLEASE READ AND CITE THE FOLLOWING REFERENCE ++++
S. Páll, M. J. Abraham, C. Kutzner, B. Hess, E. Lindahl
Tackling Exascale Software Challenges in Molecular Dynamics Simulations with
GROMACS
In S. Markidis & E. Laure (Eds.), Solving Software Challenges for Exascale 8759 (2015) pp. 3-27
-------- -------- --- Thank You --- -------- --------


++++ PLEASE READ AND CITE THE FOLLOWING REFERENCE ++++
S. Pronk, S. Páll, R. Schulz, P. Larsson, P. Bjelkmar, R. Apostolov, M. R.
Shirts, J. C. Smith, P. M. Kasson, D. van der Spoel, B. Hess, and E. Lindahl
GROMACS 4.5: a high-throughput and highly parallel open source molecular
simulation toolkit
Bioinformatics 29 (2013) pp. 845-54
-------- -------- --- Thank You --- -------- --------


++++ PLEASE READ AND CITE THE FOLLOWING REFERENCE ++++
B. Hess and C. Kutzner and D. van der Spoel and E. Lindahl
GROMACS 4: Algorithms for highly efficient, load-balanced, and scalable
molecular simulation
J. Chem. Theory Comput. 4 (2008) pp. 435-447
-------- -------- --- Thank You --- -------- --------


++++ PLEASE READ AND CITE THE FOLLOWING REFERENCE ++++
D. van der Spoel, E. Lindahl, B. Hess, G. Groenhof, A. E. Mark and H. J. C.
Berendsen
GROMACS: Fast, Flexible and Free
J. Comp. Chem. 26 (2005) pp. 1701-1719
-------- -------- --- Thank You --- -------- --------


++++ PLEASE READ AND CITE THE FOLLOWING REFERENCE ++++
E. Lindahl and B. Hess and D. van der Spoel
GROMACS 3.0: A package for molecular simulation and trajectory analysis
J. Mol. Mod. 7 (2001) pp. 306-317
-------- -------- --- Thank You --- -------- --------


++++ PLEASE READ AND CITE THE FOLLOWING REFERENCE ++++
H. J. C. Berendsen, D. van der Spoel and R. van Drunen
GROMACS: A message-passing parallel molecular dynamics implementation
Comp. Phys. Comm. 91 (1995) pp. 43-56
-------- -------- --- Thank You --- -------- --------

Input Parameters:
   integrator                     = md
   tinit                          = 0
   dt                             = 0.002
   nsteps                         = 500000
   init-step                      = 0
   simulation-part                = 1
   comm-mode                      = Linear
   nstcomm                        = 100
   bd-fric                        = 0
   ld-seed                        = -959155895
   emtol                          = 10
   emstep                         = 0.01
   niter                          = 20
   fcstep                         = 0
   nstcgsteep                     = 1000
   nbfgscorr                      = 10
   rtpi                           = 0.05
   nstxout                        = 5000
   nstvout                        = 0
   nstfout                        = 0
   nstlog                         = 5000
   nstcalcenergy                  = 100
   nstenergy                      = 1000
   nstxout-compressed             = 0
   compressed-x-precision         = 1000
   cutoff-scheme                  = Group
   nstlist                        = 0
   ns-type                        = Grid
   pbc                            = no
   periodic-molecules             = false
   verlet-buffer-tolerance        = 0.005
   rlist                          = 0
   coulombtype                    = Cut-off
   coulomb-modifier               = None
   rcoulomb-switch                = 0
   rcoulomb                       = 0
   epsilon-r                      = 1
   epsilon-rf                     = inf
   vdw-type                       = Cut-off
   vdw-modifier                   = None
   rvdw-switch                    = 0
   rvdw                           = 0
   DispCorr                       = No
   table-extension                = 1
   fourierspacing                 = 0.12
   fourier-nx                     = 0
   fourier-ny                     = 0
   fourier-nz                     = 0
   pme-order                      = 4
   ewald-rtol                     = 1e-05
   ewald-rtol-lj                  = 0.001
   lj-pme-comb-rule               = Geometric
   ewald-geometry                 = 0
   epsilon-surface                = 0
   implicit-solvent               = No
   gb-algorithm                   = Still
   nstgbradii                     = 1
   rgbradii                       = 1
   gb-epsilon-solvent             = 80
   gb-saltconc                    = 0
   gb-obc-alpha                   = 1
   gb-obc-beta                    = 0.8
   gb-obc-gamma                   = 4.85
   gb-dielectric-offset           = 0.009
   sa-algorithm                   = Ace-approximation
   sa-surface-tension             = 2.05016
   tcoupl                         = V-rescale
   nsttcouple                     = 10
   nh-chain-length                = 0
   print-nose-hoover-chain-variables = false
   pcoupl                         = No
   pcoupltype                     = Isotropic
   nstpcouple                     = -1
   tau-p                          = 1
   compressibility (3x3):
      compressibility[    0]={ 0.00000e+00,  0.00000e+00,  0.00000e+00}
      compressibility[    1]={ 0.00000e+00,  0.00000e+00,  0.00000e+00}
      compressibility[    2]={ 0.00000e+00,  0.00000e+00,  0.00000e+00}
   ref-p (3x3):
      ref-p[    0]={ 0.00000e+00,  0.00000e+00,  0.00000e+00}
      ref-p[    1]={ 0.00000e+00,  0.00000e+00,  0.00000e+00}
      ref-p[    2]={ 0.00000e+00,  0.00000e+00,  0.00000e+00}
   refcoord-scaling               = No
   posres-com (3):
      posres-com[0]= 0.00000e+00
      posres-com[1]= 0.00000e+00
      posres-com[2]= 0.00000e+00
   posres-comB (3):
      posres-comB[0]= 0.00000e+00
      posres-comB[1]= 0.00000e+00
      posres-comB[2]= 0.00000e+00
   QMMM                           = false
   QMconstraints                  = 0
   QMMMscheme                     = 0
   MMChargeScaleFactor            = 1
qm-opts:
   ngQM                           = 0
   constraint-algorithm           = Lincs
   continuation                   = true
   Shake-SOR                      = false
   shake-tol                      = 0.0001
   lincs-order                    = 4
   lincs-iter                     = 1
   lincs-warnangle                = 30
   nwall                          = 0
   wall-type                      = 9-3
   wall-r-linpot                  = -1
   wall-atomtype[0]               = -1
   wall-atomtype[1]               = -1
   wall-density[0]                = 0
   wall-density[1]                = 0
   wall-ewald-zfac                = 3
   pull                           = false
   rotation                       = false
   interactiveMD                  = false
   disre                          = No
   disre-weighting                = Conservative
   disre-mixed                    = false
   dr-fc                          = 1000
   dr-tau                         = 0
   nstdisreout                    = 100
   orire-fc                       = 0
   orire-tau                      = 0
   nstorireout                    = 100
   free-energy                    = no
   cos-acceleration               = 0
   deform (3x3):
      deform[    0]={ 0.00000e+00,  0.00000e+00,  0.00000e+00}
      deform[    1]={ 0.00000e+00,  0.00000e+00,  0.00000e+00}
      deform[    2]={ 0.00000e+00,  0.00000e+00,  0.00000e+00}
   simulated-tempering            = false
   E-x:
      n = 0
   E-xt:
      n = 0
   E-y:
      n = 0
   E-yt:
      n = 0
   E-z:
      n = 0
   E-zt:
      n = 0
   swapcoords                     = no
   userint1                       = 0
   userint2                       = 0
   userint3                       = 0
   userint4                       = 0
   userreal1                      = 0
   userreal2                      = 0
   userreal3                      = 0
   userreal4                      = 0
grpopts:
   nrdf:          27
   ref-t:         600
   tau-t:         0.1
annealing:          No
annealing-npoints:           0
   acc:	           0           0           0
   nfreeze:           N           N           N
   energygrp-flags[  0]: 0


Using SIMD all-vs-all kernels.

Using 1 MPI thread


Your simulation settings would have triggered the efficient all-vs-all
kernels in GROMACS 4.5, but these have not been implemented in GROMACS
4.6 and 5.x. If performance is important, please use GROMACS 4.5.7
or try cutoff-scheme = Verlet.


NOTE: This file uses the deprecated 'group' cutoff_scheme. This will be
removed in a future release when 'verlet' supports all interaction forms.

Table routines are used for coulomb: false
Table routines are used for vdw:     false
Cut-off's:   NS: 1e+18   Coulomb: 1e+18   LJ: 1e+18
System total charge: 0.000
Potential shift: LJ r^-12: 0.000e+00 r^-6: 0.000e+00, Coulomb -0e+00

NOTE: Thread affinity setting failed. This can cause performance degradation.
      If you think your settings are correct, ask on the gmx-users list.

Intra-simulation communication will occur every 10 steps.
Center of mass motion removal mode is Linear
We have the following groups for center of mass motion removal:
  0:  rest

++++ PLEASE READ AND CITE THE FOLLOWING REFERENCE ++++
G. Bussi, D. Donadio and M. Parrinello
Canonical sampling through velocity rescaling
J. Chem. Phys. 126 (2007) pp. 014101
-------- -------- --- Thank You --- -------- --------

There are: 10 Atoms

Started mdrun on rank 0 Tue May 14 15:14:29 2019
           Step           Time
              0        0.00000


Grid: 2 x 2 x 2 cells
   Energies (kJ/mol)
           Bond          Angle    Proper Dih.  Improper Dih.        LJ (SR)
    1.38238e+01    1.06886e+01    1.58709e+01    1.95764e+00    0.00000e+00
   Coulomb (SR)      Potential    Kinetic En.   Total Energy  Conserved En.
    0.00000e+00    4.23410e+01    5.60934e+01    9.84344e+01    9.84344e+01
    Temperature Pressure (bar)
    4.99739e+02    0.00000e+00

           Step           Time
           5000       10.00000

   Energies (kJ/mol)
           Bond          Angle    Proper Dih.  Improper Dih.        LJ (SR)
    2.94656e+00    1.01248e+01    1.34868e+01    2.80820e+00    0.00000e+00
   Coulomb (SR)      Potential    Kinetic En.   Total Energy  Conserved En.
    0.00000e+00    2.93663e+01    5.23219e+01    8.16883e+01    1.21826e+02
    Temperature Pressure (bar)
    4.66139e+02    0.00000e+00

           Step           Time
          10000       20.00000

   Energies (kJ/mol)
           Bond          Angle    Proper Dih.  Improper Dih.        LJ (SR)
    3.21537e+01    2.22844e+01    1.85410e+01    5.98465e-01    0.00000e+00
   Coulomb (SR)      Potential    Kinetic En.   Total Energy  Conserved En.
    0.00000e+00    7.35776e+01    6.73334e+01    1.40911e+02    1.91047e+02
    Temperature Pressure (bar)
    5.99878e+02    0.00000e+00

           Step           Time
          15000       30.00000

   Energies (kJ/mol)
           Bond          Angle    Proper Dih.  Improper Dih.        LJ (SR)
    1.16239e+01    1.38822e+01    1.90194e+01    2.13937e+00    0.00000e+00
   Coulomb (SR)      Potential    Kinetic En.   Total Energy  Conserved En.
    0.00000e+00    4.66649e+01    4.72072e+01    9.38721e+01    2.17738e+02
    Temperature Pressure (bar)
    4.20572e+02    0.00000e+00

           Step           Time
          20000       40.00000

   Energies (kJ/mol)
           Bond          Angle    Proper Dih.  Improper Dih.        LJ (SR)
    2.22040e+01    2.50635e+01    1.09716e+01    4.41157e+00    0.00000e+00
   Coulomb (SR)      Potential    Kinetic En.   Total Energy  Conserved En.
    0.00000e+00    6.26506e+01    5.00148e+01    1.12665e+02    2.45104e+02
    Temperature Pressure (bar)
    4.45585e+02    0.00000e+00

           Step           Time
          25000       50.00000

   Energies (kJ/mol)
           Bond          Angle    Proper Dih.  Improper Dih.        LJ (SR)
    1.64387e+01    1.42895e+01    9.50654e+00    1.16273e+00    0.00000e+00
   Coulomb (SR)      Potential    Kinetic En.   Total Energy  Conserved En.
    0.00000e+00    4.13974e+01    6.98847e+01    1.11282e+02    3.08825e+02
    Temperature Pressure (bar)
    6.22607e+02    0.00000e+00

           Step           Time
          30000       60.00000

   Energies (kJ/mol)
           Bond          Angle    Proper Dih.  Improper Dih.        LJ (SR)
    2.07842e+01    1.40406e+01    7.43186e+00    4.46901e-01    0.00000e+00
   Coulomb (SR)      Potential    Kinetic En.   Total Energy  Conserved En.
    0.00000e+00    4.27036e+01    6.57091e+01    1.08413e+02    4.14943e+02
    Temperature Pressure (bar)
    5.85407e+02    0.00000e+00

           Step           Time
          35000       70.00000

   Energies (kJ/mol)
           Bond          Angle    Proper Dih.  Improper Dih.        LJ (SR)
    1.75915e+01    1.40433e+01    8.89682e+00    6.79703e-01    0.00000e+00
   Coulomb (SR)      Potential    Kinetic En.   Total Energy  Conserved En.
    0.00000e+00    4.12113e+01    8.54601e+01    1.26671e+02    4.81988e+02
    Temperature Pressure (bar)
    7.61370e+02    0.00000e+00

           Step           Time
          40000       80.00000

   Energies (kJ/mol)
           Bond          Angle    Proper Dih.  Improper Dih.        LJ (SR)
    2.61490e+01    3.50687e+01    3.51588e+01    7.00468e+00    0.00000e+00
   Coulomb (SR)      Potential    Kinetic En.   Total Energy  Conserved En.
    0.00000e+00    1.03381e+02    5.22145e+01    1.55596e+02    5.73787e+02
    Temperature Pressure (bar)
    4.65182e+02    0.00000e+00

           Step           Time
          45000       90.00000

   Energies (kJ/mol)
           Bond          Angle    Proper Dih.  Improper Dih.        LJ (SR)
    4.02400e+01    1.38690e+01    1.27911e+01    1.93521e+00    0.00000e+00
   Coulomb (SR)      Potential    Kinetic En.   Total Energy  Conserved En.
    0.00000e+00    6.88353e+01    4.70893e+01    1.15925e+02    6.27671e+02
    Temperature Pressure (bar)
    4.19522e+02    0.00000e+00

           Step           Time
          50000      100.00000

   Energies (kJ/mol)
           Bond          Angle    Proper Dih.  Improper Dih.        LJ (SR)
    4.22153e+01    2.49529e+01    1.31974e+01    1.23352e+00    0.00000e+00
   Coulomb (SR)      Potential    Kinetic En.   Total Energy  Conserved En.
    0.00000e+00    8.15991e+01    5.44735e+01    1.36073e+02    6.47720e+02
    Temperature Pressure (bar)
    4.85308e+02    0.00000e+00

           Step           Time
          55000      110.00000

   Energies (kJ/mol)
           Bond          Angle    Proper Dih.  Improper Dih.        LJ (SR)
    4.65525e+01    2.26353e+01    1.64128e+01    2.69205e+00    0.00000e+00
   Coulomb (SR)      Potential    Kinetic En.   Total Energy  Conserved En.
    0.00000e+00    8.82927e+01    1.09570e+02    1.97863e+02    7.16072e+02
    Temperature Pressure (bar)
    9.76169e+02    0.00000e+00

           Step           Time
          60000      120.00000

   Energies (kJ/mol)
           Bond          Angle    Proper Dih.  Improper Dih.        LJ (SR)
    3.00385e+01    2.33323e+01    3.35223e+01    2.83743e+00    0.00000e+00
   Coulomb (SR)      Potential    Kinetic En.   Total Energy  Conserved En.
    0.00000e+00    8.97305e+01    6.85937e+01    1.58324e+02    7.57620e+02
    Temperature Pressure (bar)
    6.11106e+02    0.00000e+00

           Step           Time
          65000      130.00000

   Energies (kJ/mol)
           Bond          Angle    Proper Dih.  Improper Dih.        LJ (SR)
    3.44851e+01    2.58464e+01    1.93542e+01    8.62789e-01    0.00000e+00
   Coulomb (SR)      Potential    Kinetic En.   Total Energy  Conserved En.
    0.00000e+00    8.05484e+01    7.35847e+01    1.54133e+02    8.18252e+02
    Temperature Pressure (bar)
    6.55571e+02    0.00000e+00

           Step           Time
          70000      140.00000

   Energies (kJ/mol)
           Bond          Angle    Proper Dih.  Improper Dih.        LJ (SR)
    2.83568e+01    1.30649e+01    2.27245e+01    1.42169e+00    0.00000e+00
   Coulomb (SR)      Potential    Kinetic En.   Total Energy  Conserved En.
    0.00000e+00    6.55678e+01    9.27929e+01    1.58361e+02    8.46610e+02
    Temperature Pressure (bar)
    8.26698e+02    0.00000e+00

           Step           Time
          75000      150.00000

   Energies (kJ/mol)
           Bond          Angle    Proper Dih.  Improper Dih.        LJ (SR)
    2.51897e+01    2.06995e+01    2.65793e+01    2.54978e+00    0.00000e+00
   Coulomb (SR)      Potential    Kinetic En.   Total Energy  Conserved En.
    0.00000e+00    7.50183e+01    6.21753e+01    1.37194e+02    8.77749e+02
    Temperature Pressure (bar)
    5.53923e+02    0.00000e+00

           Step           Time
          80000      160.00000

   Energies (kJ/mol)
           Bond          Angle    Proper Dih.  Improper Dih.        LJ (SR)
    3.33194e+01    3.18400e+01    2.97501e+01    5.90997e+00    0.00000e+00
   Coulomb (SR)      Potential    Kinetic En.   Total Energy  Conserved En.
    0.00000e+00    1.00819e+02    9.27969e+01    1.93616e+02    9.60077e+02
    Temperature Pressure (bar)
    8.26733e+02    0.00000e+00

           Step           Time
          85000      170.00000

   Energies (kJ/mol)
           Bond          Angle    Proper Dih.  Improper Dih.        LJ (SR)
    1.56413e+01    1.56467e+01    2.20063e+01    2.01779e+00    0.00000e+00
   Coulomb (SR)      Potential    Kinetic En.   Total Energy  Conserved En.
    0.00000e+00    5.53121e+01    5.19355e+01    1.07248e+02    9.89122e+02
    Temperature Pressure (bar)
    4.62697e+02    0.00000e+00

           Step           Time
          90000      180.00000

   Energies (kJ/mol)
           Bond          Angle    Proper Dih.  Improper Dih.        LJ (SR)
    4.06711e+01    8.55988e+00    3.54958e+01    2.88762e+00    0.00000e+00
   Coulomb (SR)      Potential    Kinetic En.   Total Energy  Conserved En.
    0.00000e+00    8.76144e+01    5.19046e+01    1.39519e+02    1.04619e+03
    Temperature Pressure (bar)
    4.62421e+02    0.00000e+00

           Step           Time
          95000      190.00000

   Energies (kJ/mol)
           Bond          Angle    Proper Dih.  Improper Dih.        LJ (SR)
    1.57008e+01    1.37544e+01    3.15451e+01    2.32599e+00    0.00000e+00
   Coulomb (SR)      Potential    Kinetic En.   Total Energy  Conserved En.
    0.00000e+00    6.33263e+01    8.36435e+01    1.46970e+02    1.03992e+03
    Temperature Pressure (bar)
    7.45185e+02    0.00000e+00

           Step           Time
         100000      200.00000

   Energies (kJ/mol)
           Bond          Angle    Proper Dih.  Improper Dih.        LJ (SR)
    3.11526e+01    7.41496e+00    2.13863e+01    3.23646e+00    0.00000e+00
   Coulomb (SR)      Potential    Kinetic En.   Total Energy  Conserved En.
    0.00000e+00    6.31904e+01    8.30364e+01    1.46227e+02    1.10168e+03
    Temperature Pressure (bar)
    7.39777e+02    0.00000e+00

           Step           Time
         105000      210.00000

   Energies (kJ/mol)
           Bond          Angle    Proper Dih.  Improper Dih.        LJ (SR)
    5.06086e+01    1.05972e+01    7.02811e+00    8.80730e-01    0.00000e+00
   Coulomb (SR)      Potential    Kinetic En.   Total Energy  Conserved En.
    0.00000e+00    6.91146e+01    4.80614e+01    1.17176e+02    1.14138e+03
    Temperature Pressure (bar)
    4.28182e+02    0.00000e+00

           Step           Time
         110000      220.00000

   Energies (kJ/mol)
           Bond          Angle    Proper Dih.  Improper Dih.        LJ (SR)
    2.29393e+01    2.51152e+01    7.70582e+00    1.12814e+00    0.00000e+00
   Coulomb (SR)      Potential    Kinetic En.   Total Energy  Conserved En.
    0.00000e+00    5.68884e+01    7.55033e+01    1.32392e+02    1.21455e+03
    Temperature Pressure (bar)
    6.72663e+02    0.00000e+00

           Step           Time
         115000      230.00000

   Energies (kJ/mol)
           Bond          Angle    Proper Dih.  Improper Dih.        LJ (SR)
    3.75128e+01    2.58443e+01    1.36159e+01    8.48863e-01    0.00000e+00
   Coulomb (SR)      Potential    Kinetic En.   Total Energy  Conserved En.
    0.00000e+00    7.78218e+01    6.74670e+01    1.45289e+02    1.23911e+03
    Temperature Pressure (bar)
    6.01068e+02    0.00000e+00

           Step           Time
         120000      240.00000

   Energies (kJ/mol)
           Bond          Angle    Proper Dih.  Improper Dih.        LJ (SR)
    3.60832e+01    1.32559e+01    1.55371e+01    3.08059e+00    0.00000e+00
   Coulomb (SR)      Potential    Kinetic En.   Total Energy  Conserved En.
    0.00000e+00    6.79568e+01    7.41938e+01    1.42151e+02    1.25797e+03
    Temperature Pressure (bar)
    6.60997e+02    0.00000e+00

           Step           Time
         125000      250.00000

   Energies (kJ/mol)
           Bond          Angle    Proper Dih.  Improper Dih.        LJ (SR)
    1.92308e+01    2.37625e+01    1.62250e+01    4.93389e+00    0.00000e+00
   Coulomb (SR)      Potential    Kinetic En.   Total Energy  Conserved En.
    0.00000e+00    6.41522e+01    5.41687e+01    1.18321e+02    1.27409e+03
    Temperature Pressure (bar)
    4.82593e+02    0.00000e+00

           Step           Time
         130000      260.00000

   Energies (kJ/mol)
           Bond          Angle    Proper Dih.  Improper Dih.        LJ (SR)
    3.66132e+01    3.88277e+01    1.02959e+01    1.30698e+00    0.00000e+00
   Coulomb (SR)      Potential    Kinetic En.   Total Energy  Conserved En.
    0.00000e+00    8.70438e+01    8.87341e+01    1.75778e+02    1.31217e+03
    Temperature Pressure (bar)
    7.90537e+02    0.00000e+00

           Step           Time
         135000      270.00000

   Energies (kJ/mol)
           Bond          Angle    Proper Dih.  Improper Dih.        LJ (SR)
    3.10235e+01    1.23622e+01    3.28590e+01    5.17252e+00    0.00000e+00
   Coulomb (SR)      Potential    Kinetic En.   Total Energy  Conserved En.
    0.00000e+00    8.14173e+01    6.73203e+01    1.48738e+02    1.36842e+03
    Temperature Pressure (bar)
    5.99761e+02    0.00000e+00

           Step           Time
         140000      280.00000

   Energies (kJ/mol)
           Bond          Angle    Proper Dih.  Improper Dih.        LJ (SR)
    2.92117e+01    1.80353e+01    2.58858e+01    3.01765e+00    0.00000e+00
   Coulomb (SR)      Potential    Kinetic En.   Total Energy  Conserved En.
    0.00000e+00    7.61504e+01    5.66458e+01    1.32796e+02    1.45655e+03
    Temperature Pressure (bar)
    5.04661e+02    0.00000e+00

           Step           Time
         145000      290.00000

   Energies (kJ/mol)
           Bond          Angle    Proper Dih.  Improper Dih.        LJ (SR)
    3.94390e+01    2.69757e+01    1.76389e+01    6.28047e-01    0.00000e+00
   Coulomb (SR)      Potential    Kinetic En.   Total Energy  Conserved En.
    0.00000e+00    8.46816e+01    6.56910e+01    1.50373e+02    1.47419e+03
    Temperature Pressure (bar)
    5.85246e+02    0.00000e+00

           Step           Time
         150000      300.00000

   Energies (kJ/mol)
           Bond          Angle    Proper Dih.  Improper Dih.        LJ (SR)
    4.19812e+01    2.62005e+01    1.97899e+01    1.72256e+00    0.00000e+00
   Coulomb (SR)      Potential    Kinetic En.   Total Energy  Conserved En.
    0.00000e+00    8.96941e+01    8.72667e+01    1.76961e+02    1.51861e+03
    Temperature Pressure (bar)
    7.77465e+02    0.00000e+00

           Step           Time
         155000      310.00000

   Energies (kJ/mol)
           Bond          Angle    Proper Dih.  Improper Dih.        LJ (SR)
    5.81947e+01    2.09645e+01    1.04839e+01    1.78752e+00    0.00000e+00
   Coulomb (SR)      Potential    Kinetic En.   Total Energy  Conserved En.
    0.00000e+00    9.14307e+01    5.28521e+01    1.44283e+02    1.58290e+03
    Temperature Pressure (bar)
    4.70863e+02    0.00000e+00

           Step           Time
         160000      320.00000

   Energies (kJ/mol)
           Bond          Angle    Proper Dih.  Improper Dih.        LJ (SR)
    2.35864e+01    1.46526e+01    1.85688e+01    2.64893e+00    0.00000e+00
   Coulomb (SR)      Potential    Kinetic En.   Total Energy  Conserved En.
    0.00000e+00    5.94568e+01    6.49111e+01    1.24368e+02    1.58226e+03
    Temperature Pressure (bar)
    5.78297e+02    0.00000e+00

           Step           Time
         165000      330.00000

   Energies (kJ/mol)
           Bond          Angle    Proper Dih.  Improper Dih.        LJ (SR)
    4.07981e+01    1.32914e+01    1.25528e+01    2.57436e+00    0.00000e+00
   Coulomb (SR)      Potential    Kinetic En.   Total Energy  Conserved En.
    0.00000e+00    6.92167e+01    7.90332e+01    1.48250e+02    1.63653e+03
    Temperature Pressure (bar)
    7.04111e+02    0.00000e+00

           Step           Time
         170000      340.00000

   Energies (kJ/mol)
           Bond          Angle    Proper Dih.  Improper Dih.        LJ (SR)
    3.21741e+01    1.50045e+01    9.60517e+00    1.52713e+00    0.00000e+00
   Coulomb (SR)      Potential    Kinetic En.   Total Energy  Conserved En.
    0.00000e+00    5.83109e+01    5.82776e+01    1.16588e+02    1.70756e+03
    Temperature Pressure (bar)
    5.19199e+02    0.00000e+00

           Step           Time
         175000      350.00000

   Energies (kJ/mol)
           Bond          Angle    Proper Dih.  Improper Dih.        LJ (SR)
    3.15428e+01    1.29331e+01    1.39691e+01    3.19154e+00    0.00000e+00
   Coulomb (SR)      Potential    Kinetic En.   Total Energy  Conserved En.
    0.00000e+00    6.16366e+01    4.07291e+01    1.02366e+02    1.77228e+03
    Temperature Pressure (bar)
    3.62858e+02    0.00000e+00

           Step           Time
         180000      360.00000

   Energies (kJ/mol)
           Bond          Angle    Proper Dih.  Improper Dih.        LJ (SR)
    5.81003e+00    2.05250e+01    1.15599e+01    1.10353e+00    0.00000e+00
   Coulomb (SR)      Potential    Kinetic En.   Total Energy  Conserved En.
    0.00000e+00    3.89985e+01    6.37180e+01    1.02717e+02    1.81530e+03
    Temperature Pressure (bar)
    5.67668e+02    0.00000e+00

           Step           Time
         185000      370.00000

   Energies (kJ/mol)
           Bond          Angle    Proper Dih.  Improper Dih.        LJ (SR)
    4.04096e+01    1.49283e+01    2.73604e+01    2.14403e+00    0.00000e+00
   Coulomb (SR)      Potential    Kinetic En.   Total Energy  Conserved En.
    0.00000e+00    8.48424e+01    4.95666e+01    1.34409e+02    1.87185e+03
    Temperature Pressure (bar)
    4.41592e+02    0.00000e+00

           Step           Time
         190000      380.00000

   Energies (kJ/mol)
           Bond          Angle    Proper Dih.  Improper Dih.        LJ (SR)
    1.62830e+01    5.58121e+00    1.14665e+01    2.33014e+00    0.00000e+00
   Coulomb (SR)      Potential    Kinetic En.   Total Energy  Conserved En.
    0.00000e+00    3.56608e+01    4.35136e+01    7.91745e+01    1.89186e+03
    Temperature Pressure (bar)
    3.87666e+02    0.00000e+00

           Step           Time
         195000      390.00000

   Energies (kJ/mol)
           Bond          Angle    Proper Dih.  Improper Dih.        LJ (SR)
    3.20197e+01    1.81867e+01    7.32696e+00    1.39978e-01    0.00000e+00
   Coulomb (SR)      Potential    Kinetic En.   Total Energy  Conserved En.
    0.00000e+00    5.76734e+01    5.04136e+01    1.08087e+02    1.93807e+03
    Temperature Pressure (bar)
    4.49138e+02    0.00000e+00

           Step           Time
         200000      400.00000

   Energies (kJ/mol)
           Bond          Angle    Proper Dih.  Improper Dih.        LJ (SR)
    3.90913e+01    6.70732e+01    2.22054e+01    2.51453e+00    0.00000e+00
   Coulomb (SR)      Potential    Kinetic En.   Total Energy  Conserved En.
    0.00000e+00    1.30884e+02    7.68895e+01    2.07774e+02    1.98633e+03
    Temperature Pressure (bar)
    6.85014e+02    0.00000e+00

           Step           Time
         205000      410.00000

   Energies (kJ/mol)
           Bond          Angle    Proper Dih.  Improper Dih.        LJ (SR)
    1.33608e+01    9.04128e+00    2.15780e+01    2.98630e+00    0.00000e+00
   Coulomb (SR)      Potential    Kinetic En.   Total Energy  Conserved En.
    0.00000e+00    4.69663e+01    6.97563e+01    1.16723e+02    2.00168e+03
    Temperature Pressure (bar)
    6.21464e+02    0.00000e+00

           Step           Time
         210000      420.00000

   Energies (kJ/mol)
           Bond          Angle    Proper Dih.  Improper Dih.        LJ (SR)
    2.91431e+01    4.51612e+01    1.03789e+01    1.73886e+00    0.00000e+00
   Coulomb (SR)      Potential    Kinetic En.   Total Energy  Conserved En.
    0.00000e+00    8.64220e+01    7.08004e+01    1.57222e+02    2.04618e+03
    Temperature Pressure (bar)
    6.30765e+02    0.00000e+00

           Step           Time
         215000      430.00000

   Energies (kJ/mol)
           Bond          Angle    Proper Dih.  Improper Dih.        LJ (SR)
    2.69483e+01    1.07587e+01    1.79180e+01    6.35142e-01    0.00000e+00
   Coulomb (SR)      Potential    Kinetic En.   Total Energy  Conserved En.
    0.00000e+00    5.62601e+01    5.66502e+01    1.12910e+02    2.10854e+03
    Temperature Pressure (bar)
    5.04700e+02    0.00000e+00

           Step           Time
         220000      440.00000

   Energies (kJ/mol)
           Bond          Angle    Proper Dih.  Improper Dih.        LJ (SR)
    3.04487e+01    9.07022e+00    6.47368e+00    1.18186e+00    0.00000e+00
   Coulomb (SR)      Potential    Kinetic En.   Total Energy  Conserved En.
    0.00000e+00    4.71744e+01    5.88905e+01    1.06065e+02    2.11297e+03
    Temperature Pressure (bar)
    5.24659e+02    0.00000e+00

           Step           Time
         225000      450.00000

   Energies (kJ/mol)
           Bond          Angle    Proper Dih.  Improper Dih.        LJ (SR)
    3.48057e+01    8.71461e+00    3.18068e+01    5.27691e+00    0.00000e+00
   Coulomb (SR)      Potential    Kinetic En.   Total Energy  Conserved En.
    0.00000e+00    8.06041e+01    8.04793e+01    1.61083e+02    2.15803e+03
    Temperature Pressure (bar)
    7.16995e+02    0.00000e+00

           Step           Time
         230000      460.00000

   Energies (kJ/mol)
           Bond          Angle    Proper Dih.  Improper Dih.        LJ (SR)
    2.25602e+01    1.20357e+01    1.64399e+01    2.44827e+00    0.00000e+00
   Coulomb (SR)      Potential    Kinetic En.   Total Energy  Conserved En.
    0.00000e+00    5.34841e+01    6.71694e+01    1.20654e+02    2.21860e+03
    Temperature Pressure (bar)
    5.98417e+02    0.00000e+00

           Step           Time
         235000      470.00000

   Energies (kJ/mol)
           Bond          Angle    Proper Dih.  Improper Dih.        LJ (SR)
    1.67131e+01    1.56400e+01    1.25484e+01    6.38970e-01    0.00000e+00
   Coulomb (SR)      Potential    Kinetic En.   Total Energy  Conserved En.
    0.00000e+00    4.55405e+01    7.24286e+01    1.17969e+02    2.28894e+03
    Temperature Pressure (bar)
    6.45271e+02    0.00000e+00

           Step           Time
         240000      480.00000

   Energies (kJ/mol)
           Bond          Angle    Proper Dih.  Improper Dih.        LJ (SR)
    3.39191e+01    3.42868e+01    9.64416e+00    6.93540e-01    0.00000e+00
   Coulomb (SR)      Potential    Kinetic En.   Total Energy  Conserved En.
    0.00000e+00    7.85436e+01    4.14059e+01    1.19950e+02    2.34443e+03
    Temperature Pressure (bar)
    3.68888e+02    0.00000e+00

           Step           Time
         245000      490.00000

   Energies (kJ/mol)
           Bond          Angle    Proper Dih.  Improper Dih.        LJ (SR)
    1.95617e+01    2.26595e+01    9.53551e+00    9.43962e-01    0.00000e+00
   Coulomb (SR)      Potential    Kinetic En.   Total Energy  Conserved En.
    0.00000e+00    5.27007e+01    4.62039e+01    9.89045e+01    2.36108e+03
    Temperature Pressure (bar)
    4.11633e+02    0.00000e+00

           Step           Time
         250000      500.00000

   Energies (kJ/mol)
           Bond          Angle    Proper Dih.  Improper Dih.        LJ (SR)
    5.28841e+01    1.86276e+01    1.30462e+01    2.59481e+00    0.00000e+00
   Coulomb (SR)      Potential    Kinetic En.   Total Energy  Conserved En.
    0.00000e+00    8.71527e+01    7.55611e+01    1.62714e+02    2.43861e+03
    Temperature Pressure (bar)
    6.73179e+02    0.00000e+00

           Step           Time
         255000      510.00000

   Energies (kJ/mol)
           Bond          Angle    Proper Dih.  Improper Dih.        LJ (SR)
    3.62041e+01    8.25529e+00    9.86560e+00    1.26499e+00    0.00000e+00
   Coulomb (SR)      Potential    Kinetic En.   Total Energy  Conserved En.
    0.00000e+00    5.55900e+01    5.99024e+01    1.15492e+02    2.50125e+03
    Temperature Pressure (bar)
    5.33674e+02    0.00000e+00

           Step           Time
         260000      520.00000

   Energies (kJ/mol)
           Bond          Angle    Proper Dih.  Improper Dih.        LJ (SR)
    2.10398e+01    1.78070e+01    1.14181e+01    2.54302e+00    0.00000e+00
   Coulomb (SR)      Potential    Kinetic En.   Total Energy  Conserved En.
    0.00000e+00    5.28080e+01    6.31337e+01    1.15942e+02    2.52665e+03
    Temperature Pressure (bar)
    5.62462e+02    0.00000e+00

           Step           Time
         265000      530.00000

   Energies (kJ/mol)
           Bond          Angle    Proper Dih.  Improper Dih.        LJ (SR)
    5.71260e+00    1.64717e+01    6.06099e+00    1.12185e+00    0.00000e+00
   Coulomb (SR)      Potential    Kinetic En.   Total Energy  Conserved En.
    0.00000e+00    2.93671e+01    7.98976e+01    1.09265e+02    2.54471e+03
    Temperature Pressure (bar)
    7.11812e+02    0.00000e+00

           Step           Time
         270000      540.00000

   Energies (kJ/mol)
           Bond          Angle    Proper Dih.  Improper Dih.        LJ (SR)
    2.99808e+01    1.52874e+01    1.63071e+01    3.44096e-01    0.00000e+00
   Coulomb (SR)      Potential    Kinetic En.   Total Energy  Conserved En.
    0.00000e+00    6.19194e+01    7.20253e+01    1.33945e+02    2.56645e+03
    Temperature Pressure (bar)
    6.41678e+02    0.00000e+00

           Step           Time
         275000      550.00000

   Energies (kJ/mol)
           Bond          Angle    Proper Dih.  Improper Dih.        LJ (SR)
    1.30551e+01    1.20182e+01    1.50998e+01    5.26268e+00    0.00000e+00
   Coulomb (SR)      Potential    Kinetic En.   Total Energy  Conserved En.
    0.00000e+00    4.54358e+01    8.10313e+01    1.26467e+02    2.61508e+03
    Temperature Pressure (bar)
    7.21913e+02    0.00000e+00

           Step           Time
         280000      560.00000

   Energies (kJ/mol)
           Bond          Angle    Proper Dih.  Improper Dih.        LJ (SR)
    1.74217e+01    2.53245e+01    1.34051e+01    2.44821e+00    0.00000e+00
   Coulomb (SR)      Potential    Kinetic En.   Total Energy  Conserved En.
    0.00000e+00    5.85996e+01    4.86625e+01    1.07262e+02    2.64292e+03
    Temperature Pressure (bar)
    4.33537e+02    0.00000e+00

           Step           Time
         285000      570.00000

   Energies (kJ/mol)
           Bond          Angle    Proper Dih.  Improper Dih.        LJ (SR)
    2.85692e+01    1.59428e+01    1.36555e+01    3.53553e+00    0.00000e+00
   Coulomb (SR)      Potential    Kinetic En.   Total Energy  Conserved En.
    0.00000e+00    6.17030e+01    6.26765e+01    1.24380e+02    2.68804e+03
    Temperature Pressure (bar)
    5.58389e+02    0.00000e+00

           Step           Time
         290000      580.00000

   Energies (kJ/mol)
           Bond          Angle    Proper Dih.  Improper Dih.        LJ (SR)
    7.52236e+00    2.68928e+01    2.38963e+01    1.93624e+00    0.00000e+00
   Coulomb (SR)      Potential    Kinetic En.   Total Energy  Conserved En.
    0.00000e+00    6.02477e+01    8.30811e+01    1.43329e+02    2.70753e+03
    Temperature Pressure (bar)
    7.40174e+02    0.00000e+00

           Step           Time
         295000      590.00000

   Energies (kJ/mol)
           Bond          Angle    Proper Dih.  Improper Dih.        LJ (SR)
    3.31121e+01    2.55212e+01    1.57044e+01    7.24241e-01    0.00000e+00
   Coulomb (SR)      Potential    Kinetic En.   Total Energy  Conserved En.
    0.00000e+00    7.50619e+01    6.62590e+01    1.41321e+02    2.75442e+03
    Temperature Pressure (bar)
    5.90306e+02    0.00000e+00

           Step           Time
         300000      600.00000

   Energies (kJ/mol)
           Bond          Angle    Proper Dih.  Improper Dih.        LJ (SR)
    3.81710e+01    1.49451e+01    4.06252e+01    9.13309e+00    0.00000e+00
   Coulomb (SR)      Potential    Kinetic En.   Total Energy  Conserved En.
    0.00000e+00    1.02874e+02    5.46837e+01    1.57558e+02    2.79534e+03
    Temperature Pressure (bar)
    4.87180e+02    0.00000e+00

           Step           Time
         305000      610.00000

   Energies (kJ/mol)
           Bond          Angle    Proper Dih.  Improper Dih.        LJ (SR)
    6.79759e+01    1.29977e+01    4.31755e+01    2.23389e+00    0.00000e+00
   Coulomb (SR)      Potential    Kinetic En.   Total Energy  Conserved En.
    0.00000e+00    1.26383e+02    6.01278e+01    1.86511e+02    2.82156e+03
    Temperature Pressure (bar)
    5.35682e+02    0.00000e+00

           Step           Time
         310000      620.00000

   Energies (kJ/mol)
           Bond          Angle    Proper Dih.  Improper Dih.        LJ (SR)
    3.05562e+01    2.46775e+01    1.43379e+01    1.55291e+00    0.00000e+00
   Coulomb (SR)      Potential    Kinetic En.   Total Energy  Conserved En.
    0.00000e+00    7.11245e+01    5.88975e+01    1.30022e+02    2.84895e+03
    Temperature Pressure (bar)
    5.24722e+02    0.00000e+00

           Step           Time
         315000      630.00000

   Energies (kJ/mol)
           Bond          Angle    Proper Dih.  Improper Dih.        LJ (SR)
    4.83858e+01    2.53258e+01    1.65615e+01    8.33279e-01    0.00000e+00
   Coulomb (SR)      Potential    Kinetic En.   Total Energy  Conserved En.
    0.00000e+00    9.11064e+01    9.52005e+01    1.86307e+02    2.91288e+03
    Temperature Pressure (bar)
    8.48147e+02    0.00000e+00

           Step           Time
         320000      640.00000

   Energies (kJ/mol)
           Bond          Angle    Proper Dih.  Improper Dih.        LJ (SR)
    2.37388e+01    2.24015e+01    4.85427e+01    4.60449e+00    0.00000e+00
   Coulomb (SR)      Potential    Kinetic En.   Total Energy  Conserved En.
    0.00000e+00    9.92875e+01    1.14899e+02    2.14186e+02    2.92623e+03
    Temperature Pressure (bar)
    1.02364e+03    0.00000e+00

           Step           Time
         325000      650.00000

   Energies (kJ/mol)
           Bond          Angle    Proper Dih.  Improper Dih.        LJ (SR)
    2.20577e+01    2.39269e+01    2.23490e+00    9.46690e-01    0.00000e+00
   Coulomb (SR)      Potential    Kinetic En.   Total Energy  Conserved En.
    0.00000e+00    4.91663e+01    8.30673e+01    1.32234e+02    2.97266e+03
    Temperature Pressure (bar)
    7.40051e+02    0.00000e+00

           Step           Time
         330000      660.00000

   Energies (kJ/mol)
           Bond          Angle    Proper Dih.  Improper Dih.        LJ (SR)
    2.55872e+01    9.89203e+00    6.81018e+00    6.74441e-01    0.00000e+00
   Coulomb (SR)      Potential    Kinetic En.   Total Energy  Conserved En.
    0.00000e+00    4.29638e+01    9.40620e+01    1.37026e+02    3.02353e+03
    Temperature Pressure (bar)
    8.38004e+02    0.00000e+00

           Step           Time
         335000      670.00000

   Energies (kJ/mol)
           Bond          Angle    Proper Dih.  Improper Dih.        LJ (SR)
    2.63983e+01    2.01724e+01    1.52023e+01    4.37402e-01    0.00000e+00
   Coulomb (SR)      Potential    Kinetic En.   Total Energy  Conserved En.
    0.00000e+00    6.22103e+01    4.63867e+01    1.08597e+02    3.05450e+03
    Temperature Pressure (bar)
    4.13262e+02    0.00000e+00

           Step           Time
         340000      680.00000

   Energies (kJ/mol)
           Bond          Angle    Proper Dih.  Improper Dih.        LJ (SR)
    2.94794e+01    2.62633e+01    1.24845e+01    4.82384e+00    0.00000e+00
   Coulomb (SR)      Potential    Kinetic En.   Total Energy  Conserved En.
    0.00000e+00    7.30510e+01    7.83768e+01    1.51428e+02    3.08528e+03
    Temperature Pressure (bar)
    6.98264e+02    0.00000e+00

           Step           Time
         345000      690.00000

   Energies (kJ/mol)
           Bond          Angle    Proper Dih.  Improper Dih.        LJ (SR)
    3.33702e+01    1.81289e+01    1.62852e+01    3.53584e+00    0.00000e+00
   Coulomb (SR)      Potential    Kinetic En.   Total Energy  Conserved En.
    0.00000e+00    7.13202e+01    9.65578e+01    1.67878e+02    3.09115e+03
    Temperature Pressure (bar)
    8.60239e+02    0.00000e+00

           Step           Time
         350000      700.00000

   Energies (kJ/mol)
           Bond          Angle    Proper Dih.  Improper Dih.        LJ (SR)
    2.97505e+01    2.78436e+01    9.87161e+00    2.55169e+00    0.00000e+00
   Coulomb (SR)      Potential    Kinetic En.   Total Energy  Conserved En.
    0.00000e+00    7.00173e+01    8.89163e+01    1.58934e+02    3.11267e+03
    Temperature Pressure (bar)
    7.92161e+02    0.00000e+00

           Step           Time
         355000      710.00000

   Energies (kJ/mol)
           Bond          Angle    Proper Dih.  Improper Dih.        LJ (SR)
    1.64052e+01    2.14488e+01    1.65630e+01    1.18787e+00    0.00000e+00
   Coulomb (SR)      Potential    Kinetic En.   Total Energy  Conserved En.
    0.00000e+00    5.56048e+01    4.76593e+01    1.03264e+02    3.13423e+03
    Temperature Pressure (bar)
    4.24600e+02    0.00000e+00

           Step           Time
         360000      720.00000

   Energies (kJ/mol)
           Bond          Angle    Proper Dih.  Improper Dih.        LJ (SR)
    1.64287e+01    2.10829e+01    5.43076e+00    1.05306e+00    0.00000e+00
   Coulomb (SR)      Potential    Kinetic En.   Total Energy  Conserved En.
    0.00000e+00    4.39954e+01    7.37299e+01    1.17725e+02    3.18165e+03
    Temperature Pressure (bar)
    6.56864e+02    0.00000e+00

           Step           Time
         365000      730.00000

   Energies (kJ/mol)
           Bond          Angle    Proper Dih.  Improper Dih.        LJ (SR)
    3.20688e+01    1.65057e+01    2.02701e+01    3.27627e+00    0.00000e+00
   Coulomb (SR)      Potential    Kinetic En.   Total Energy  Conserved En.
    0.00000e+00    7.21209e+01    5.48645e+01    1.26985e+02    3.23189e+03
    Temperature Pressure (bar)
    4.88792e+02    0.00000e+00

           Step           Time
         370000      740.00000

   Energies (kJ/mol)
           Bond          Angle    Proper Dih.  Improper Dih.        LJ (SR)
    4.22760e+00    2.20149e+01    1.15031e+01    1.79043e+00    0.00000e+00
   Coulomb (SR)      Potential    Kinetic En.   Total Energy  Conserved En.
    0.00000e+00    3.95360e+01    5.73938e+01    9.69298e+01    3.25475e+03
    Temperature Pressure (bar)
    5.11325e+02    0.00000e+00

           Step           Time
         375000      750.00000

   Energies (kJ/mol)
           Bond          Angle    Proper Dih.  Improper Dih.        LJ (SR)
    6.52272e+01    3.14802e+01    2.57873e+01    5.41206e+00    0.00000e+00
   Coulomb (SR)      Potential    Kinetic En.   Total Energy  Conserved En.
    0.00000e+00    1.27907e+02    6.89104e+01    1.96817e+02    3.30832e+03
    Temperature Pressure (bar)
    6.13927e+02    0.00000e+00

           Step           Time
         380000      760.00000

   Energies (kJ/mol)
           Bond          Angle    Proper Dih.  Improper Dih.        LJ (SR)
    2.45244e+01    2.22918e+01    7.77656e+00    1.65818e+00    0.00000e+00
   Coulomb (SR)      Potential    Kinetic En.   Total Energy  Conserved En.
    0.00000e+00    5.62509e+01    9.69345e+01    1.53185e+02    3.31309e+03
    Temperature Pressure (bar)
    8.63596e+02    0.00000e+00

           Step           Time
         385000      770.00000

   Energies (kJ/mol)
           Bond          Angle    Proper Dih.  Improper Dih.        LJ (SR)
    2.76353e+01    1.00187e+01    2.19024e+01    2.37744e+00    0.00000e+00
   Coulomb (SR)      Potential    Kinetic En.   Total Energy  Conserved En.
    0.00000e+00    6.19338e+01    5.71834e+01    1.19117e+02    3.33357e+03
    Temperature Pressure (bar)
    5.09450e+02    0.00000e+00

           Step           Time
         390000      780.00000

   Energies (kJ/mol)
           Bond          Angle    Proper Dih.  Improper Dih.        LJ (SR)
    2.29580e+01    1.93000e+01    4.50317e+00    9.56852e-01    0.00000e+00
   Coulomb (SR)      Potential    Kinetic En.   Total Energy  Conserved En.
    0.00000e+00    4.77180e+01    8.70759e+01    1.34794e+02    3.35565e+03
    Temperature Pressure (bar)
    7.75764e+02    0.00000e+00

           Step           Time
         395000      790.00000

   Energies (kJ/mol)
           Bond          Angle    Proper Dih.  Improper Dih.        LJ (SR)
    3.94982e+01    3.88300e+01    1.38759e+01    1.57269e+00    0.00000e+00
   Coulomb (SR)      Potential    Kinetic En.   Total Energy  Conserved En.
    0.00000e+00    9.37769e+01    5.37995e+01    1.47576e+02    3.38243e+03
    Temperature Pressure (bar)
    4.79303e+02    0.00000e+00

           Step           Time
         400000      800.00000

   Energies (kJ/mol)
           Bond          Angle    Proper Dih.  Improper Dih.        LJ (SR)
    3.40784e+01    3.16022e+01    1.38049e+01    1.80154e+00    0.00000e+00
   Coulomb (SR)      Potential    Kinetic En.   Total Energy  Conserved En.
    0.00000e+00    8.12869e+01    8.15519e+01    1.62839e+02    3.44118e+03
    Temperature Pressure (bar)
    7.26551e+02    0.00000e+00

           Step           Time
         405000      810.00000

   Energies (kJ/mol)
           Bond          Angle    Proper Dih.  Improper Dih.        LJ (SR)
    2.22257e+01    1.32405e+01    2.37456e+01    1.23206e+00    0.00000e+00
   Coulomb (SR)      Potential    Kinetic En.   Total Energy  Conserved En.
    0.00000e+00    6.04438e+01    6.56843e+01    1.26128e+02    3.46908e+03
    Temperature Pressure (bar)
    5.85186e+02    0.00000e+00

           Step           Time
         410000      820.00000

   Energies (kJ/mol)
           Bond          Angle    Proper Dih.  Improper Dih.        LJ (SR)
    1.73815e+01    1.46019e+01    2.86417e+01    5.44014e+00    0.00000e+00
   Coulomb (SR)      Potential    Kinetic En.   Total Energy  Conserved En.
    0.00000e+00    6.60652e+01    6.28252e+01    1.28890e+02    3.49338e+03
    Temperature Pressure (bar)
    5.59714e+02    0.00000e+00

           Step           Time
         415000      830.00000

   Energies (kJ/mol)
           Bond          Angle    Proper Dih.  Improper Dih.        LJ (SR)
    2.16327e+01    2.49328e+01    1.32546e+01    1.09696e+00    0.00000e+00
   Coulomb (SR)      Potential    Kinetic En.   Total Energy  Conserved En.
    0.00000e+00    6.09170e+01    6.44389e+01    1.25356e+02    3.51255e+03
    Temperature Pressure (bar)
    5.74090e+02    0.00000e+00

           Step           Time
         420000      840.00000

   Energies (kJ/mol)
           Bond          Angle    Proper Dih.  Improper Dih.        LJ (SR)
    3.02219e+01    2.23412e+01    1.15901e+01    2.89498e+00    0.00000e+00
   Coulomb (SR)      Potential    Kinetic En.   Total Energy  Conserved En.
    0.00000e+00    6.70482e+01    5.78373e+01    1.24885e+02    3.59194e+03
    Temperature Pressure (bar)
    5.15276e+02    0.00000e+00

           Step           Time
         425000      850.00000

   Energies (kJ/mol)
           Bond          Angle    Proper Dih.  Improper Dih.        LJ (SR)
    4.18692e+01    1.33782e+01    1.05838e+01    1.62715e+00    0.00000e+00
   Coulomb (SR)      Potential    Kinetic En.   Total Energy  Conserved En.
    0.00000e+00    6.74583e+01    7.15722e+01    1.39031e+02    3.66440e+03
    Temperature Pressure (bar)
    6.37641e+02    0.00000e+00

           Step           Time
         430000      860.00000

   Energies (kJ/mol)
           Bond          Angle    Proper Dih.  Improper Dih.        LJ (SR)
    1.98943e+01    2.66026e+01    7.50597e+00    2.52550e+00    0.00000e+00
   Coulomb (SR)      Potential    Kinetic En.   Total Energy  Conserved En.
    0.00000e+00    5.65283e+01    6.06077e+01    1.17136e+02    3.70732e+03
    Temperature Pressure (bar)
    5.39958e+02    0.00000e+00

           Step           Time
         435000      870.00000

   Energies (kJ/mol)
           Bond          Angle    Proper Dih.  Improper Dih.        LJ (SR)
    2.86939e+01    8.95520e+00    2.53484e+01    5.89753e+00    0.00000e+00
   Coulomb (SR)      Potential    Kinetic En.   Total Energy  Conserved En.
    0.00000e+00    6.88950e+01    7.11987e+01    1.40094e+02    3.74129e+03
    Temperature Pressure (bar)
    6.34314e+02    0.00000e+00

           Step           Time
         440000      880.00000

   Energies (kJ/mol)
           Bond          Angle    Proper Dih.  Improper Dih.        LJ (SR)
    2.27203e+01    2.83207e+01    1.85592e+01    1.53228e+00    0.00000e+00
   Coulomb (SR)      Potential    Kinetic En.   Total Energy  Conserved En.
    0.00000e+00    7.11325e+01    5.13994e+01    1.22532e+02    3.76569e+03
    Temperature Pressure (bar)
    4.57920e+02    0.00000e+00

           Step           Time
         445000      890.00000

   Energies (kJ/mol)
           Bond          Angle    Proper Dih.  Improper Dih.        LJ (SR)
    3.29049e+01    1.58668e+01    7.21464e+00    8.10357e-01    0.00000e+00
   Coulomb (SR)      Potential    Kinetic En.   Total Energy  Conserved En.
    0.00000e+00    5.67967e+01    5.66215e+01    1.13418e+02    3.78559e+03
    Temperature Pressure (bar)
    5.04445e+02    0.00000e+00

           Step           Time
         450000      900.00000

   Energies (kJ/mol)
           Bond          Angle    Proper Dih.  Improper Dih.        LJ (SR)
    1.23775e+01    3.36809e+01    2.84441e+01    4.12962e+00    0.00000e+00
   Coulomb (SR)      Potential    Kinetic En.   Total Energy  Conserved En.
    0.00000e+00    7.86322e+01    5.71070e+01    1.35739e+02    3.81930e+03
    Temperature Pressure (bar)
    5.08770e+02    0.00000e+00

           Step           Time
         455000      910.00000

   Energies (kJ/mol)
           Bond          Angle    Proper Dih.  Improper Dih.        LJ (SR)
    3.91513e+01    1.31557e+01    1.95727e+01    1.88840e+00    0.00000e+00
   Coulomb (SR)      Potential    Kinetic En.   Total Energy  Conserved En.
    0.00000e+00    7.37681e+01    7.34775e+01    1.47246e+02    3.88367e+03
    Temperature Pressure (bar)
    6.54616e+02    0.00000e+00

           Step           Time
         460000      920.00000

   Energies (kJ/mol)
           Bond          Angle    Proper Dih.  Improper Dih.        LJ (SR)
    1.08923e+01    2.32173e+01    1.09453e+01    4.32792e-01    0.00000e+00
   Coulomb (SR)      Potential    Kinetic En.   Total Energy  Conserved En.
    0.00000e+00    4.54878e+01    7.52886e+01    1.20776e+02    3.90927e+03
    Temperature Pressure (bar)
    6.70751e+02    0.00000e+00

           Step           Time
         465000      930.00000

   Energies (kJ/mol)
           Bond          Angle    Proper Dih.  Improper Dih.        LJ (SR)
    4.03061e+01    2.13026e+01    3.27981e+00    3.51399e-01    0.00000e+00
   Coulomb (SR)      Potential    Kinetic En.   Total Energy  Conserved En.
    0.00000e+00    6.52399e+01    9.54875e+01    1.60727e+02    3.92973e+03
    Temperature Pressure (bar)
    8.50704e+02    0.00000e+00

           Step           Time
         470000      940.00000

   Energies (kJ/mol)
           Bond          Angle    Proper Dih.  Improper Dih.        LJ (SR)
    2.87000e+01    2.32886e+01    7.16117e+00    1.05988e+00    0.00000e+00
   Coulomb (SR)      Potential    Kinetic En.   Total Energy  Conserved En.
    0.00000e+00    6.02097e+01    3.93011e+01    9.95108e+01    3.95037e+03
    Temperature Pressure (bar)
    3.50136e+02    0.00000e+00

           Step           Time
         475000      950.00000

   Energies (kJ/mol)
           Bond          Angle    Proper Dih.  Improper Dih.        LJ (SR)
    2.97175e+01    1.50249e+01    7.13984e+00    2.10935e+00    0.00000e+00
   Coulomb (SR)      Potential    Kinetic En.   Total Energy  Conserved En.
    0.00000e+00    5.39916e+01    8.08099e+01    1.34802e+02    3.98457e+03
    Temperature Pressure (bar)
    7.19941e+02    0.00000e+00

           Step           Time
         480000      960.00000

   Energies (kJ/mol)
           Bond          Angle    Proper Dih.  Improper Dih.        LJ (SR)
    1.94116e+01    3.72744e+01    6.74747e+00    1.77037e+00    0.00000e+00
   Coulomb (SR)      Potential    Kinetic En.   Total Energy  Conserved En.
    0.00000e+00    6.52039e+01    6.86393e+01    1.33843e+02    4.00377e+03
    Temperature Pressure (bar)
    6.11512e+02    0.00000e+00

           Step           Time
         485000      970.00000

   Energies (kJ/mol)
           Bond          Angle    Proper Dih.  Improper Dih.        LJ (SR)
    2.37713e+01    3.28220e+01    1.03962e+01    9.58871e-01    0.00000e+00
   Coulomb (SR)      Potential    Kinetic En.   Total Energy  Conserved En.
    0.00000e+00    6.79484e+01    5.95859e+01    1.27534e+02    4.06009e+03
    Temperature Pressure (bar)
    5.30855e+02    0.00000e+00

           Step           Time
         490000      980.00000

   Energies (kJ/mol)
           Bond          Angle    Proper Dih.  Improper Dih.        LJ (SR)
    3.04304e+01    3.99975e+01    9.75447e+00    1.91126e-01    0.00000e+00
   Coulomb (SR)      Potential    Kinetic En.   Total Energy  Conserved En.
    0.00000e+00    8.03734e+01    4.87531e+01    1.29127e+02    4.12295e+03
    Temperature Pressure (bar)
    4.34344e+02    0.00000e+00

           Step           Time
         495000      990.00000

   Energies (kJ/mol)
           Bond          Angle    Proper Dih.  Improper Dih.        LJ (SR)
    4.08073e+01    1.11847e+01    1.81921e+01    1.14000e+00    0.00000e+00
   Coulomb (SR)      Potential    Kinetic En.   Total Energy  Conserved En.
    0.00000e+00    7.13241e+01    5.47258e+01    1.26050e+02    4.15526e+03
    Temperature Pressure (bar)
    4.87555e+02    0.00000e+00

           Step           Time
         500000     1000.00000

Writing checkpoint, step 500000 at Tue May 14 15:14:31 2019


   Energies (kJ/mol)
           Bond          Angle    Proper Dih.  Improper Dih.        LJ (SR)
    2.02238e+01    2.74801e+01    1.73617e+01    7.18013e-01    0.00000e+00
   Coulomb (SR)      Potential    Kinetic En.   Total Energy  Conserved En.
    0.00000e+00    6.57835e+01    7.27108e+01    1.38494e+02    4.18777e+03
    Temperature Pressure (bar)
    6.47785e+02    0.00000e+00

	<======  ###############  ==>
	<====  A V E R A G E S  ====>
	<==  ###############  ======>

	Statistics over 500001 steps using 5001 frames

   Energies (kJ/mol)
           Bond          Angle    Proper Dih.  Improper Dih.        LJ (SR)
    2.63024e+01    2.03991e+01    1.67700e+01    2.31805e+00    0.00000e+00
   Coulomb (SR)      Potential    Kinetic En.   Total Energy  Conserved En.
    0.00000e+00    6.57895e+01    6.75384e+01    1.33328e+02    2.29816e+03
    Temperature Pressure (bar)
    6.01704e+02    0.00000e+00

   Total Virial (kJ/mol)
    2.51984e+01    6.78496e-01    5.09090e-01
    6.78496e-01    2.35323e+01    1.38221e-01
    5.09090e-01    1.38221e-01    1.91153e+01

   Pressure (bar)
    0.00000e+00    0.00000e+00    0.00000e+00
    0.00000e+00    0.00000e+00    0.00000e+00
    0.00000e+00    0.00000e+00    0.00000e+00


	M E G A - F L O P S   A C C O U N T I N G

 NB=Group-cutoff nonbonded kernels    NxN=N-by-N cluster Verlet kernels
 RF=Reaction-Field  VdW=Van der Waals  QSTab=quadratic-spline table
 W3=SPC/TIP3p  W4=TIP4p (single or pairs)
 V&F=Potential and force  V=Potential only  F=Force only

 Computing:                               M-Number         M-Flops  % Flops
-----------------------------------------------------------------------------
 NS-Pairs                                 0.000055           0.001     0.0
 CG-CoM                                   0.000010           0.000     0.0
 Bonds                                    4.500009         265.501     5.9
 Angles                                   6.000012        1008.002    22.6
 Propers                                 12.000024        2748.005    61.5
 Impropers                                2.000004         416.001     9.3
 Virial                                   0.275055           4.951     0.1
 Stop-CM                                  0.050010           0.500     0.0
 Calc-Ekin                                1.000020          27.001     0.6
-----------------------------------------------------------------------------
 Total                                                    4469.962   100.0
-----------------------------------------------------------------------------


     R E A L   C Y C L E   A N D   T I M E   A C C O U N T I N G

On 1 MPI rank

 Computing:          Num   Num      Call    Wall time         Giga-Cycles
                     Ranks Threads  Count      (s)         total sum    %
-----------------------------------------------------------------------------
 Neighbor search        1    1          1       0.000          0.000   0.0
 Force                  1    1     500001       1.618          5.813  67.1
 Write traj.            1    1        101       0.022          0.079   0.9
 Update                 1    1     500001       0.453          1.625  18.8
 Rest                                           0.317          1.140  13.2
-----------------------------------------------------------------------------
 Total                                          2.410          8.657 100.0
-----------------------------------------------------------------------------

               Core t (s)   Wall t (s)        (%)
       Time:        2.410        2.410      100.0
                 (ns/day)    (hour/ns)
Performance:    35847.001        0.001
Finished mdrun on rank 0 Tue May 14 15:14:31 2019
