
              JJJJ   OOOO  Y   Y  CCCC   EEEE
                 J   O  O   Y Y   C      E   
                 J   O  O    Y    C      EE  
                 J   O  O    Y    C      E   
                JJ   OOOO    Y    CCCC   EEEE

        a program to optimize internal FF from QM data





                version 3.0        Copyright (C) 2017    
                                                         
                          written by                     
                                                         
              Ivo Cacelli, Javier Cerezo,                
              Nicola De Mitri and Giacomo Prampolini     
                                                         
                                                         
                                                         
              This program comes with ABSOLUTELY NO WARRANTY; 
              for details type : <go.joyce -lic>              
              This is free software, and you are welcome to   
              redistribute it under certain conditions;       
              type <go.joyce -lic> for details
                                                         
                                                         

              GIT VERSION INFO
               Commit id  : 
               Commit date: 



              title: | Butadiene - Step 1 |

     print level: 0

              FCHK INPUT FILE for geom-0 (QM):  ../G09.data/butadiene.opt+freq.fchk


   ============ reading Gaussian data ===========
   title: Butadiene optimization and frequencies
   Job.type=Freq      Method=RB3LYP      Basis=6-31G(d)
   n.atoms mol.charge multipl ........    10     0     1
   n.shell n.dim n.prim. max.contr ...    28    72    68     6
   n. of electrons (alpha, beta, tot)     15    15    30
   E(scf)  E(tot) .................... -155.99213957 -155.99213957


    ---     BOND ORDER CALCULATION     ---
    --- Cartes. coordinates (Angstrom) ---
    Atom      X        Y        Z         bonds
  1  C1    -0.32607  0.65173  0.00000   2/1.090  3/1.457  8#1.341
  2  H2    -1.41653  0.64538  0.00000   1/1.090
  3  C3     0.32607 -0.65173  0.00000   1/1.457  4/1.090  5#1.341
  4  H4     1.41653 -0.64538  0.00000   3/1.090
  5  C5    -0.32607 -1.82297  0.00000   3#1.341  6/1.088  7/1.086
  6  H6    -1.41301 -1.86922  0.00000   5/1.088
  7  H7     0.20132 -2.77208  0.00000   5/1.086
  8  C8     0.32607  1.82297  0.00000   1#1.341  9/1.088 10/1.086
  9  H9     1.41301  1.86922  0.00000   8/1.088
 10  H10   -0.20132  2.77208  0.00000   8/1.086
 ------- min distance     7   5    1.086

  atomic covalent radii used for B.O. calc
     6  C         0.757
     1  H         0.354

    -----------  Bonds between atoms -------------
        n.bonds |0=nobond  1,2,3=sing,doub,tripl  6=arom
  1-C1   4 4.06  0110000200
  2-H2   1 1.07  1000000000
  3-C3   4 4.06  1001200000
  4-H4   1 1.07  0010000000
  5-C5   4 3.95  0020011000
  6-H6   1 1.08  0000100000
  7-H7   1 1.09  0000100000
  8-C8   4 3.95  2000000011
  9-H9   1 1.08  0000000100
 10-H10  1 1.09  0000000100
   

        Normal nuclear masses are used


              ====== INTERN COORD analysis:  NATURAL-ICs: style=FF  ======
        TYPE     NAME            EQUIL.VALUE
                                 Angs or deg
   1  distance  C1-H2               1.0905       1   2
   2  distance  C1-C3               1.4575       1   3
   3  distance  C3-H4               1.0905       3   4
   4  distance  C3=C5               1.3406       3   5
   5  distance  C5-H6               1.0879       5   6
   6  distance  C5-H7               1.0858       5   7
   7  distance  C1=C8               1.3406       1   8
   8  distance  C8-H9               1.0879       8   9
   9  distance  C8-H10              1.0858       8  10
  10  angle     C3-C1-H2          116.2461       3   1   2
  11  angle     C8=C1-H2          119.4426       8   1   2
  12  angle     C1-C3-H4          116.2461       1   3   4
  13  angle     C1-C3=C5          124.3112       1   3   5
  14  angle     C8=C1-C3          124.3112       8   1   3
  15  angle     C5=C3-H4          119.4426       5   3   4
  16  angle     C3=C5-H6          121.5459       3   5   6
  17  angle     C3=C5-H7          121.8316       3   5   7
  18  angle     H7-C5-H6          116.6224       7   5   6
  19  angle     C1=C8-H9          121.5459       1   8   9
  20  angle     C1=C8-H10         121.8316       1   8  10
  21  angle     H10-C8-H9         116.6224      10   8   9
  22  dihedral  H4-C3-C1-H2      -180.0000       4   3   1   2
  23  dihedral  C5=C3-C1-H2        -0.0000       5   3   1   2
  24  dihedral  H9-C8=C1-H2      -180.0000       9   8   1   2
  25  dihedral  H10-C8=C1-H2       -0.0000      10   8   1   2
  26  dihedral  C8=C1-C3-H4        -0.0000       8   1   3   4
  27  dihedral  C1-C3=C5-H6        -0.0000       1   3   5   6
  28  dihedral  C1-C3=C5-H7       180.0000       1   3   5   7
  29  dihedral  C8=C1-C3=C5      -180.0000       8   1   3   5
  30  dihedral  H9-C8=C1-C3        -0.0000       9   8   1   3
  31  dihedral  H10-C8=C1-C3     -180.0000      10   8   1   3
  32  dihedral  H6-C5=C3-H4      -180.0000       6   5   3   4
  33  dihedral  H7-C5=C3-H4        -0.0000       7   5   3   4
  34  dihedral  C1-H2--C8--C3      -0.0000       1   2   8   3
         warning: atoms    2    8  not bonded
         warning: atoms    8    3  not bonded
  35  dihedral  C3-C1--C5--H4      -0.0000       3   1   5   4
         warning: atoms    1    5  not bonded
         warning: atoms    5    4  not bonded
  36  dihedral  C5-H6--C3--H7      -0.0000       5   6   3   7
         warning: atoms    6    3  not bonded
         warning: atoms    3    7  not bonded
  37  dihedral  C8-H9--C1--H10     -0.0000       8   9   1  10
         warning: atoms    9    1  not bonded
         warning: atoms    1   10  not bonded


        ********************************************
                 G R O M A C S    F F
        ********************************************

     GROMACS INPUT FILE ..........: butadiene.top


                      1) Atom Types

Site  Name       Charge        Mass        Sigma         Epsilon
 1     CA        -0.137       12.011        0.355        0.318
 2     CB         0.121       12.011        0.355        0.318
 3     HA        -0.137        1.008        0.242        0.126
 4     HB         0.121        1.008        0.242        0.126


                  2) Stretching parameters

 Bond      Atoms            k_s        r0   FF term     Atoms
   1     CA    HA             0.00    0.000    1        1    2
   2     CA    CA             0.00    0.000    2        1    3
   3     CA    HA             0.00    0.000    3        3    4
   4     CA    CB             0.00    0.000    4        3    5
   5     CB    HB             0.00    0.000    5        5    6
   6     CB    HB             0.00    0.000    6        5    7
   7     CA    CB             0.00    0.000    7        1    8
   8     CB    HB             0.00    0.000    8        8    9
   9     CB    HB             0.00    0.000    9        8   10


                    3) Bending parameters

 Angle       Atoms          k_b     theta0   FF term       Atoms
    1    HA   CA   CA        0.00    0.000     10        2    1    3
    2    HA   CA   CB        0.00    0.000     11        2    1    8
    3    CA   CA   HA        0.00    0.000     12        1    3    4
    4    CA   CA   CB        0.00    0.000     13        1    3    5
    5    CA   CA   CB        0.00    0.000     14        3    1    8
    6    HA   CA   CB        0.00    0.000     15        4    3    5
    7    CA   CB   HB        0.00    0.000     16        3    5    6
    8    CA   CB   HB        0.00    0.000     17        3    5    7
    9    HB   CB   HB        0.00    0.000     18        6    5    7
   10    CA   CB   HB        0.00    0.000     19        1    8    9
   11    CA   CB   HB        0.00    0.000     20        1    8   10
   12    HB   CB   HB        0.00    0.000     21        9    8   10


                    4) Torsional parameters

4.1 Harmonic torsions

Dihedral       Atoms           k_d        gamma  FF term       Atoms
    1      CA  HA  CB  CA       0.00       0.00     22     1   2   8   3
    2      CA  CA  CB  HA       0.00       0.00     23     3   1   5   4
    3      HB  CA  HB  CB       0.00       0.00     24     7   3   6   5
    4      HB  CA  HB  CB       0.00       0.00     25    10   1   9   8


4.2 Fourier torsions

 Dihedral        Atoms      Ncos   K_d     n    gamma   FF term     Atoms
     1      HA  CA  CA  HA   1    0.0000   2     0.00     26     2   1   3   4
     2      HA  CA  CA  CB   1    0.0000   2     0.00     27     2   1   3   5
     3      HA  CA  CB  HB   1    0.0000   2     0.00     28     2   1   8   9
     4      HA  CA  CB  HB   1    0.0000   2     0.00     29     2   1   8  10
     5      CB  CA  CA  HA   1    0.0000   2     0.00     30     8   1   3   4
     6      CA  CA  CB  HB   1    0.0000   2     0.00     31     1   3   5   6
     7      CA  CA  CB  HB   1    0.0000   2     0.00     32     1   3   5   7
     8      CB  CA  CA  CB   1    0.0000   2     0.00     33     8   1   3   5
     9      CA  CA  CB  HB   1    0.0000   2     0.00     34     3   1   8   9
    10      CA  CA  CB  HB   1    0.0000   2     0.00     35     3   1   8  10
    11      HA  CA  CB  HB   1    0.0000   2     0.00     36     4   3   5   6
    12      HA  CA  CB  HB   1    0.0000   2     0.00     37     4   3   5   7



       ********************************************
          E N D  G R O M A C S  I N P U T
       ********************************************




              ====== INTERN COORD analysis:  AT ABSOL-MIN  ======
        TYPE     NAME            EQUIL.VALUE
                                 Angs or deg
   1  distance  CA-HA               1.0905       1   2
   2  distance  CA-CA               1.4575       1   3
   3  distance  CA-HA               1.0905       3   4
   4  distance  CA=CB               1.3406       3   5
   5  distance  CB-HB               1.0879       5   6
   6  distance  CB-HB               1.0858       5   7
   7  distance  CA=CB               1.3406       1   8
   8  distance  CB-HB               1.0879       8   9
   9  distance  CB-HB               1.0858       8  10
  10  angle     HA-CA-CA          116.2461       2   1   3
  11  angle     HA-CA=CB          119.4426       2   1   8
  12  angle     HA-CA-CA          116.2461       1   3   4
  13  angle     CA-CA=CB          124.3112       1   3   5
  14  angle     CA-CA=CB          124.3112       3   1   8
  15  angle     HA-CA=CB          119.4426       4   3   5
  16  angle     CA=CB-HB          121.5459       3   5   6
  17  angle     CA=CB-HB          121.8316       3   5   7
  18  angle     HB-CB-HB          116.6224       6   5   7
  19  angle     CA=CB-HB          121.5459       1   8   9
  20  angle     CA=CB-HB          121.8316       1   8  10
  21  angle     HB-CB-HB          116.6224       9   8  10
  22  dihedral  CA-HA--CB--CA      -0.0000       1   2   8   3
         warning: atoms    2    8  not bonded
         warning: atoms    8    3  not bonded
  23  dihedral  CA-CA--CB--HA      -0.0000       3   1   5   4
         warning: atoms    1    5  not bonded
         warning: atoms    5    4  not bonded
  24  dihedral  HB--CA--HB-CB      -0.0000       7   3   6   5
         warning: atoms    7    3  not bonded
         warning: atoms    3    6  not bonded
  25  dihedral  HB--CA--HB-CB      -0.0000      10   1   9   8
         warning: atoms   10    1  not bonded
         warning: atoms    1    9  not bonded
  26  dihedral  HA-CA-CA-HA      -180.0000       2   1   3   4
  27  dihedral  HA-CA-CA=CB        -0.0000       2   1   3   5
  28  dihedral  HA-CA=CB-HB      -180.0000       2   1   8   9
  29  dihedral  HA-CA=CB-HB         0.0000       2   1   8  10
  30  dihedral  HA-CA-CA=CB        -0.0000       8   1   3   4
  31  dihedral  CA-CA=CB-HB        -0.0000       1   3   5   6
  32  dihedral  CA-CA=CB-HB       180.0000       1   3   5   7
  33  dihedral  CB=CA-CA=CB      -180.0000       8   1   3   5
  34  dihedral  CA-CA=CB-HB        -0.0000       3   1   8   9
  35  dihedral  CA-CA=CB-HB       180.0000       3   1   8  10
  36  dihedral  HA-CA=CB-HB      -180.0000       4   3   5   6
  37  dihedral  HA-CA=CB-HB        -0.0000       4   3   5   7


         COMPARE:    37 RICOs   with    37 natural-ICs
  
         found   0  differences

  

        Compute the Transl+Rot modes in the MW-CC.s

        The Center of mass (in Angs) is  -0.00000  -0.00000   0.00000

           principal inertia axes (au)
          42.67057   409.66136   452.33193
          0.11292     0.99360     0.00000
          0.99360    -0.11292     0.00000
          0.00000     0.00000     1.00000

        Max err in the U(transl+rot)   5   5   1.110D-16


         === IMPORTANT CHECK FOR THE UA TREATMENT ===
         === the follow matrix should be null     ===
         Print:  Ut(t+r) * Hess * U(t+r) = 0 !
         units = (H/bohr2)
         1=tr.x 2=tr,y 3=tr.z 4=rot.1 5=rot.2 6=rot.3
     0.00000000  0.00000000  0.00000000  0.00000000  0.00000000  0.00000000
     0.00000000  0.00000000  0.00000000  0.00000000  0.00000000 -0.00000000
     0.00000000  0.00000000  0.00000000  0.00000000  0.00000000  0.00000000
     0.00000000  0.00000000  0.00000000 -0.00000000  0.00000000  0.00000000
     0.00000000  0.00000000 -0.00000000  0.00000000 -0.00000000  0.00000000
     0.00000000 -0.00000000  0.00000000  0.00000000  0.00000000 -0.00000000
  

        INCREMENT Alpha, Beta matrices for ABSOLUTE MINIMUM GEOMETRY
        Energy weight ......................    0.0000
        Gradient weights ...................    0.0000
        diag Hessian weights ............... 5000.0000
        off-diag Hessian weights ........... 2500.0000
        further freq dep. weight for Hessian   -1.0000

        Value of functions and deriv. at the current geometry
   #                            fun       df/dIC   d2f/dIC2      RIC       RIC(0)    change
                                Hart      Hart/b    Hart/bb      b/rad     b/rad)
   1  CA-HA                   0.00000    0.00000    1.00000    2.06069    2.06069    0.00000
   2  CA-CA                   0.00000    0.00000    1.00000    2.75426    2.75426    0.00000
   3  CA-HA                   0.00000    0.00000    1.00000    2.06069    2.06069    0.00000
   4  CA=CB                   0.00000    0.00000    1.00000    2.53329    2.53329    0.00000
   5  CB-HB                   0.00000    0.00000    1.00000    2.05587    2.05587    0.00000
   6  CB-HB                   0.00000    0.00000    1.00000    2.05186    2.05186    0.00000
   7  CA=CB                   0.00000    0.00000    1.00000    2.53329    2.53329    0.00000
   8  CB-HB                   0.00000    0.00000    1.00000    2.05587    2.05587    0.00000
   9  CB-HB                   0.00000    0.00000    1.00000    2.05186    2.05186    0.00000
  10  HA-CA-CA                0.00000    0.00000    1.00000    2.02888    2.02888    0.00000
  11  HA-CA=CB                0.00000    0.00000    1.00000    2.08467    2.08467    0.00000
  12  HA-CA-CA                0.00000    0.00000    1.00000    2.02888    2.02888    0.00000
  13  CA-CA=CB                0.00000    0.00000    1.00000    2.16964    2.16964    0.00000
  14  CA-CA=CB                0.00000    0.00000    1.00000    2.16964    2.16964    0.00000
  15  HA-CA=CB                0.00000    0.00000    1.00000    2.08467    2.08467    0.00000
  16  CA=CB-HB                0.00000    0.00000    1.00000    2.12138    2.12138    0.00000
  17  CA=CB-HB                0.00000    0.00000    1.00000    2.12636    2.12636    0.00000
  18  HB-CB-HB                0.00000    0.00000    1.00000    2.03545    2.03545    0.00000
  19  CA=CB-HB                0.00000    0.00000    1.00000    2.12138    2.12138    0.00000
  20  CA=CB-HB                0.00000    0.00000    1.00000    2.12636    2.12636    0.00000
  21  HB-CB-HB                0.00000    0.00000    1.00000    2.03545    2.03545    0.00000
  22  CA-HA--CB--CA           0.00000    0.00000    1.00000   -0.00000   -0.00000    0.00000
  23  CA-CA--CB--HA           0.00000    0.00000    1.00000   -0.00000   -0.00000    0.00000
  24  HB--CA--HB-CB           0.00000    0.00000    1.00000   -0.00000   -0.00000    0.00000
  25  HB--CA--HB-CB           0.00000    0.00000    1.00000   -0.00000   -0.00000    0.00000
  26  HA-CA-CA-HA_n=2         0.00000   -0.00000    4.00000   -3.14159   -3.14159    0.00000
  27  HA-CA-CA=CB_n=2         0.00000   -0.00000    4.00000   -0.00000   -0.00000    0.00000
  28  HA-CA=CB-HB_n=2         0.00000   -0.00000    4.00000   -3.14159   -3.14159    0.00000
  29  HA-CA=CB-HB_n=2         0.00000   -0.00000    4.00000    0.00000    0.00000    0.00000
  30  HA-CA-CA=CB_n=2         0.00000   -0.00000    4.00000   -0.00000   -0.00000    0.00000
  31  CA-CA=CB-HB_n=2         0.00000   -0.00000    4.00000   -0.00000   -0.00000    0.00000
  32  CA-CA=CB-HB_n=2         0.00000    0.00000    4.00000    3.14159    3.14159    0.00000
  33  CB=CA-CA=CB_n=2         0.00000   -0.00000    4.00000   -3.14159   -3.14159    0.00000
  34  CA-CA=CB-HB_n=2         0.00000   -0.00000    4.00000   -0.00000   -0.00000    0.00000
  35  CA-CA=CB-HB_n=2         0.00000    0.00000    4.00000    3.14159    3.14159    0.00000
  36  HA-CA=CB-HB_n=2         0.00000   -0.00000    4.00000   -3.14159   -3.14159    0.00000
  37  HA-CA=CB-HB_n=2         0.00000   -0.00000    4.00000   -0.00000   -0.00000    0.00000


            =====================================================
            =====================================================
               N O R M A L   V I B R A T I O N A L   M O D E S
                                GEOMETRY 0                    
            =====================================================
            =====================================================

        Compute the Mass weighted Hessian

        Compute the Transl+Rot modes in the MW-CC.s

        The Center of mass (in Angs) is  -0.00000  -0.00000   0.00000

           principal inertia axes (au)
          42.67057   409.66136   452.33193
          0.11292     0.99360     0.00000
          0.99360    -0.11292     0.00000
          0.00000     0.00000     1.00000

        Max err in the U(transl+rot)   5   5   1.110D-16

        Diagonalize the Mass weighted Hessian

    Eigenvalues of the (M-1/2)*F*M(-1/2) matrix (mH) GEOMETRY 0
     1 0.6513E-03     2 0.1814E-02     3 0.5524E-02     4 0.6046E-02     5 0.1268E-01
     6 0.1708E-01     7 0.1787E-01     8 0.1802E-01     9 0.2090E-01    10 0.2121E-01
    11 0.2353E-01    12 0.3193E-01    13 0.3669E-01    14 0.3680E-01    15 0.4275E-01
    16 0.4647E-01    17 0.5835E-01    18 0.6208E-01    19 0.2055        20 0.2069    
    21 0.2077        22 0.2079        23 0.2187        24 0.2187    

    Frequencies in 1/cm   GEOMETRY 0
     1   177.128     2   295.565     3   515.835     4   539.676     5   781.659
     6   907.114     7   927.828     8   931.762     9  1003.440    10  1010.832
    11  1064.718    12  1240.220    13  1329.431    14  1331.318    15  1435.060
    16  1496.128    17  1676.535    18  1729.281    19  3146.174    20  3156.571
    21  3163.119    22  3164.356    23  3245.647    24  3246.066

  Normalized VIBR NORMAL MODES: cart. displac.s GEOMETRY 0

  VIBRATIONAL NORMAL MODES: Int.Coord. displac.s GEOMETRY 0

                        177.1   295.6   515.8   539.7   781.7   907.1   927.8   931.8  1003.4  1010.8
                          1       2       3       4       5       6       7       8       9      10
   1 CA-HA              0.000   0.011   0.013   0.000  -0.000   0.011   0.000  -0.000   0.000  -0.001
   2 CA-CA             -0.000  -0.000   0.168   0.000  -0.000   0.483  -0.000  -0.000  -0.000  -0.000
   3 CA-HA              0.000  -0.011   0.013   0.000   0.000   0.011   0.000   0.000  -0.000   0.001
   4 CA=CB              0.000   0.013   0.091  -0.000   0.000   0.096  -0.000  -0.000   0.000   0.003
   5 CB-HB             -0.000   0.003   0.002  -0.000   0.000   0.013   0.000   0.000  -0.000   0.008
   6 CB-HB             -0.000  -0.004   0.011   0.000  -0.000   0.005   0.000   0.000   0.000  -0.005
   7 CA=CB              0.000  -0.013   0.091  -0.000  -0.000   0.096  -0.000   0.000  -0.000  -0.003
   8 CB-HB             -0.000  -0.003   0.002  -0.000  -0.000   0.013   0.000  -0.000   0.000  -0.008
   9 CB-HB             -0.000   0.004   0.011   0.000   0.000   0.005   0.000  -0.000  -0.000   0.005
  10 HA-CA-CA          -0.000  -0.334  -0.161  -0.000  -0.000  -0.035   0.000   0.000  -0.000   0.281
  11 HA-CA=CB          -0.000  -0.212  -0.328  -0.000  -0.000   0.121  -0.000   0.000  -0.000  -0.205
  12 HA-CA-CA          -0.000   0.334  -0.161  -0.000   0.000  -0.035   0.000  -0.000   0.000  -0.281
  13 CA-CA=CB           0.000  -0.546   0.488  -0.000   0.000  -0.086   0.000   0.000   0.000   0.076
  14 CA-CA=CB           0.000   0.546   0.488  -0.000  -0.000  -0.086   0.000  -0.000  -0.000  -0.076
  15 HA-CA=CB          -0.000   0.212  -0.328  -0.000   0.000   0.121  -0.000  -0.000   0.000   0.205
  16 CA=CB-HB           0.000  -0.148   0.240   0.000  -0.000  -0.387  -0.000  -0.000   0.000  -0.432
  17 CA=CB-HB          -0.000   0.150  -0.219   0.000  -0.000   0.444   0.000   0.000   0.000   0.432
  18 HB-CB-HB           0.000  -0.001  -0.021  -0.000   0.000  -0.057  -0.000  -0.000   0.000   0.001
  19 CA=CB-HB           0.000   0.148   0.240   0.000   0.000  -0.387  -0.000   0.000  -0.000   0.432
  20 CA=CB-HB          -0.000  -0.150  -0.219   0.000   0.000   0.444   0.000  -0.000  -0.000  -0.432
  21 HB-CB-HB           0.000   0.001  -0.021  -0.000  -0.000  -0.057  -0.000   0.000  -0.000  -0.001
  22 CA-HA--CB--CA      0.077  -0.000  -0.000  -0.189  -0.202  -0.000   0.054  -0.052  -0.217   0.000
  23 CA-CA--CB--HA     -0.072  -0.000  -0.000   0.176  -0.188  -0.000  -0.050  -0.048  -0.201   0.000
  24 HB--CA--HB-CB      0.011   0.000   0.000  -0.008   0.028   0.000  -0.335  -0.335  -0.020  -0.000
  25 HB--CA--HB-CB      0.011   0.000   0.000  -0.008  -0.028   0.000  -0.335   0.335   0.020  -0.000
  26 HA-CA-CA-HA        0.350  -0.000  -0.000   0.539  -0.000  -0.000  -0.058  -0.000   0.000   0.000
  27 HA-CA-CA=CB        0.478   0.000   0.000   0.225   0.334   0.000   0.031   0.085   0.359  -0.000
  28 HA-CA=CB-HB        0.049   0.000   0.000   0.033   0.042   0.000  -0.241   0.294  -0.384  -0.000
  29 HA-CA=CB-HB        0.030  -0.000  -0.000   0.048   0.092  -0.000   0.364  -0.310  -0.420   0.000
  30 HA-CA-CA=CB        0.478  -0.000  -0.000   0.225  -0.334  -0.000   0.031  -0.085  -0.359   0.000
  31 CA-CA=CB-HB       -0.083  -0.000  -0.000   0.356  -0.386  -0.000  -0.333  -0.382   0.015   0.000
  32 CA-CA=CB-HB       -0.102  -0.000  -0.000   0.370  -0.436  -0.000   0.272   0.222   0.051   0.000
  33 CB=CA-CA=CB        0.606   0.000   0.000  -0.088   0.000   0.000   0.120   0.000   0.000  -0.000
  34 CA-CA=CB-HB       -0.083   0.000   0.000   0.356   0.386   0.000  -0.333   0.382  -0.015  -0.000
  35 CA-CA=CB-HB       -0.102  -0.000  -0.000   0.370   0.436  -0.000   0.272  -0.222  -0.051   0.000
  36 HA-CA=CB-HB        0.049   0.000   0.000   0.033  -0.042   0.000  -0.241  -0.294   0.384  -0.000
  37 HA-CA=CB-HB        0.030   0.000   0.000   0.048  -0.092   0.000   0.364   0.310   0.420  -0.000

                       1064.7  1240.2  1329.4  1331.3  1435.1  1496.1  1676.5  1729.3  3146.2  3156.6
                         11      12      13      14      15      16      17      18      19      20
   1 CA-HA              0.000  -0.003  -0.008  -0.009   0.011  -0.007   0.022   0.013  -0.664  -0.665
   2 CA-CA              0.000  -0.406  -0.078   0.000  -0.000  -0.167  -0.000  -0.313   0.048  -0.000
   3 CA-HA              0.000  -0.003  -0.008   0.009  -0.011  -0.007  -0.022   0.013  -0.664   0.665
   4 CA=CB             -0.000   0.015  -0.167   0.084  -0.146   0.022  -0.372   0.366   0.013  -0.015
   5 CB-HB              0.000   0.008  -0.012  -0.003  -0.021   0.011  -0.019   0.016   0.143  -0.130
   6 CB-HB             -0.000  -0.008  -0.016   0.007  -0.021   0.010  -0.018   0.017   0.181  -0.197
   7 CA=CB             -0.000   0.015  -0.167  -0.084   0.146   0.022   0.372   0.366   0.013   0.015
   8 CB-HB              0.000   0.008  -0.012   0.003   0.021   0.011   0.019   0.016   0.143   0.130
   9 CB-HB             -0.000  -0.008  -0.016  -0.007   0.021   0.010   0.018   0.017   0.181   0.197
  10 HA-CA-CA          -0.000  -0.381   0.297   0.414   0.129   0.188   0.136   0.328   0.032  -0.001
  11 HA-CA=CB          -0.000   0.144  -0.448  -0.485  -0.144  -0.193  -0.149  -0.242   0.020   0.020
  12 HA-CA-CA          -0.000  -0.381   0.297  -0.414  -0.129   0.188  -0.136   0.328   0.032   0.001
  13 CA-CA=CB          -0.000   0.237   0.151  -0.070  -0.015   0.004  -0.013  -0.086  -0.052   0.019
  14 CA-CA=CB          -0.000   0.237   0.151   0.070   0.015   0.004   0.013  -0.086  -0.052  -0.019
  15 HA-CA=CB          -0.000   0.144  -0.448   0.485   0.144  -0.193   0.149  -0.242   0.020  -0.020
  16 CA=CB-HB          -0.000  -0.327  -0.315   0.222  -0.233   0.204   0.259  -0.184   0.022  -0.025
  17 CA=CB-HB          -0.000   0.295   0.096  -0.171  -0.307   0.317   0.202  -0.122  -0.017   0.017
  18 HB-CB-HB          -0.000   0.033   0.219  -0.052   0.540  -0.520  -0.461   0.306  -0.005   0.008
  19 CA=CB-HB          -0.000  -0.327  -0.315  -0.222   0.233   0.204  -0.259  -0.184   0.022   0.025
  20 CA=CB-HB          -0.000   0.295   0.096   0.171   0.307   0.317  -0.202  -0.122  -0.017  -0.017
  21 HB-CB-HB          -0.000   0.033   0.219   0.052  -0.540  -0.520   0.461   0.306  -0.005  -0.008
  22 CA-HA--CB--CA     -0.164   0.000   0.000   0.000  -0.000   0.000  -0.000  -0.000   0.000   0.000
  23 CA-CA--CB--HA      0.152   0.000   0.000   0.000  -0.000   0.000  -0.000  -0.000   0.000   0.000
  24 HB--CA--HB-CB     -0.011  -0.000  -0.000  -0.000   0.000  -0.000   0.000   0.000  -0.000  -0.000
  25 HB--CA--HB-CB     -0.011  -0.000  -0.000  -0.000   0.000  -0.000   0.000   0.000  -0.000  -0.000
  26 HA-CA-CA-HA        0.499   0.000   0.000   0.000  -0.000   0.000  -0.000  -0.000   0.000   0.000
  27 HA-CA-CA=CB        0.228  -0.000  -0.000  -0.000   0.000  -0.000   0.000   0.000  -0.000  -0.000
  28 HA-CA=CB-HB       -0.383  -0.000  -0.000  -0.000   0.000  -0.000   0.000   0.000  -0.000  -0.000
  29 HA-CA=CB-HB       -0.364   0.000   0.000   0.000  -0.000   0.000  -0.000  -0.000   0.000   0.000
  30 HA-CA-CA=CB        0.228   0.000   0.000   0.000  -0.000   0.000  -0.000  -0.000   0.000   0.000
  31 CA-CA=CB-HB       -0.104   0.000   0.000   0.000  -0.000   0.000  -0.000  -0.000   0.000   0.000
  32 CA-CA=CB-HB       -0.085   0.000   0.000   0.000  -0.000   0.000  -0.000  -0.000   0.000   0.000
  33 CB=CA-CA=CB       -0.043  -0.000  -0.000  -0.000   0.000  -0.000   0.000   0.000  -0.000  -0.000
  34 CA-CA=CB-HB       -0.104  -0.000  -0.000  -0.000   0.000  -0.000   0.000   0.000  -0.000  -0.000
  35 CA-CA=CB-HB       -0.085   0.000   0.000   0.000  -0.000   0.000  -0.000  -0.000   0.000   0.000
  36 HA-CA=CB-HB       -0.383  -0.000  -0.000  -0.000   0.000  -0.000   0.000   0.000  -0.000  -0.000
  37 HA-CA=CB-HB       -0.364  -0.000  -0.000  -0.000   0.000  -0.000   0.000   0.000  -0.000  -0.000

                       3163.1  3164.4  3245.6  3246.1
                         21      22      23      24
   1 CA-HA              0.225   0.228  -0.065   0.085
   2 CA-CA              0.000  -0.011   0.005  -0.000
   3 CA-HA             -0.225   0.228  -0.065  -0.085
   4 CA=CB              0.058  -0.056   0.011   0.012
   5 CB-HB             -0.556   0.552   0.416   0.416
   6 CB-HB             -0.368   0.370  -0.565  -0.562
   7 CA=CB             -0.058  -0.056   0.011  -0.012
   8 CB-HB              0.556   0.552   0.416  -0.416
   9 CB-HB              0.368   0.370  -0.565   0.562
  10 HA-CA-CA          -0.004  -0.016   0.005   0.000
  11 HA-CA=CB          -0.006  -0.009  -0.024   0.022
  12 HA-CA-CA           0.004  -0.016   0.005  -0.000
  13 CA-CA=CB          -0.010   0.025   0.018   0.022
  14 CA-CA=CB           0.010   0.025   0.018  -0.022
  15 HA-CA=CB           0.006  -0.009  -0.024  -0.022
  16 CA=CB-HB          -0.002   0.001  -0.039  -0.038
  17 CA=CB-HB          -0.027   0.028   0.034   0.034
  18 HB-CB-HB           0.028  -0.029   0.005   0.004
  19 CA=CB-HB           0.002   0.001  -0.039   0.038
  20 CA=CB-HB           0.027   0.028   0.034  -0.034
  21 HB-CB-HB          -0.028  -0.029   0.005  -0.004

        End Normal Modes Calculation



        computed Alpha,Beta for HESSIAN points    1  300

        Computed  300  new points for geom: ABSOLUTE MINIMUM GEOMETRY


                    END OF ALPHA,BETA CALCULATION AT GEOM.s






                =================================================
                  S O L V E   T H E   L I N E A R   S Y S T E M
                  F O R   T H E   B E S T   P A R A M E T E R S
                =================================================

                    n. of parameters ..............   37
                    n. of points ..................  300


                ----------- read dependences -----------
            no given dependences

                 - all nonbonded prms have been assigned -

    ========= REDUNDANCY OF THE FUNCTIONS =========
    threshold for automatic dependencies   0.9950
    max redundancy  23  30   0.9093    CA-CA--CB--HA              HA-CA-CA=CB_n=2         

                Number of free parameters .........   37

  given threshold for null eigenvalues ....   0.100D-11 * Max(eigenvalue)
  maximum value of the A matrix ...........   0.890D-07
  both A and B are multiplied by ..........   0.100D+10
  sum (over points) of the weights ........   0.100D+02


       ----------------------------------------------
       -     Inversion of a symmetric matrix        -
       -     trhough spectral decomposition         -
       ----------------------------------------------
       starting dimension of the eigenv. problem   37
       n. of vanishing metric eigenvalues .. ...    0
       n. of taken eigenvalues .................   37
       factor to mult max(eig) to get thr ......   1.00D-12
       max eigenvalue ..........................   2.58D+02
       threshold used for eigenvalues ..........   2.58D-10
 first kept metric eigenvalues from     1
     1.076D-02  2.097D-02  3.321D-02  3.546D-02  7.496D-02

 metric eigensolution n.   1  0.1076293E-01
    0.00   0.00  -0.00  -0.00  -0.00  -0.00   0.00   0.00   0.00  -0.04
    0.04   0.04   0.70  -0.70  -0.04  -0.02  -0.02   0.01   0.02   0.02
   -0.01   0.00   0.00   0.00   0.00   0.00   0.00   0.00   0.00   0.00
    0.00   0.00   0.00   0.00   0.00   0.00   0.00
  n. of low eigenvalues in the inversion           0

       ACCURACY OF THE LINEAR EQUATION SOLUTIONS
         Maximum Error in |A*x-B|    =       0.000000  on elem   1
           |A*x-B|/|B|               =       0.000000
           |B|                       =      19.582970
         Max err in the matrix inversion    0.204E-10
         for the matrix element               9   14


     ==== VALUE OF THE BEST LINEAR PARAMETERS ====
     # param.s   37        #. of free param.s   37
     sensitivity index:    =1 OK,  =0 useless function
     ---------------------------------------------
  #     value               Sens Index
   1   0.347877                1.000   CA-HA
   2   0.271976                1.000   CA-CA
   3   0.347877                1.000   CA-HA
   4   0.518720                1.000   CA=CB
   5   0.357832                1.000   CB-HB
   6   0.360297                1.000   CB-HB
   7   0.518720                1.000   CA=CB
   8   0.357832                1.000   CB-HB
   9   0.360297                1.000   CB-HB
  10   0.102717                1.000   HA-CA-CA
  11   0.153538                1.000   HA-CA=CB
  12   0.102717                1.000   HA-CA-CA
  13   0.244859                1.000   CA-CA=CB
  14   0.244859                1.000   CA-CA=CB
  15   0.153538                1.000   HA-CA=CB
  16   0.134525                1.000   CA=CB-HB
  17   0.127964                1.000   CA=CB-HB
  18   0.099333                1.000   HB-CB-HB
  19   0.134525                1.000   CA=CB-HB
  20   0.127964                1.000   CA=CB-HB
  21   0.099333                1.000   HB-CB-HB
  22   0.039013                1.000   CA-HA--CB--CA
  23   0.045286                1.000   CA-CA--CB--HA
  24   0.019127                1.000   HB--CA--HB-CB
  25   0.019127                1.000   HB--CA--HB-CB
  26   0.002565                1.000   HA-CA-CA-HA_n=2
  27   0.001558                1.000   HA-CA-CA=CB_n=2
  28   0.009036                1.000   HA-CA=CB-HB_n=2
  29   0.005582                1.000   HA-CA=CB-HB_n=2
  30   0.001558                1.000   HA-CA-CA=CB_n=2
  31   0.006806                1.000   CA-CA=CB-HB_n=2
  32   0.010240                1.000   CA-CA=CB-HB_n=2
  33   0.001639                1.000   CB=CA-CA=CB_n=2
  34   0.006806                1.000   CA-CA=CB-HB_n=2
  35   0.010240                1.000   CA-CA=CB-HB_n=2
  36   0.009036                1.000   HA-CA=CB-HB_n=2
  37   0.005582                1.000   HA-CA=CB-HB_n=2
       Sum of sens indeces    37.000


     RESULTS OF THE LINEAR FITTING (values*   0.1D+06)
         exact  computed   residue    Chisq
     1    0.0651    0.0644    0.0007   0.00000   hes 0  1  1    0.0617
     2    0.0000   -0.0000    0.0000   0.00000   hes 0  2  1    0.0309
     3    0.1814    0.2680   -0.0866   0.00005   hes 0  2  2    0.0617
     4    0.0000   -0.0000    0.0000   0.00005   hes 0  3  1    0.0309
     5    0.0000   -0.0000    0.0000   0.00005   hes 0  3  2    0.0309
     6    0.5524    0.5997   -0.0473   0.00006   hes 0  3  3    0.0617
     7    0.0000   -0.0403    0.0403   0.00007   hes 0  4  1    0.0309
     8    0.0000    0.0000   -0.0000   0.00007   hes 0  4  2    0.0309
     9    0.0000   -0.0000    0.0000   0.00007   hes 0  4  3    0.0309
    10    0.6046    0.7045   -0.0999   0.00013   hes 0  4  4    0.0617
    11    0.0000    0.0000   -0.0000   0.00013   hes 0  5  1    0.0309
    12    0.0000   -0.0000    0.0000   0.00013   hes 0  5  2    0.0309
    13    0.0000   -0.0000    0.0000   0.00013   hes 0  5  3    0.0309
    14    0.0000   -0.0000    0.0000   0.00013   hes 0  5  4    0.0309
    15    1.2684    1.2115    0.0569   0.00015   hes 0  5  5    0.0617
    16    0.0000    0.0000   -0.0000   0.00015   hes 0  6  1    0.0309
    17    0.0000   -0.0000    0.0000   0.00015   hes 0  6  2    0.0309
    18    0.0000   -0.2613    0.2613   0.00036   hes 0  6  3    0.0309
    19    0.0000   -0.0000    0.0000   0.00036   hes 0  6  4    0.0309
    20    0.0000    0.0000   -0.0000   0.00036   hes 0  6  5    0.0309
    21    1.7083    1.5812    0.1270   0.00046   hes 0  6  6    0.0617
    22    0.0000   -0.0117    0.0117   0.00046   hes 0  7  1    0.0309
    23    0.0000    0.0000   -0.0000   0.00046   hes 0  7  2    0.0309
    24    0.0000   -0.0000    0.0000   0.00046   hes 0  7  3    0.0309
    25    0.0000    0.0441   -0.0441   0.00046   hes 0  7  4    0.0309
    26    0.0000    0.0000   -0.0000   0.00046   hes 0  7  5    0.0309
    27    0.0000    0.0000   -0.0000   0.00046   hes 0  7  6    0.0309
    28    1.7872    1.7915   -0.0043   0.00046   hes 0  7  7    0.0617
    29    0.0000    0.0000   -0.0000   0.00046   hes 0  8  1    0.0309
    30    0.0000    0.0000   -0.0000   0.00046   hes 0  8  2    0.0309
    31    0.0000   -0.0000    0.0000   0.00046   hes 0  8  3    0.0309
    32    0.0000    0.0000   -0.0000   0.00046   hes 0  8  4    0.0309
    33    0.0000    0.0268   -0.0268   0.00047   hes 0  8  5    0.0309
    34    0.0000   -0.0000    0.0000   0.00047   hes 0  8  6    0.0309
    35    0.0000    0.0000   -0.0000   0.00047   hes 0  8  7    0.0309
    36    1.8024    1.7992    0.0032   0.00047   hes 0  8  8    0.0617
    37    0.0000    0.0000   -0.0000   0.00047   hes 0  9  1    0.0309
    38    0.0000   -0.0000    0.0000   0.00047   hes 0  9  2    0.0309
    39    0.0000    0.0000    0.0000   0.00047   hes 0  9  3    0.0309
    40    0.0000   -0.0000    0.0000   0.00047   hes 0  9  4    0.0309
    41    0.0000   -0.0071    0.0071   0.00047   hes 0  9  5    0.0309
    42    0.0000    0.0000    0.0000   0.00047   hes 0  9  6    0.0309
    43    0.0000    0.0000   -0.0000   0.00047   hes 0  9  7    0.0309
    44    0.0000   -0.0150    0.0150   0.00047   hes 0  9  8    0.0309
    45    2.0903    2.1162   -0.0258   0.00047   hes 0  9  9    0.0617
    46    0.0000   -0.0000    0.0000   0.00047   hes 0 10  1    0.0309
    47    0.0000    0.0369   -0.0369   0.00048   hes 0 10  2    0.0309
    48    0.0000    0.0000   -0.0000   0.00048   hes 0 10  3    0.0309
    49    0.0000   -0.0000    0.0000   0.00048   hes 0 10  4    0.0309
    50    0.0000    0.0000   -0.0000   0.00048   hes 0 10  5    0.0309
    51    0.0000   -0.0000    0.0000   0.00048   hes 0 10  6    0.0309
    52    0.0000    0.0000   -0.0000   0.00048   hes 0 10  7    0.0309
    53    0.0000   -0.0000    0.0000   0.00048   hes 0 10  8    0.0309
    54    0.0000    0.0000   -0.0000   0.00048   hes 0 10  9    0.0309
    55    2.1212    2.3344   -0.2131   0.00076   hes 0 10 10    0.0617
    56    0.0000    0.0368   -0.0368   0.00076   hes 0 11  1    0.0309
    57    0.0000   -0.0000    0.0000   0.00076   hes 0 11  2    0.0309
    58    0.0000   -0.0000    0.0000   0.00076   hes 0 11  3    0.0309
    59    0.0000   -0.0238    0.0238   0.00076   hes 0 11  4    0.0309
    60    0.0000   -0.0000    0.0000   0.00076   hes 0 11  5    0.0309
    61    0.0000    0.0000   -0.0000   0.00076   hes 0 11  6    0.0309
    62    0.0000   -0.0025    0.0025   0.00076   hes 0 11  7    0.0309
    63    0.0000    0.0000   -0.0000   0.00076   hes 0 11  8    0.0309
    64    0.0000    0.0000   -0.0000   0.00076   hes 0 11  9    0.0309
    65    0.0000   -0.0000    0.0000   0.00076   hes 0 11 10    0.0309
    66    2.3534    2.3271    0.0264   0.00077   hes 0 11 11    0.0617
    67    0.0000   -0.0000    0.0000   0.00077   hes 0 12  1    0.0309
    68    0.0000    0.0000   -0.0000   0.00077   hes 0 12  2    0.0309
    69    0.0000   -0.0007    0.0007   0.00077   hes 0 12  3    0.0309
    70    0.0000    0.0000   -0.0000   0.00077   hes 0 12  4    0.0309
    71    0.0000   -0.0000    0.0000   0.00077   hes 0 12  5    0.0309
    72    0.0000    0.1684   -0.1684   0.00085   hes 0 12  6    0.0309
    73    0.0000    0.0000   -0.0000   0.00085   hes 0 12  7    0.0309
    74    0.0000   -0.0000    0.0000   0.00085   hes 0 12  8    0.0309
    75    0.0000    0.0000   -0.0000   0.00085   hes 0 12  9    0.0309
    76    0.0000   -0.0000    0.0000   0.00085   hes 0 12 10    0.0309
    77    0.0000    0.0000   -0.0000   0.00085   hes 0 12 11    0.0309
    78    3.1932    2.7754    0.4179   0.00193   hes 0 12 12    0.0617
    79    0.0000    0.0000   -0.0000   0.00193   hes 0 13  1    0.0309
    80    0.0000   -0.0000    0.0000   0.00193   hes 0 13  2    0.0309
    81    0.0000    0.1984   -0.1984   0.00205   hes 0 13  3    0.0309
    82    0.0000    0.0000   -0.0000   0.00205   hes 0 13  4    0.0309
    83    0.0000   -0.0000    0.0000   0.00205   hes 0 13  5    0.0309
    84    0.0000   -0.1497    0.1497   0.00212   hes 0 13  6    0.0309
    85    0.0000    0.0000   -0.0000   0.00212   hes 0 13  7    0.0309
    86    0.0000    0.0000   -0.0000   0.00212   hes 0 13  8    0.0309
    87    0.0000    0.0000   -0.0000   0.00212   hes 0 13  9    0.0309
    88    0.0000    0.0000   -0.0000   0.00212   hes 0 13 10    0.0309
    89    0.0000    0.0000   -0.0000   0.00212   hes 0 13 11    0.0309
    90    0.0000    0.3202   -0.3202   0.00244   hes 0 13 12    0.0309
    91    3.6691    3.3029    0.3662   0.00327   hes 0 13 13    0.0617
    92    0.0000   -0.0000    0.0000   0.00327   hes 0 14  1    0.0309
    93    0.0000    0.0455   -0.0455   0.00327   hes 0 14  2    0.0309
    94    0.0000   -0.0000    0.0000   0.00327   hes 0 14  3    0.0309
    95    0.0000    0.0000   -0.0000   0.00327   hes 0 14  4    0.0309
    96    0.0000    0.0000   -0.0000   0.00327   hes 0 14  5    0.0309
    97    0.0000   -0.0000    0.0000   0.00327   hes 0 14  6    0.0309
    98    0.0000    0.0000   -0.0000   0.00327   hes 0 14  7    0.0309
    99    0.0000   -0.0000    0.0000   0.00327   hes 0 14  8    0.0309
   100    0.0000   -0.0000    0.0000   0.00327   hes 0 14  9    0.0309
   101    0.0000    0.1553   -0.1553   0.00335   hes 0 14 10    0.0309
   102    0.0000   -0.0000    0.0000   0.00335   hes 0 14 11    0.0309
   103    0.0000   -0.0000    0.0000   0.00335   hes 0 14 12    0.0309
   104    0.0000    0.0000   -0.0000   0.00335   hes 0 14 13    0.0309
   105    3.6796    3.5522    0.1273   0.00345   hes 0 14 14    0.0617
   106    0.0000   -0.0000    0.0000   0.00345   hes 0 15  1    0.0309
   107    0.0000    0.0009   -0.0009   0.00345   hes 0 15  2    0.0309
   108    0.0000    0.0000   -0.0000   0.00345   hes 0 15  3    0.0309
   109    0.0000    0.0000   -0.0000   0.00345   hes 0 15  4    0.0309
   110    0.0000   -0.0000    0.0000   0.00345   hes 0 15  5    0.0309
   111    0.0000   -0.0000    0.0000   0.00345   hes 0 15  6    0.0309
   112    0.0000    0.0000   -0.0000   0.00345   hes 0 15  7    0.0309
   113    0.0000   -0.0000    0.0000   0.00345   hes 0 15  8    0.0309
   114    0.0000   -0.0000    0.0000   0.00345   hes 0 15  9    0.0309
   115    0.0000    0.2035   -0.2035   0.00357   hes 0 15 10    0.0309
   116    0.0000    0.0000   -0.0000   0.00357   hes 0 15 11    0.0309
   117    0.0000    0.0000   -0.0000   0.00357   hes 0 15 12    0.0309
   118    0.0000    0.0000   -0.0000   0.00357   hes 0 15 13    0.0309
   119    0.0000    0.3874   -0.3874   0.00404   hes 0 15 14    0.0309
   120    4.2754    3.9821    0.2933   0.00457   hes 0 15 15    0.0617
   121    0.0000   -0.0000    0.0000   0.00457   hes 0 16  1    0.0309
   122    0.0000    0.0000   -0.0000   0.00457   hes 0 16  2    0.0309
   123    0.0000    0.0690   -0.0690   0.00458   hes 0 16  3    0.0309
   124    0.0000    0.0000   -0.0000   0.00458   hes 0 16  4    0.0309
   125    0.0000    0.0000   -0.0000   0.00458   hes 0 16  5    0.0309
   126    0.0000   -0.1452    0.1452   0.00465   hes 0 16  6    0.0309
   127    0.0000   -0.0000    0.0000   0.00465   hes 0 16  7    0.0309
   128    0.0000    0.0000   -0.0000   0.00465   hes 0 16  8    0.0309
   129    0.0000    0.0000   -0.0000   0.00465   hes 0 16  9    0.0309
   130    0.0000    0.0000   -0.0000   0.00465   hes 0 16 10    0.0309
   131    0.0000   -0.0000    0.0000   0.00465   hes 0 16 11    0.0309
   132    0.0000   -0.0397    0.0397   0.00465   hes 0 16 12    0.0309
   133    0.0000    0.1622   -0.1622   0.00473   hes 0 16 13    0.0309
   134    0.0000    0.0000   -0.0000   0.00473   hes 0 16 14    0.0309
   135    0.0000    0.0000   -0.0000   0.00473   hes 0 16 15    0.0309
   136    4.6470    4.6961   -0.0491   0.00475   hes 0 16 16    0.0617
   137    0.0000   -0.0000    0.0000   0.00475   hes 0 17  1    0.0309
   138    0.0000   -0.0205    0.0205   0.00475   hes 0 17  2    0.0309
   139    0.0000    0.0000   -0.0000   0.00475   hes 0 17  3    0.0309
   140    0.0000   -0.0000    0.0000   0.00475   hes 0 17  4    0.0309
   141    0.0000   -0.0000    0.0000   0.00475   hes 0 17  5    0.0309
   142    0.0000   -0.0000    0.0000   0.00475   hes 0 17  6    0.0309
   143    0.0000   -0.0000    0.0000   0.00475   hes 0 17  7    0.0309
   144    0.0000   -0.0000    0.0000   0.00475   hes 0 17  8    0.0309
   145    0.0000   -0.0000    0.0000   0.00475   hes 0 17  9    0.0309
   146    0.0000    0.1631   -0.1631   0.00483   hes 0 17 10    0.0309
   147    0.0000   -0.0000    0.0000   0.00483   hes 0 17 11    0.0309
   148    0.0000   -0.0000    0.0000   0.00483   hes 0 17 12    0.0309
   149    0.0000   -0.0000    0.0000   0.00483   hes 0 17 13    0.0309
   150    0.0000    0.3267   -0.3267   0.00516   hes 0 17 14    0.0309
   151    0.0000   -0.3932    0.3932   0.00564   hes 0 17 15    0.0309
   152    0.0000    0.0000   -0.0000   0.00564   hes 0 17 16    0.0309
   153    5.8352    5.7189    0.1163   0.00572   hes 0 17 17    0.0617
   154    0.0000   -0.0000    0.0000   0.00572   hes 0 18  1    0.0309
   155    0.0000   -0.0000    0.0000   0.00572   hes 0 18  2    0.0309
   156    0.0000    0.0646   -0.0646   0.00574   hes 0 18  3    0.0309
   157    0.0000   -0.0000    0.0000   0.00574   hes 0 18  4    0.0309
   158    0.0000    0.0000   -0.0000   0.00574   hes 0 18  5    0.0309
   159    0.0000   -0.1654    0.1654   0.00582   hes 0 18  6    0.0309
   160    0.0000   -0.0000    0.0000   0.00582   hes 0 18  7    0.0309
   161    0.0000    0.0000   -0.0000   0.00582   hes 0 18  8    0.0309
   162    0.0000    0.0000   -0.0000   0.00582   hes 0 18  9    0.0309
   163    0.0000    0.0000   -0.0000   0.00582   hes 0 18 10    0.0309
   164    0.0000    0.0000   -0.0000   0.00582   hes 0 18 11    0.0309
   165    0.0000    0.0622   -0.0622   0.00583   hes 0 18 12    0.0309
   166    0.0000    0.3681   -0.3681   0.00625   hes 0 18 13    0.0309
   167    0.0000   -0.0000    0.0000   0.00625   hes 0 18 14    0.0309
   168    0.0000    0.0000   -0.0000   0.00625   hes 0 18 15    0.0309
   169    0.0000   -0.0656    0.0656   0.00626   hes 0 18 16    0.0309
   170    0.0000    0.0000   -0.0000   0.00626   hes 0 18 17    0.0309
   171    6.2082    6.5977   -0.3896   0.00720   hes 0 18 18    0.0617
   172    0.0000    0.0000   -0.0000   0.00720   hes 0 19  1    0.0309
   173    0.0000    0.0000   -0.0000   0.00720   hes 0 19  2    0.0309
   174    0.0000   -0.1936    0.1936   0.00732   hes 0 19  3    0.0309
   175    0.0000   -0.0000    0.0000   0.00732   hes 0 19  4    0.0309
   176    0.0000   -0.0000    0.0000   0.00732   hes 0 19  5    0.0309
   177    0.0000    0.0693   -0.0693   0.00733   hes 0 19  6    0.0309
   178    0.0000   -0.0000    0.0000   0.00733   hes 0 19  7    0.0309
   179    0.0000    0.0000   -0.0000   0.00733   hes 0 19  8    0.0309
   180    0.0000   -0.0000    0.0000   0.00733   hes 0 19  9    0.0309
   181    0.0000    0.0000   -0.0000   0.00733   hes 0 19 10    0.0309
   182    0.0000    0.0000   -0.0000   0.00733   hes 0 19 11    0.0309
   183    0.0000   -0.4820    0.4820   0.00805   hes 0 19 12    0.0309
   184    0.0000   -0.3503    0.3503   0.00843   hes 0 19 13    0.0309
   185    0.0000   -0.0000    0.0000   0.00843   hes 0 19 14    0.0309
   186    0.0000   -0.0000    0.0000   0.00843   hes 0 19 15    0.0309
   187    0.0000    0.1975   -0.1975   0.00855   hes 0 19 16    0.0309
   188    0.0000   -0.0000    0.0000   0.00855   hes 0 19 17    0.0309
   189    0.0000    0.0242   -0.0242   0.00855   hes 0 19 18    0.0309
   190   20.5493   20.6738   -0.1245   0.00864   hes 0 19 19    0.0617
   191    0.0000    0.0000   -0.0000   0.00864   hes 0 20  1    0.0309
   192    0.0000   -0.0900    0.0900   0.00867   hes 0 20  2    0.0309
   193    0.0000   -0.0000    0.0000   0.00867   hes 0 20  3    0.0309
   194    0.0000    0.0000   -0.0000   0.00867   hes 0 20  4    0.0309
   195    0.0000    0.0000   -0.0000   0.00867   hes 0 20  5    0.0309
   196    0.0000    0.0000   -0.0000   0.00867   hes 0 20  6    0.0309
   197    0.0000    0.0000   -0.0000   0.00867   hes 0 20  7    0.0309
   198    0.0000    0.0000   -0.0000   0.00867   hes 0 20  8    0.0309
   199    0.0000    0.0000   -0.0000   0.00867   hes 0 20  9    0.0309
   200    0.0000    0.1527   -0.1527   0.00874   hes 0 20 10    0.0309
   201    0.0000    0.0000   -0.0000   0.00874   hes 0 20 11    0.0309
   202    0.0000   -0.0000    0.0000   0.00874   hes 0 20 12    0.0309
   203    0.0000    0.0000   -0.0000   0.00874   hes 0 20 13    0.0309
   204    0.0000   -0.1610    0.1610   0.00882   hes 0 20 14    0.0309
   205    0.0000    0.0913   -0.0913   0.00885   hes 0 20 15    0.0309
   206    0.0000    0.0000   -0.0000   0.00885   hes 0 20 16    0.0309
   207    0.0000   -0.1190    0.1190   0.00889   hes 0 20 17    0.0309
   208    0.0000   -0.0000    0.0000   0.00889   hes 0 20 18    0.0309
   209    0.0000    0.0000   -0.0000   0.00889   hes 0 20 19    0.0309
   210   20.6853   20.5671    0.1183   0.00898   hes 0 20 20    0.0617
   211    0.0000   -0.0000    0.0000   0.00898   hes 0 21  1    0.0309
   212    0.0000    0.0435   -0.0435   0.00898   hes 0 21  2    0.0309
   213    0.0000    0.0000   -0.0000   0.00898   hes 0 21  3    0.0309
   214    0.0000    0.0000   -0.0000   0.00898   hes 0 21  4    0.0309
   215    0.0000   -0.0000    0.0000   0.00898   hes 0 21  5    0.0309
   216    0.0000   -0.0000    0.0000   0.00898   hes 0 21  6    0.0309
   217    0.0000   -0.0000    0.0000   0.00898   hes 0 21  7    0.0309
   218    0.0000    0.0000   -0.0000   0.00898   hes 0 21  8    0.0309
   219    0.0000    0.0000   -0.0000   0.00898   hes 0 21  9    0.0309
   220    0.0000   -0.1519    0.1519   0.00905   hes 0 21 10    0.0309
   221    0.0000   -0.0000    0.0000   0.00905   hes 0 21 11    0.0309
   222    0.0000   -0.0000    0.0000   0.00905   hes 0 21 12    0.0309
   223    0.0000    0.0000   -0.0000   0.00905   hes 0 21 13    0.0309
   224    0.0000    0.1731   -0.1731   0.00915   hes 0 21 14    0.0309
   225    0.0000    0.5144   -0.5144   0.00996   hes 0 21 15    0.0309
   226    0.0000   -0.0000    0.0000   0.00996   hes 0 21 16    0.0309
   227    0.0000   -0.4116    0.4116   0.01049   hes 0 21 17    0.0309
   228    0.0000    0.0000   -0.0000   0.01049   hes 0 21 18    0.0309
   229    0.0000    0.0000   -0.0000   0.01049   hes 0 21 19    0.0309
   230    0.0000   -0.0953    0.0953   0.01051   hes 0 21 20    0.0309
   231   20.7712   20.6692    0.1021   0.01058   hes 0 21 21    0.0617
   232    0.0000   -0.0000    0.0000   0.01058   hes 0 22  1    0.0309
   233    0.0000    0.0000   -0.0000   0.01058   hes 0 22  2    0.0309
   234    0.0000    0.0778   -0.0778   0.01060   hes 0 22  3    0.0309
   235    0.0000    0.0000   -0.0000   0.01060   hes 0 22  4    0.0309
   236    0.0000    0.0000   -0.0000   0.01060   hes 0 22  5    0.0309
   237    0.0000    0.0723   -0.0723   0.01061   hes 0 22  6    0.0309
   238    0.0000    0.0000   -0.0000   0.01061   hes 0 22  7    0.0309
   239    0.0000    0.0000   -0.0000   0.01061   hes 0 22  8    0.0309
   240    0.0000   -0.0000    0.0000   0.01061   hes 0 22  9    0.0309
   241    0.0000   -0.0000    0.0000   0.01061   hes 0 22 10    0.0309
   242    0.0000    0.0000   -0.0000   0.01061   hes 0 22 11    0.0309
   243    0.0000    0.1988   -0.1988   0.01074   hes 0 22 12    0.0309
   244    0.0000    0.0485   -0.0485   0.01074   hes 0 22 13    0.0309
   245    0.0000    0.0000   -0.0000   0.01074   hes 0 22 14    0.0309
   246    0.0000    0.0000   -0.0000   0.01074   hes 0 22 15    0.0309
   247    0.0000    0.5003   -0.5003   0.01152   hes 0 22 16    0.0309
   248    0.0000   -0.0000    0.0000   0.01152   hes 0 22 17    0.0309
   249    0.0000   -0.4638    0.4638   0.01218   hes 0 22 18    0.0309
   250    0.0000   -0.1386    0.1386   0.01224   hes 0 22 19    0.0309
   251    0.0000    0.0000   -0.0000   0.01224   hes 0 22 20    0.0309
   252    0.0000   -0.0000    0.0000   0.01224   hes 0 22 21    0.0309
   253   20.7875   20.6889    0.0985   0.01230   hes 0 22 22    0.0617
   254    0.0000   -0.0000    0.0000   0.01230   hes 0 23  1    0.0309
   255    0.0000   -0.0000    0.0000   0.01230   hes 0 23  2    0.0309
   256    0.0000   -0.0173    0.0173   0.01230   hes 0 23  3    0.0309
   257    0.0000   -0.0000    0.0000   0.01230   hes 0 23  4    0.0309
   258    0.0000   -0.0000    0.0000   0.01230   hes 0 23  5    0.0309
   259    0.0000    0.2204   -0.2204   0.01245   hes 0 23  6    0.0309
   260    0.0000   -0.0000    0.0000   0.01245   hes 0 23  7    0.0309
   261    0.0000    0.0000   -0.0000   0.01245   hes 0 23  8    0.0309
   262    0.0000   -0.0000    0.0000   0.01245   hes 0 23  9    0.0309
   263    0.0000    0.0000   -0.0000   0.01245   hes 0 23 10    0.0309
   264    0.0000   -0.0000    0.0000   0.01245   hes 0 23 11    0.0309
   265    0.0000    0.3976   -0.3976   0.01294   hes 0 23 12    0.0309
   266    0.0000    0.3731   -0.3731   0.01337   hes 0 23 13    0.0309
   267    0.0000   -0.0000    0.0000   0.01337   hes 0 23 14    0.0309
   268    0.0000   -0.0000    0.0000   0.01337   hes 0 23 15    0.0309
   269    0.0000    0.0577   -0.0577   0.01338   hes 0 23 16    0.0309
   270    0.0000   -0.0000    0.0000   0.01338   hes 0 23 17    0.0309
   271    0.0000    0.1375   -0.1375   0.01344   hes 0 23 18    0.0309
   272    0.0000   -0.1182    0.1182   0.01348   hes 0 23 19    0.0309
   273    0.0000   -0.0000    0.0000   0.01348   hes 0 23 20    0.0309
   274    0.0000   -0.0000    0.0000   0.01348   hes 0 23 21    0.0309
   275    0.0000    0.1844   -0.1844   0.01358   hes 0 23 22    0.0309
   276   21.8693   21.9616   -0.0923   0.01364   hes 0 23 23    0.0617
   277    0.0000   -0.0000    0.0000   0.01364   hes 0 24  1    0.0309
   278    0.0000   -0.0108    0.0108   0.01364   hes 0 24  2    0.0309
   279    0.0000    0.0000   -0.0000   0.01364   hes 0 24  3    0.0309
   280    0.0000    0.0000   -0.0000   0.01364   hes 0 24  4    0.0309
   281    0.0000    0.0000   -0.0000   0.01364   hes 0 24  5    0.0309
   282    0.0000    0.0000   -0.0000   0.01364   hes 0 24  6    0.0309
   283    0.0000    0.0000   -0.0000   0.01364   hes 0 24  7    0.0309
   284    0.0000    0.0000   -0.0000   0.01364   hes 0 24  8    0.0309
   285    0.0000   -0.0000    0.0000   0.01364   hes 0 24  9    0.0309
   286    0.0000    0.3905   -0.3905   0.01411   hes 0 24 10    0.0309
   287    0.0000    0.0000   -0.0000   0.01411   hes 0 24 11    0.0309
   288    0.0000   -0.0000    0.0000   0.01411   hes 0 24 12    0.0309
   289    0.0000   -0.0000    0.0000   0.01411   hes 0 24 13    0.0309
   290    0.0000   -0.4370    0.4370   0.01470   hes 0 24 14    0.0309
   291    0.0000    0.0027   -0.0027   0.01470   hes 0 24 15    0.0309
   292    0.0000   -0.0000    0.0000   0.01470   hes 0 24 16    0.0309
   293    0.0000   -0.1571    0.1571   0.01477   hes 0 24 17    0.0309
   294    0.0000   -0.0000    0.0000   0.01477   hes 0 24 18    0.0309
   295    0.0000    0.0000   -0.0000   0.01477   hes 0 24 19    0.0309
   296    0.0000    0.1476   -0.1476   0.01484   hes 0 24 20    0.0309
   297    0.0000   -0.1808    0.1808   0.01494   hes 0 24 21    0.0309
   298    0.0000   -0.0000    0.0000   0.01494   hes 0 24 22    0.0309
   299    0.0000    0.0000   -0.0000   0.01494   hes 0 24 23    0.0309
   300   21.8749   21.9565   -0.0816   0.01498   hes 0 24 24    0.0617
     TOTAL STANDARD DEVIATION 0.122D-05   atomic units


     RESULTS OF THE LINEAR FITTING (kJ/mol L=angst)
         exact  computed   residue    Chisq
     1    0.0061    0.0060    0.0001   0.00000   hes 0  1  1    0.0617
     2    0.0000   -0.0000    0.0000   0.00000   hes 0  2  1    0.0309
     3    0.0170    0.0251   -0.0081   0.00000   hes 0  2  2    0.0617
     4    0.0000   -0.0000    0.0000   0.00000   hes 0  3  1    0.0309
     5    0.0000   -0.0000    0.0000   0.00000   hes 0  3  2    0.0309
     6    0.0518    0.0562   -0.0044   0.00000   hes 0  3  3    0.0617
     7    0.0000   -0.0038    0.0038   0.00000   hes 0  4  1    0.0309
     8    0.0000    0.0000   -0.0000   0.00000   hes 0  4  2    0.0309
     9    0.0000   -0.0000    0.0000   0.00000   hes 0  4  3    0.0309
    10    0.0567    0.0661   -0.0094   0.00000   hes 0  4  4    0.0617
    11    0.0000    0.0000   -0.0000   0.00000   hes 0  5  1    0.0309
    12    0.0000   -0.0000    0.0000   0.00000   hes 0  5  2    0.0309
    13    0.0000   -0.0000    0.0000   0.00000   hes 0  5  3    0.0309
    14    0.0000   -0.0000    0.0000   0.00000   hes 0  5  4    0.0309
    15    0.1189    0.1136    0.0053   0.00000   hes 0  5  5    0.0617
    16    0.0000    0.0000   -0.0000   0.00000   hes 0  6  1    0.0309
    17    0.0000   -0.0000    0.0000   0.00000   hes 0  6  2    0.0309
    18    0.0000   -0.0245    0.0245   0.00000   hes 0  6  3    0.0309
    19    0.0000   -0.0000    0.0000   0.00000   hes 0  6  4    0.0309
    20    0.0000    0.0000   -0.0000   0.00000   hes 0  6  5    0.0309
    21    0.1602    0.1483    0.0119   0.00000   hes 0  6  6    0.0617
    22    0.0000   -0.0011    0.0011   0.00000   hes 0  7  1    0.0309
    23    0.0000    0.0000   -0.0000   0.00000   hes 0  7  2    0.0309
    24    0.0000   -0.0000    0.0000   0.00000   hes 0  7  3    0.0309
    25    0.0000    0.0041   -0.0041   0.00000   hes 0  7  4    0.0309
    26    0.0000    0.0000   -0.0000   0.00000   hes 0  7  5    0.0309
    27    0.0000    0.0000   -0.0000   0.00000   hes 0  7  6    0.0309
    28    0.1676    0.1680   -0.0004   0.00000   hes 0  7  7    0.0617
    29    0.0000    0.0000   -0.0000   0.00000   hes 0  8  1    0.0309
    30    0.0000    0.0000   -0.0000   0.00000   hes 0  8  2    0.0309
    31    0.0000   -0.0000    0.0000   0.00000   hes 0  8  3    0.0309
    32    0.0000    0.0000   -0.0000   0.00000   hes 0  8  4    0.0309
    33    0.0000    0.0025   -0.0025   0.00000   hes 0  8  5    0.0309
    34    0.0000   -0.0000    0.0000   0.00000   hes 0  8  6    0.0309
    35    0.0000    0.0000   -0.0000   0.00000   hes 0  8  7    0.0309
    36    0.1690    0.1687    0.0003   0.00000   hes 0  8  8    0.0617
    37    0.0000    0.0000   -0.0000   0.00000   hes 0  9  1    0.0309
    38    0.0000   -0.0000    0.0000   0.00000   hes 0  9  2    0.0309
    39    0.0000    0.0000    0.0000   0.00000   hes 0  9  3    0.0309
    40    0.0000   -0.0000    0.0000   0.00000   hes 0  9  4    0.0309
    41    0.0000   -0.0007    0.0007   0.00000   hes 0  9  5    0.0309
    42    0.0000    0.0000    0.0000   0.00000   hes 0  9  6    0.0309
    43    0.0000    0.0000   -0.0000   0.00000   hes 0  9  7    0.0309
    44    0.0000   -0.0014    0.0014   0.00000   hes 0  9  8    0.0309
    45    0.1960    0.1984   -0.0024   0.00000   hes 0  9  9    0.0617
    46    0.0000   -0.0000    0.0000   0.00000   hes 0 10  1    0.0309
    47    0.0000    0.0035   -0.0035   0.00000   hes 0 10  2    0.0309
    48    0.0000    0.0000   -0.0000   0.00000   hes 0 10  3    0.0309
    49    0.0000   -0.0000    0.0000   0.00000   hes 0 10  4    0.0309
    50    0.0000    0.0000   -0.0000   0.00000   hes 0 10  5    0.0309
    51    0.0000   -0.0000    0.0000   0.00000   hes 0 10  6    0.0309
    52    0.0000    0.0000   -0.0000   0.00000   hes 0 10  7    0.0309
    53    0.0000   -0.0000    0.0000   0.00000   hes 0 10  8    0.0309
    54    0.0000    0.0000   -0.0000   0.00000   hes 0 10  9    0.0309
    55    0.1989    0.2189   -0.0200   0.00001   hes 0 10 10    0.0617
    56    0.0000    0.0035   -0.0035   0.00001   hes 0 11  1    0.0309
    57    0.0000   -0.0000    0.0000   0.00001   hes 0 11  2    0.0309
    58    0.0000   -0.0000    0.0000   0.00001   hes 0 11  3    0.0309
    59    0.0000   -0.0022    0.0022   0.00001   hes 0 11  4    0.0309
    60    0.0000   -0.0000    0.0000   0.00001   hes 0 11  5    0.0309
    61    0.0000    0.0000   -0.0000   0.00001   hes 0 11  6    0.0309
    62    0.0000   -0.0002    0.0002   0.00001   hes 0 11  7    0.0309
    63    0.0000    0.0000   -0.0000   0.00001   hes 0 11  8    0.0309
    64    0.0000    0.0000   -0.0000   0.00001   hes 0 11  9    0.0309
    65    0.0000   -0.0000    0.0000   0.00001   hes 0 11 10    0.0309
    66    0.2207    0.2182    0.0025   0.00001   hes 0 11 11    0.0617
    67    0.0000   -0.0000    0.0000   0.00001   hes 0 12  1    0.0309
    68    0.0000    0.0000   -0.0000   0.00001   hes 0 12  2    0.0309
    69    0.0000   -0.0001    0.0001   0.00001   hes 0 12  3    0.0309
    70    0.0000    0.0000   -0.0000   0.00001   hes 0 12  4    0.0309
    71    0.0000   -0.0000    0.0000   0.00001   hes 0 12  5    0.0309
    72    0.0000    0.0158   -0.0158   0.00001   hes 0 12  6    0.0309
    73    0.0000    0.0000   -0.0000   0.00001   hes 0 12  7    0.0309
    74    0.0000   -0.0000    0.0000   0.00001   hes 0 12  8    0.0309
    75    0.0000    0.0000   -0.0000   0.00001   hes 0 12  9    0.0309
    76    0.0000   -0.0000    0.0000   0.00001   hes 0 12 10    0.0309
    77    0.0000    0.0000   -0.0000   0.00001   hes 0 12 11    0.0309
    78    0.2994    0.2602    0.0392   0.00002   hes 0 12 12    0.0617
    79    0.0000    0.0000   -0.0000   0.00002   hes 0 13  1    0.0309
    80    0.0000   -0.0000    0.0000   0.00002   hes 0 13  2    0.0309
    81    0.0000    0.0186   -0.0186   0.00002   hes 0 13  3    0.0309
    82    0.0000    0.0000   -0.0000   0.00002   hes 0 13  4    0.0309
    83    0.0000   -0.0000    0.0000   0.00002   hes 0 13  5    0.0309
    84    0.0000   -0.0140    0.0140   0.00002   hes 0 13  6    0.0309
    85    0.0000    0.0000   -0.0000   0.00002   hes 0 13  7    0.0309
    86    0.0000    0.0000   -0.0000   0.00002   hes 0 13  8    0.0309
    87    0.0000    0.0000   -0.0000   0.00002   hes 0 13  9    0.0309
    88    0.0000    0.0000   -0.0000   0.00002   hes 0 13 10    0.0309
    89    0.0000    0.0000   -0.0000   0.00002   hes 0 13 11    0.0309
    90    0.0000    0.0300   -0.0300   0.00002   hes 0 13 12    0.0309
    91    0.3440    0.3097    0.0343   0.00003   hes 0 13 13    0.0617
    92    0.0000   -0.0000    0.0000   0.00003   hes 0 14  1    0.0309
    93    0.0000    0.0043   -0.0043   0.00003   hes 0 14  2    0.0309
    94    0.0000   -0.0000    0.0000   0.00003   hes 0 14  3    0.0309
    95    0.0000    0.0000   -0.0000   0.00003   hes 0 14  4    0.0309
    96    0.0000    0.0000   -0.0000   0.00003   hes 0 14  5    0.0309
    97    0.0000   -0.0000    0.0000   0.00003   hes 0 14  6    0.0309
    98    0.0000    0.0000   -0.0000   0.00003   hes 0 14  7    0.0309
    99    0.0000   -0.0000    0.0000   0.00003   hes 0 14  8    0.0309
   100    0.0000   -0.0000    0.0000   0.00003   hes 0 14  9    0.0309
   101    0.0000    0.0146   -0.0146   0.00003   hes 0 14 10    0.0309
   102    0.0000   -0.0000    0.0000   0.00003   hes 0 14 11    0.0309
   103    0.0000   -0.0000    0.0000   0.00003   hes 0 14 12    0.0309
   104    0.0000    0.0000   -0.0000   0.00003   hes 0 14 13    0.0309
   105    0.3450    0.3331    0.0119   0.00003   hes 0 14 14    0.0617
   106    0.0000   -0.0000    0.0000   0.00003   hes 0 15  1    0.0309
   107    0.0000    0.0001   -0.0001   0.00003   hes 0 15  2    0.0309
   108    0.0000    0.0000   -0.0000   0.00003   hes 0 15  3    0.0309
   109    0.0000    0.0000   -0.0000   0.00003   hes 0 15  4    0.0309
   110    0.0000   -0.0000    0.0000   0.00003   hes 0 15  5    0.0309
   111    0.0000   -0.0000    0.0000   0.00003   hes 0 15  6    0.0309
   112    0.0000    0.0000   -0.0000   0.00003   hes 0 15  7    0.0309
   113    0.0000   -0.0000    0.0000   0.00003   hes 0 15  8    0.0309
   114    0.0000   -0.0000    0.0000   0.00003   hes 0 15  9    0.0309
   115    0.0000    0.0191   -0.0191   0.00003   hes 0 15 10    0.0309
   116    0.0000    0.0000   -0.0000   0.00003   hes 0 15 11    0.0309
   117    0.0000    0.0000   -0.0000   0.00003   hes 0 15 12    0.0309
   118    0.0000    0.0000   -0.0000   0.00003   hes 0 15 13    0.0309
   119    0.0000    0.0363   -0.0363   0.00004   hes 0 15 14    0.0309
   120    0.4008    0.3734    0.0275   0.00004   hes 0 15 15    0.0617
   121    0.0000   -0.0000    0.0000   0.00004   hes 0 16  1    0.0309
   122    0.0000    0.0000   -0.0000   0.00004   hes 0 16  2    0.0309
   123    0.0000    0.0065   -0.0065   0.00004   hes 0 16  3    0.0309
   124    0.0000    0.0000   -0.0000   0.00004   hes 0 16  4    0.0309
   125    0.0000    0.0000   -0.0000   0.00004   hes 0 16  5    0.0309
   126    0.0000   -0.0136    0.0136   0.00004   hes 0 16  6    0.0309
   127    0.0000   -0.0000    0.0000   0.00004   hes 0 16  7    0.0309
   128    0.0000    0.0000   -0.0000   0.00004   hes 0 16  8    0.0309
   129    0.0000    0.0000   -0.0000   0.00004   hes 0 16  9    0.0309
   130    0.0000    0.0000   -0.0000   0.00004   hes 0 16 10    0.0309
   131    0.0000   -0.0000    0.0000   0.00004   hes 0 16 11    0.0309
   132    0.0000   -0.0037    0.0037   0.00004   hes 0 16 12    0.0309
   133    0.0000    0.0152   -0.0152   0.00004   hes 0 16 13    0.0309
   134    0.0000    0.0000   -0.0000   0.00004   hes 0 16 14    0.0309
   135    0.0000    0.0000   -0.0000   0.00004   hes 0 16 15    0.0309
   136    0.4357    0.4403   -0.0046   0.00004   hes 0 16 16    0.0617
   137    0.0000   -0.0000    0.0000   0.00004   hes 0 17  1    0.0309
   138    0.0000   -0.0019    0.0019   0.00004   hes 0 17  2    0.0309
   139    0.0000    0.0000   -0.0000   0.00004   hes 0 17  3    0.0309
   140    0.0000   -0.0000    0.0000   0.00004   hes 0 17  4    0.0309
   141    0.0000   -0.0000    0.0000   0.00004   hes 0 17  5    0.0309
   142    0.0000   -0.0000    0.0000   0.00004   hes 0 17  6    0.0309
   143    0.0000   -0.0000    0.0000   0.00004   hes 0 17  7    0.0309
   144    0.0000   -0.0000    0.0000   0.00004   hes 0 17  8    0.0309
   145    0.0000   -0.0000    0.0000   0.00004   hes 0 17  9    0.0309
   146    0.0000    0.0153   -0.0153   0.00004   hes 0 17 10    0.0309
   147    0.0000   -0.0000    0.0000   0.00004   hes 0 17 11    0.0309
   148    0.0000   -0.0000    0.0000   0.00004   hes 0 17 12    0.0309
   149    0.0000   -0.0000    0.0000   0.00004   hes 0 17 13    0.0309
   150    0.0000    0.0306   -0.0306   0.00005   hes 0 17 14    0.0309
   151    0.0000   -0.0369    0.0369   0.00005   hes 0 17 15    0.0309
   152    0.0000    0.0000   -0.0000   0.00005   hes 0 17 16    0.0309
   153    0.5471    0.5362    0.0109   0.00005   hes 0 17 17    0.0617
   154    0.0000   -0.0000    0.0000   0.00005   hes 0 18  1    0.0309
   155    0.0000   -0.0000    0.0000   0.00005   hes 0 18  2    0.0309
   156    0.0000    0.0061   -0.0061   0.00005   hes 0 18  3    0.0309
   157    0.0000   -0.0000    0.0000   0.00005   hes 0 18  4    0.0309
   158    0.0000    0.0000   -0.0000   0.00005   hes 0 18  5    0.0309
   159    0.0000   -0.0155    0.0155   0.00005   hes 0 18  6    0.0309
   160    0.0000   -0.0000    0.0000   0.00005   hes 0 18  7    0.0309
   161    0.0000    0.0000   -0.0000   0.00005   hes 0 18  8    0.0309
   162    0.0000    0.0000   -0.0000   0.00005   hes 0 18  9    0.0309
   163    0.0000    0.0000   -0.0000   0.00005   hes 0 18 10    0.0309
   164    0.0000    0.0000   -0.0000   0.00005   hes 0 18 11    0.0309
   165    0.0000    0.0058   -0.0058   0.00005   hes 0 18 12    0.0309
   166    0.0000    0.0345   -0.0345   0.00005   hes 0 18 13    0.0309
   167    0.0000   -0.0000    0.0000   0.00005   hes 0 18 14    0.0309
   168    0.0000    0.0000   -0.0000   0.00005   hes 0 18 15    0.0309
   169    0.0000   -0.0061    0.0061   0.00006   hes 0 18 16    0.0309
   170    0.0000    0.0000   -0.0000   0.00006   hes 0 18 17    0.0309
   171    0.5821    0.6186   -0.0365   0.00006   hes 0 18 18    0.0617
   172    0.0000    0.0000   -0.0000   0.00006   hes 0 19  1    0.0309
   173    0.0000    0.0000   -0.0000   0.00006   hes 0 19  2    0.0309
   174    0.0000   -0.0181    0.0181   0.00006   hes 0 19  3    0.0309
   175    0.0000   -0.0000    0.0000   0.00006   hes 0 19  4    0.0309
   176    0.0000   -0.0000    0.0000   0.00006   hes 0 19  5    0.0309
   177    0.0000    0.0065   -0.0065   0.00006   hes 0 19  6    0.0309
   178    0.0000   -0.0000    0.0000   0.00006   hes 0 19  7    0.0309
   179    0.0000    0.0000   -0.0000   0.00006   hes 0 19  8    0.0309
   180    0.0000   -0.0000    0.0000   0.00006   hes 0 19  9    0.0309
   181    0.0000    0.0000   -0.0000   0.00006   hes 0 19 10    0.0309
   182    0.0000    0.0000   -0.0000   0.00006   hes 0 19 11    0.0309
   183    0.0000   -0.0452    0.0452   0.00007   hes 0 19 12    0.0309
   184    0.0000   -0.0328    0.0328   0.00007   hes 0 19 13    0.0309
   185    0.0000   -0.0000    0.0000   0.00007   hes 0 19 14    0.0309
   186    0.0000   -0.0000    0.0000   0.00007   hes 0 19 15    0.0309
   187    0.0000    0.0185   -0.0185   0.00008   hes 0 19 16    0.0309
   188    0.0000   -0.0000    0.0000   0.00008   hes 0 19 17    0.0309
   189    0.0000    0.0023   -0.0023   0.00008   hes 0 19 18    0.0309
   190    1.9267    1.9383   -0.0117   0.00008   hes 0 19 19    0.0617
   191    0.0000    0.0000   -0.0000   0.00008   hes 0 20  1    0.0309
   192    0.0000   -0.0084    0.0084   0.00008   hes 0 20  2    0.0309
   193    0.0000   -0.0000    0.0000   0.00008   hes 0 20  3    0.0309
   194    0.0000    0.0000   -0.0000   0.00008   hes 0 20  4    0.0309
   195    0.0000    0.0000   -0.0000   0.00008   hes 0 20  5    0.0309
   196    0.0000    0.0000   -0.0000   0.00008   hes 0 20  6    0.0309
   197    0.0000    0.0000   -0.0000   0.00008   hes 0 20  7    0.0309
   198    0.0000    0.0000   -0.0000   0.00008   hes 0 20  8    0.0309
   199    0.0000    0.0000   -0.0000   0.00008   hes 0 20  9    0.0309
   200    0.0000    0.0143   -0.0143   0.00008   hes 0 20 10    0.0309
   201    0.0000    0.0000   -0.0000   0.00008   hes 0 20 11    0.0309
   202    0.0000   -0.0000    0.0000   0.00008   hes 0 20 12    0.0309
   203    0.0000    0.0000   -0.0000   0.00008   hes 0 20 13    0.0309
   204    0.0000   -0.0151    0.0151   0.00008   hes 0 20 14    0.0309
   205    0.0000    0.0086   -0.0086   0.00008   hes 0 20 15    0.0309
   206    0.0000    0.0000   -0.0000   0.00008   hes 0 20 16    0.0309
   207    0.0000   -0.0112    0.0112   0.00008   hes 0 20 17    0.0309
   208    0.0000   -0.0000    0.0000   0.00008   hes 0 20 18    0.0309
   209    0.0000    0.0000   -0.0000   0.00008   hes 0 20 19    0.0309
   210    1.9394    1.9283    0.0111   0.00008   hes 0 20 20    0.0617
   211    0.0000   -0.0000    0.0000   0.00008   hes 0 21  1    0.0309
   212    0.0000    0.0041   -0.0041   0.00008   hes 0 21  2    0.0309
   213    0.0000    0.0000   -0.0000   0.00008   hes 0 21  3    0.0309
   214    0.0000    0.0000   -0.0000   0.00008   hes 0 21  4    0.0309
   215    0.0000   -0.0000    0.0000   0.00008   hes 0 21  5    0.0309
   216    0.0000   -0.0000    0.0000   0.00008   hes 0 21  6    0.0309
   217    0.0000   -0.0000    0.0000   0.00008   hes 0 21  7    0.0309
   218    0.0000    0.0000   -0.0000   0.00008   hes 0 21  8    0.0309
   219    0.0000    0.0000   -0.0000   0.00008   hes 0 21  9    0.0309
   220    0.0000   -0.0142    0.0142   0.00008   hes 0 21 10    0.0309
   221    0.0000   -0.0000    0.0000   0.00008   hes 0 21 11    0.0309
   222    0.0000   -0.0000    0.0000   0.00008   hes 0 21 12    0.0309
   223    0.0000    0.0000   -0.0000   0.00008   hes 0 21 13    0.0309
   224    0.0000    0.0162   -0.0162   0.00008   hes 0 21 14    0.0309
   225    0.0000    0.0482   -0.0482   0.00009   hes 0 21 15    0.0309
   226    0.0000   -0.0000    0.0000   0.00009   hes 0 21 16    0.0309
   227    0.0000   -0.0386    0.0386   0.00009   hes 0 21 17    0.0309
   228    0.0000    0.0000   -0.0000   0.00009   hes 0 21 18    0.0309
   229    0.0000    0.0000   -0.0000   0.00009   hes 0 21 19    0.0309
   230    0.0000   -0.0089    0.0089   0.00009   hes 0 21 20    0.0309
   231    1.9475    1.9379    0.0096   0.00009   hes 0 21 21    0.0617
   232    0.0000   -0.0000    0.0000   0.00009   hes 0 22  1    0.0309
   233    0.0000    0.0000   -0.0000   0.00009   hes 0 22  2    0.0309
   234    0.0000    0.0073   -0.0073   0.00009   hes 0 22  3    0.0309
   235    0.0000    0.0000   -0.0000   0.00009   hes 0 22  4    0.0309
   236    0.0000    0.0000   -0.0000   0.00009   hes 0 22  5    0.0309
   237    0.0000    0.0068   -0.0068   0.00009   hes 0 22  6    0.0309
   238    0.0000    0.0000   -0.0000   0.00009   hes 0 22  7    0.0309
   239    0.0000    0.0000   -0.0000   0.00009   hes 0 22  8    0.0309
   240    0.0000   -0.0000    0.0000   0.00009   hes 0 22  9    0.0309
   241    0.0000   -0.0000    0.0000   0.00009   hes 0 22 10    0.0309
   242    0.0000    0.0000   -0.0000   0.00009   hes 0 22 11    0.0309
   243    0.0000    0.0186   -0.0186   0.00009   hes 0 22 12    0.0309
   244    0.0000    0.0045   -0.0045   0.00009   hes 0 22 13    0.0309
   245    0.0000    0.0000   -0.0000   0.00009   hes 0 22 14    0.0309
   246    0.0000    0.0000   -0.0000   0.00009   hes 0 22 15    0.0309
   247    0.0000    0.0469   -0.0469   0.00010   hes 0 22 16    0.0309
   248    0.0000   -0.0000    0.0000   0.00010   hes 0 22 17    0.0309
   249    0.0000   -0.0435    0.0435   0.00011   hes 0 22 18    0.0309
   250    0.0000   -0.0130    0.0130   0.00011   hes 0 22 19    0.0309
   251    0.0000    0.0000   -0.0000   0.00011   hes 0 22 20    0.0309
   252    0.0000   -0.0000    0.0000   0.00011   hes 0 22 21    0.0309
   253    1.9490    1.9398    0.0092   0.00011   hes 0 22 22    0.0617
   254    0.0000   -0.0000    0.0000   0.00011   hes 0 23  1    0.0309
   255    0.0000   -0.0000    0.0000   0.00011   hes 0 23  2    0.0309
   256    0.0000   -0.0016    0.0016   0.00011   hes 0 23  3    0.0309
   257    0.0000   -0.0000    0.0000   0.00011   hes 0 23  4    0.0309
   258    0.0000   -0.0000    0.0000   0.00011   hes 0 23  5    0.0309
   259    0.0000    0.0207   -0.0207   0.00011   hes 0 23  6    0.0309
   260    0.0000   -0.0000    0.0000   0.00011   hes 0 23  7    0.0309
   261    0.0000    0.0000   -0.0000   0.00011   hes 0 23  8    0.0309
   262    0.0000   -0.0000    0.0000   0.00011   hes 0 23  9    0.0309
   263    0.0000    0.0000   -0.0000   0.00011   hes 0 23 10    0.0309
   264    0.0000   -0.0000    0.0000   0.00011   hes 0 23 11    0.0309
   265    0.0000    0.0373   -0.0373   0.00011   hes 0 23 12    0.0309
   266    0.0000    0.0350   -0.0350   0.00012   hes 0 23 13    0.0309
   267    0.0000   -0.0000    0.0000   0.00012   hes 0 23 14    0.0309
   268    0.0000   -0.0000    0.0000   0.00012   hes 0 23 15    0.0309
   269    0.0000    0.0054   -0.0054   0.00012   hes 0 23 16    0.0309
   270    0.0000   -0.0000    0.0000   0.00012   hes 0 23 17    0.0309
   271    0.0000    0.0129   -0.0129   0.00012   hes 0 23 18    0.0309
   272    0.0000   -0.0111    0.0111   0.00012   hes 0 23 19    0.0309
   273    0.0000   -0.0000    0.0000   0.00012   hes 0 23 20    0.0309
   274    0.0000   -0.0000    0.0000   0.00012   hes 0 23 21    0.0309
   275    0.0000    0.0173   -0.0173   0.00012   hes 0 23 22    0.0309
   276    2.0504    2.0591   -0.0087   0.00012   hes 0 23 23    0.0617
   277    0.0000   -0.0000    0.0000   0.00012   hes 0 24  1    0.0309
   278    0.0000   -0.0010    0.0010   0.00012   hes 0 24  2    0.0309
   279    0.0000    0.0000   -0.0000   0.00012   hes 0 24  3    0.0309
   280    0.0000    0.0000   -0.0000   0.00012   hes 0 24  4    0.0309
   281    0.0000    0.0000   -0.0000   0.00012   hes 0 24  5    0.0309
   282    0.0000    0.0000   -0.0000   0.00012   hes 0 24  6    0.0309
   283    0.0000    0.0000   -0.0000   0.00012   hes 0 24  7    0.0309
   284    0.0000    0.0000   -0.0000   0.00012   hes 0 24  8    0.0309
   285    0.0000   -0.0000    0.0000   0.00012   hes 0 24  9    0.0309
   286    0.0000    0.0366   -0.0366   0.00012   hes 0 24 10    0.0309
   287    0.0000    0.0000   -0.0000   0.00012   hes 0 24 11    0.0309
   288    0.0000   -0.0000    0.0000   0.00012   hes 0 24 12    0.0309
   289    0.0000   -0.0000    0.0000   0.00012   hes 0 24 13    0.0309
   290    0.0000   -0.0410    0.0410   0.00013   hes 0 24 14    0.0309
   291    0.0000    0.0003   -0.0003   0.00013   hes 0 24 15    0.0309
   292    0.0000   -0.0000    0.0000   0.00013   hes 0 24 16    0.0309
   293    0.0000   -0.0147    0.0147   0.00013   hes 0 24 17    0.0309
   294    0.0000   -0.0000    0.0000   0.00013   hes 0 24 18    0.0309
   295    0.0000    0.0000   -0.0000   0.00013   hes 0 24 19    0.0309
   296    0.0000    0.0138   -0.0138   0.00013   hes 0 24 20    0.0309
   297    0.0000   -0.0170    0.0170   0.00013   hes 0 24 21    0.0309
   298    0.0000   -0.0000    0.0000   0.00013   hes 0 24 22    0.0309
   299    0.0000    0.0000   -0.0000   0.00013   hes 0 24 23    0.0309
   300    2.0510    2.0586   -0.0076   0.00013   hes 0 24 24    0.0617
     TOTAL STANDARD DEVIATION 1.148D-02  kJ/mol L=angst



            =================================================
              COMPUTE FF-HESSIAN AT geom=0: numerical mode
            =================================================


            =================================================
              COMPUTE FF-HESSIAN at geom=0: analytical mode
            =================================================

        Max Diff: H(numer) , H(analyt) :  18  18     6.644D-11
        Max Hessian element            :  23  23     8.006D-01
        Average |Hessian value|        :             5.071D-02
        Max allowed difference         :             5.071D-07


            =====================================================
            =====================================================
               N O R M A L   V I B R A T I O N A L   M O D E S
                    by the optim. FF (EQUIL GEOMETRY)         
            =====================================================
            =====================================================

        Compute the Mass weighted Hessian

        Compute the Transl+Rot modes in the MW-CC.s

        The Center of mass (in Angs) is  -0.00000  -0.00000   0.00000

           principal inertia axes (au)
          42.67057   409.66136   452.33193
          0.11292     0.99360     0.00000
          0.99360    -0.11292     0.00000
          0.00000     0.00000     1.00000

        Max err in the U(transl+rot)   5   5   1.110D-16

        Diagonalize the Mass weighted Hessian

    Eigenvalues of the (M-1/2)*F*M(-1/2) matrix (mH) by the optim. FF (EQUIL GEOMETRY)       
     1 0.6126E-03     2 0.2661E-02     3 0.5238E-02     4 0.7048E-02     5 0.1210E-01
     6 0.1578E-01     7 0.1793E-01     8 0.1800E-01     9 0.2117E-01    10 0.2278E-01
    11 0.2328E-01    12 0.2654E-01    13 0.3223E-01    14 0.3379E-01    15 0.4217E-01
    16 0.4708E-01    17 0.5816E-01    18 0.6632E-01    19 0.2052        20 0.2057    
    21 0.2071        22 0.2081        23 0.2202        24 0.2203    

    Frequencies in 1/cm   by the optim. FF (EQUIL GEOMETRY)       
     1   171.784     2   358.000     3   502.312     4   582.673     5   763.516
     6   871.732     7   929.434     8   931.061     9  1009.809    10  1047.613
    11  1058.961    12  1130.584    13  1245.998    14  1275.841    15  1425.206
    16  1505.989    17  1673.792    18  1787.334    19  3144.035    20  3147.757
    21  3158.087    22  3165.788    23  3256.903    24  3257.285

  Normalized VIBR NORMAL MODES: cart. displac.s by the optim. FF (EQUIL GEOMETRY)       

  VIBRATIONAL NORMAL MODES: Int.Coord. displac.s by the optim. FF (EQUIL GEOMETRY)       

                        171.8   358.0   502.3   582.7   763.5   871.7   929.4   931.1  1009.8  1047.6
                          1       2       3       4       5       6       7       8       9      10
   1 CA-HA              0.000  -0.010   0.009  -0.000   0.000  -0.022  -0.000   0.000   0.000   0.008
   2 CA-CA             -0.000  -0.000  -0.443  -0.000   0.000  -0.487   0.000  -0.000   0.000  -0.000
   3 CA-HA              0.000   0.010   0.009  -0.000  -0.000  -0.022  -0.000  -0.000  -0.000  -0.008
   4 CA=CB              0.000  -0.003  -0.174  -0.000  -0.000  -0.062   0.000   0.000  -0.000   0.041
   5 CB-HB             -0.000   0.007  -0.002  -0.000  -0.000   0.006   0.000   0.000   0.000  -0.014
   6 CB-HB             -0.000  -0.007  -0.017   0.000   0.000  -0.013   0.000   0.000  -0.000   0.018
   7 CA=CB              0.000   0.003  -0.174  -0.000   0.000  -0.062   0.000  -0.000   0.000  -0.041
   8 CB-HB             -0.000  -0.007  -0.002  -0.000   0.000   0.006   0.000  -0.000  -0.000   0.014
   9 CB-HB             -0.000   0.007  -0.017   0.000  -0.000  -0.013   0.000  -0.000   0.000  -0.018
  10 HA-CA-CA           0.000  -0.371   0.242   0.000  -0.000  -0.164   0.000  -0.000   0.000   0.212
  11 HA-CA=CB           0.000  -0.175   0.234   0.000  -0.000  -0.008   0.000   0.000   0.000  -0.128
  12 HA-CA-CA           0.000   0.371   0.242   0.000   0.000  -0.164   0.000   0.000  -0.000  -0.212
  13 CA-CA=CB          -0.000  -0.545  -0.476  -0.000  -0.000   0.172  -0.000   0.000  -0.000   0.083
  14 CA-CA=CB          -0.000   0.545  -0.476  -0.000   0.000   0.172  -0.000  -0.000   0.000  -0.083
  15 HA-CA=CB           0.000   0.175   0.234   0.000   0.000  -0.008   0.000  -0.000  -0.000   0.128
  16 CA=CB-HB           0.000  -0.131  -0.143  -0.000  -0.000   0.374  -0.000  -0.000  -0.000  -0.438
  17 CA=CB-HB           0.000   0.132   0.068   0.000   0.000  -0.422   0.000   0.000  -0.000   0.485
  18 HB-CB-HB           0.000  -0.001   0.075   0.000   0.000   0.048  -0.000  -0.000   0.000  -0.047
  19 CA=CB-HB           0.000   0.131  -0.143  -0.000   0.000   0.374  -0.000   0.000   0.000   0.438
  20 CA=CB-HB           0.000  -0.132   0.068   0.000  -0.000  -0.422   0.000  -0.000   0.000  -0.485
  21 HB-CB-HB           0.000   0.001   0.075   0.000  -0.000   0.048  -0.000   0.000  -0.000   0.047
  22 CA-HA--CB--CA      0.064  -0.000   0.000  -0.199   0.202   0.000   0.047  -0.070   0.215   0.000
  23 CA-CA--CB--HA     -0.059  -0.000  -0.000   0.184   0.188  -0.000  -0.044  -0.065   0.199   0.000
  24 HB--CA--HB-CB      0.005   0.000   0.000   0.012  -0.047  -0.000  -0.336  -0.330   0.006   0.000
  25 HB--CA--HB-CB      0.005  -0.000   0.000   0.012   0.047  -0.000  -0.336   0.330  -0.006  -0.000
  26 HA-CA-CA-HA        0.380   0.000  -0.000   0.542  -0.000  -0.000  -0.041  -0.000   0.000   0.000
  27 HA-CA-CA=CB        0.486   0.000  -0.000   0.213  -0.334   0.000   0.038   0.116  -0.355  -0.000
  28 HA-CA=CB-HB        0.070  -0.000   0.000   0.035  -0.021  -0.000  -0.244   0.270   0.399  -0.000
  29 HA-CA=CB-HB        0.061   0.000   0.000   0.013  -0.106   0.000   0.362  -0.326   0.411   0.000
  30 HA-CA-CA=CB        0.486  -0.000  -0.000   0.213   0.334   0.000   0.038  -0.116   0.355   0.000
  31 CA-CA=CB-HB       -0.039  -0.000  -0.000   0.373   0.366  -0.000  -0.325  -0.389  -0.033   0.000
  32 CA-CA=CB-HB       -0.048  -0.000  -0.000   0.351   0.450   0.000   0.282   0.207  -0.045  -0.000
  33 CB=CA-CA=CB        0.592  -0.000  -0.000  -0.115  -0.000   0.000   0.116   0.000  -0.000  -0.000
  34 CA-CA=CB-HB       -0.039   0.000  -0.000   0.373  -0.366  -0.000  -0.325   0.389   0.033  -0.000
  35 CA-CA=CB-HB       -0.048   0.000  -0.000   0.351  -0.450   0.000   0.282  -0.207   0.045   0.000
  36 HA-CA=CB-HB        0.070   0.000   0.000   0.035   0.021  -0.000  -0.244  -0.270  -0.399   0.000
  37 HA-CA=CB-HB        0.061  -0.000   0.000   0.013   0.106   0.000   0.362   0.326  -0.411  -0.000

                       1059.0  1130.6  1246.0  1275.8  1425.2  1506.0  1673.8  1787.3  3144.0  3147.8
                         11      12      13      14      15      16      17      18      19      20
   1 CA-HA             -0.000  -0.018  -0.029  -0.047  -0.001  -0.008   0.019  -0.021  -0.516  -0.329
   2 CA-CA              0.000  -0.290   0.000  -0.170   0.000  -0.183   0.000   0.318  -0.000   0.032
   3 CA-HA             -0.000  -0.018   0.029  -0.047   0.001  -0.008  -0.019  -0.021   0.516  -0.329
   4 CA=CB             -0.000   0.113   0.272  -0.207  -0.104   0.007  -0.287  -0.327   0.013  -0.033
   5 CB-HB              0.000  -0.001   0.025  -0.030   0.008  -0.016  -0.032  -0.032  -0.370   0.475
   6 CB-HB             -0.000   0.013   0.002   0.010  -0.009  -0.004  -0.039  -0.042  -0.308   0.401
   7 CA=CB             -0.000   0.113  -0.272  -0.207   0.104   0.007   0.287  -0.327  -0.013  -0.033
   8 CB-HB              0.000  -0.001  -0.025  -0.030  -0.008  -0.016   0.032  -0.032   0.370   0.475
   9 CB-HB             -0.000   0.013  -0.002   0.010   0.009  -0.004   0.039  -0.042   0.308   0.401
  10 HA-CA-CA          -0.000  -0.429   0.295   0.049   0.342   0.216   0.147  -0.328  -0.003   0.013
  11 HA-CA=CB          -0.000   0.314  -0.353  -0.309  -0.380  -0.237  -0.160   0.269   0.015   0.011
  12 HA-CA-CA          -0.000  -0.429  -0.295   0.049  -0.342   0.216  -0.147  -0.328   0.003   0.013
  13 CA-CA=CB           0.000   0.115  -0.058   0.260  -0.039   0.022  -0.013   0.059   0.013  -0.024
  14 CA-CA=CB           0.000   0.115   0.058   0.260   0.039   0.022   0.013   0.059  -0.013  -0.024
  15 HA-CA=CB          -0.000   0.314   0.353  -0.309   0.380  -0.237   0.160   0.269  -0.015   0.011
  16 CA=CB-HB          -0.000  -0.199   0.325  -0.423  -0.111   0.190   0.272   0.203  -0.029   0.030
  17 CA=CB-HB           0.000   0.311  -0.002   0.160  -0.267   0.309   0.222   0.115  -0.003   0.014
  18 HB-CB-HB           0.000  -0.111  -0.323   0.263   0.378  -0.498  -0.494  -0.319   0.032  -0.044
  19 CA=CB-HB          -0.000  -0.199  -0.325  -0.423   0.111   0.190  -0.272   0.203   0.029   0.030
  20 CA=CB-HB           0.000   0.311   0.002   0.160   0.267   0.309  -0.222   0.115   0.003   0.014
  21 HB-CB-HB           0.000  -0.111   0.323   0.263  -0.378  -0.498   0.494  -0.319  -0.032  -0.044
  22 CA-HA--CB--CA     -0.162  -0.000   0.000   0.000  -0.000  -0.000  -0.000   0.000   0.000   0.000
  23 CA-CA--CB--HA      0.151   0.000   0.000  -0.000  -0.000   0.000  -0.000  -0.000   0.000  -0.000
  26 HA-CA-CA-HA        0.496   0.000   0.000  -0.000  -0.000   0.000  -0.000  -0.000   0.000  -0.000
  27 HA-CA-CA=CB        0.228  -0.000  -0.000  -0.000   0.000   0.000   0.000  -0.000  -0.000  -0.000
  28 HA-CA=CB-HB       -0.382   0.000   0.000   0.000  -0.000  -0.000  -0.000   0.000   0.000   0.000
  29 HA-CA=CB-HB       -0.366  -0.000   0.000   0.000  -0.000  -0.000  -0.000   0.000   0.000   0.000
  30 HA-CA-CA=CB        0.228  -0.000   0.000  -0.000  -0.000   0.000  -0.000  -0.000   0.000  -0.000
  31 CA-CA=CB-HB       -0.106   0.000   0.000   0.000  -0.000   0.000  -0.000  -0.000   0.000   0.000
  32 CA-CA=CB-HB       -0.090  -0.000   0.000  -0.000  -0.000  -0.000  -0.000  -0.000   0.000  -0.000
  33 CB=CA-CA=CB       -0.040  -0.000   0.000  -0.000   0.000  -0.000   0.000   0.000  -0.000   0.000
  34 CA-CA=CB-HB       -0.106   0.000  -0.000   0.000   0.000   0.000   0.000  -0.000  -0.000   0.000
  35 CA-CA=CB-HB       -0.090  -0.000  -0.000  -0.000   0.000  -0.000   0.000  -0.000  -0.000  -0.000
  36 HA-CA=CB-HB       -0.382   0.000  -0.000   0.000   0.000  -0.000   0.000   0.000  -0.000   0.000
  37 HA-CA=CB-HB       -0.366  -0.000  -0.000   0.000   0.000  -0.000   0.000   0.000  -0.000   0.000

                       3158.1  3165.8  3256.9  3257.3
                         21      22      23      24
   1 CA-HA             -0.488  -0.622   0.023  -0.045
   2 CA-CA             -0.000   0.042  -0.000   0.008
   3 CA-HA              0.488  -0.622  -0.023  -0.045
   4 CA=CB             -0.064   0.057  -0.003  -0.000
   5 CB-HB              0.364  -0.208  -0.471  -0.472
   6 CB-HB              0.350  -0.244   0.521   0.518
   7 CA=CB              0.064   0.057   0.003  -0.000
   8 CB-HB             -0.364  -0.208   0.471  -0.472
   9 CB-HB             -0.350  -0.244  -0.521   0.518
  10 HA-CA-CA           0.002   0.041   0.004   0.000
  11 HA-CA=CB           0.012   0.015  -0.031   0.032
  12 HA-CA-CA          -0.002   0.041  -0.004   0.000
  13 CA-CA=CB           0.014  -0.056  -0.027  -0.032
  14 CA-CA=CB          -0.014  -0.056   0.027  -0.032
  15 HA-CA=CB          -0.012   0.015   0.031   0.032
  16 CA=CB-HB           0.004   0.006   0.049   0.050
  17 CA=CB-HB           0.036  -0.033  -0.046  -0.048
  18 HB-CB-HB          -0.040   0.027  -0.003  -0.002
  19 CA=CB-HB          -0.004   0.006  -0.049   0.050
  20 CA=CB-HB          -0.036  -0.033   0.046  -0.048
  21 HB-CB-HB           0.040   0.027   0.003  -0.002

        End Normal Modes Calculation



         =================================================
              Compare Norm Modes from QM and FF
         =================================================

        iFF Freq/FF   ig09 freq/g09      overl    err
        23   3256.9    24   3246.1       0.982    10.8
        24   3257.3    23   3245.6       0.981    11.6
        22   3165.8    22   3164.4       0.707     1.4
        21   3158.1    21   3163.1       0.895    -5.0
        19   3144.0    20   3156.6       0.906   -12.5
        20   3147.8    19   3146.2       0.724     1.6
        18   1787.3    18   1729.3       0.992    58.1
        17   1673.8    17   1676.5       0.977    -2.7
        16   1506.0    16   1496.1       0.990     9.9
        15   1425.2    15   1435.1       0.826    -9.9
        13   1246.0    14   1331.3       0.830   -85.3
        14   1275.8    13   1329.4       0.892   -53.6
        12   1130.6    12   1240.2       0.892  -109.6
        11   1059.0    11   1064.7       1.000    -5.8
        10   1047.6    10   1010.8       0.988    36.8
         9   1009.8     9   1003.4       0.999     6.4
         8    931.1     8    931.8       0.998    -0.7
         7    929.4     7    927.8       0.999     1.6
         6    871.7     6    907.1       0.950   -35.4
         5    763.5     5    781.7       0.999   -18.1
         4    582.7     4    539.7       0.997    43.0
         3    502.3     3    515.8       0.971   -13.5
         2    358.0     2    295.6       1.000    62.4
         1    171.8     1    177.1       0.998    -5.3
                  Standard deviation (cm-1)       38.27




   ************************************************************

   Gromacs .top file correctly written in file: joyce.new.top

   ************************************************************


         NORMAL EXIT

