
              JJJJ   OOOO  Y   Y  CCCC   EEEE
                 J   O  O   Y Y   C      E   
                 J   O  O    Y    C      EE  
                 J   O  O    Y    C      E   
                JJ   OOOO    Y    CCCC   EEEE

        a program to optimize internal FF from QM data





                version 3.0        Copyright (C) 2017    
                                                         
                          written by                     
                                                         
              Ivo Cacelli, Javier Cerezo,                
              Nicola De Mitri and Giacomo Prampolini     
                                                         
                                                         
                                                         
              This program comes with ABSOLUTELY NO WARRANTY; 
              for details type : <go.joyce -lic>              
              This is free software, and you are welcome to   
              redistribute it under certain conditions;       
              type <go.joyce -lic> for details
                                                         
                                                         

              GIT VERSION INFO
               Commit id  : 
               Commit date: 



              title: | Butadiene - Step 0 |

     print level: 0

              FCHK INPUT FILE for geom-0 (QM):  ../G09.data/butadiene.opt+freq.fchk


   ============ reading Gaussian data ===========
   title: Butadiene optimization and frequencies
   Job.type=Freq      Method=RB3LYP      Basis=6-31G(d)
   n.atoms mol.charge multipl ........    10     0     1
   n.shell n.dim n.prim. max.contr ...    28    72    68     6
   n. of electrons (alpha, beta, tot)     15    15    30
   E(scf)  E(tot) .................... -155.99213957 -155.99213957


    ---     BOND ORDER CALCULATION     ---
    --- Cartes. coordinates (Angstrom) ---
    Atom      X        Y        Z         bonds
  1  C1    -0.32607  0.65173  0.00000   2/1.090  3/1.457  8#1.341
  2  H2    -1.41653  0.64538  0.00000   1/1.090
  3  C3     0.32607 -0.65173  0.00000   1/1.457  4/1.090  5#1.341
  4  H4     1.41653 -0.64538  0.00000   3/1.090
  5  C5    -0.32607 -1.82297  0.00000   3#1.341  6/1.088  7/1.086
  6  H6    -1.41301 -1.86922  0.00000   5/1.088
  7  H7     0.20132 -2.77208  0.00000   5/1.086
  8  C8     0.32607  1.82297  0.00000   1#1.341  9/1.088 10/1.086
  9  H9     1.41301  1.86922  0.00000   8/1.088
 10  H10   -0.20132  2.77208  0.00000   8/1.086
 ------- min distance     7   5    1.086

  atomic covalent radii used for B.O. calc
     6  C         0.757
     1  H         0.354

    -----------  Bonds between atoms -------------
        n.bonds |0=nobond  1,2,3=sing,doub,tripl  6=arom
  1-C1   4 4.06  0110000200
  2-H2   1 1.07  1000000000
  3-C3   4 4.06  1001200000
  4-H4   1 1.07  0010000000
  5-C5   4 3.95  0020011000
  6-H6   1 1.08  0000100000
  7-H7   1 1.09  0000100000
  8-C8   4 3.95  2000000011
  9-H9   1 1.08  0000000100
 10-H10  1 1.09  0000000100
   

        Normal nuclear masses are used


              ====== INTERN COORD analysis:  NATURAL-ICs: style=FF  ======
        TYPE     NAME            EQUIL.VALUE
                                 Angs or deg
   1  distance  C1-H2               1.0905       1   2
   2  distance  C1-C3               1.4575       1   3
   3  distance  C3-H4               1.0905       3   4
   4  distance  C3=C5               1.3406       3   5
   5  distance  C5-H6               1.0879       5   6
   6  distance  C5-H7               1.0858       5   7
   7  distance  C1=C8               1.3406       1   8
   8  distance  C8-H9               1.0879       8   9
   9  distance  C8-H10              1.0858       8  10
  10  angle     C3-C1-H2          116.2461       3   1   2
  11  angle     C8=C1-H2          119.4426       8   1   2
  12  angle     C1-C3-H4          116.2461       1   3   4
  13  angle     C1-C3=C5          124.3112       1   3   5
  14  angle     C8=C1-C3          124.3112       8   1   3
  15  angle     C5=C3-H4          119.4426       5   3   4
  16  angle     C3=C5-H6          121.5459       3   5   6
  17  angle     C3=C5-H7          121.8316       3   5   7
  18  angle     H7-C5-H6          116.6224       7   5   6
  19  angle     C1=C8-H9          121.5459       1   8   9
  20  angle     C1=C8-H10         121.8316       1   8  10
  21  angle     H10-C8-H9         116.6224      10   8   9
  22  dihedral  H4-C3-C1-H2      -180.0000       4   3   1   2
  23  dihedral  C5=C3-C1-H2        -0.0000       5   3   1   2
  24  dihedral  H9-C8=C1-H2      -180.0000       9   8   1   2
  25  dihedral  H10-C8=C1-H2       -0.0000      10   8   1   2
  26  dihedral  C8=C1-C3-H4        -0.0000       8   1   3   4
  27  dihedral  C1-C3=C5-H6        -0.0000       1   3   5   6
  28  dihedral  C1-C3=C5-H7       180.0000       1   3   5   7
  29  dihedral  C8=C1-C3=C5      -180.0000       8   1   3   5
  30  dihedral  H9-C8=C1-C3        -0.0000       9   8   1   3
  31  dihedral  H10-C8=C1-C3     -180.0000      10   8   1   3
  32  dihedral  H6-C5=C3-H4      -180.0000       6   5   3   4
  33  dihedral  H7-C5=C3-H4        -0.0000       7   5   3   4
  34  dihedral  C1-H2--C8--C3      -0.0000       1   2   8   3
         warning: atoms    2    8  not bonded
         warning: atoms    8    3  not bonded
  35  dihedral  C3-C1--C5--H4      -0.0000       3   1   5   4
         warning: atoms    1    5  not bonded
         warning: atoms    5    4  not bonded
  36  dihedral  C5-H6--C3--H7      -0.0000       5   6   3   7
         warning: atoms    6    3  not bonded
         warning: atoms    3    7  not bonded
  37  dihedral  C8-H9--C1--H10     -0.0000       8   9   1  10
         warning: atoms    9    1  not bonded
         warning: atoms    1   10  not bonded


        ********************************************
                 G R O M A C S    F F
        ********************************************

     GROMACS INPUT FILE ..........: butadiene.trial.top


                      1) Atom Types

Site  Name       Charge        Mass        Sigma         Epsilon
 1     CA        -0.137       12.011        0.355        0.318
 2     CB         0.121       12.011        0.355        0.318
 3     HA        -0.137        1.008        0.242        0.126
 4     HB         0.121        1.008        0.242        0.126



       ********************************************
          E N D  G R O M A C S  I N P U T
       ********************************************



*********************************************************

$generate key has been activated in the input section:
 no fitting will be performed

Suggested Internal coordinates have been generated
according to the provided site labels in file:
                    generated.IC.txt

*********************************************************






               NORMAL EXIT


