        iFF Freq/FF   ig09 freq/g09      overl    err
        23   3256.8    24   3246.1       0.983    10.7
        24   3257.1    23   3245.6       0.981    11.4
        22   3167.2    22   3164.4       0.721     2.9
        21   3158.1    21   3163.1       0.890    -5.0
        19   3143.7    20   3156.6       0.901   -12.8
        20   3146.9    19   3146.2       0.737     0.8
        18   1786.7    18   1729.3       0.992    57.4
        17   1674.3    17   1676.5       0.977    -2.2
        16   1506.3    16   1496.1       0.990    10.2
        15   1422.9    15   1435.1       0.825   -12.1
        13   1248.8    14   1331.3       0.828   -82.6
        14   1275.5    13   1329.4       0.892   -53.9
        12   1132.5    12   1240.2       0.890  -107.7
        11   1059.7    11   1064.7       1.000    -5.0
        10   1047.5    10   1010.8       0.988    36.7
         9   1009.0     9   1003.4       1.000     5.5
         8    930.8     8    931.8       0.998    -1.0
         7    930.0     7    927.8       0.999     2.1
         6    870.5     6    907.1       0.948   -36.7
         5    764.1     5    781.7       0.999   -17.6
         4    580.6     4    539.7       0.997    40.9
         3    502.1     3    515.8       0.971   -13.7
         2    357.8     2    295.6       1.000    62.2
         1    168.6     1    177.1       0.998    -8.5

