        23   3256.9    24   3246.1       0.982    10.8
        24   3257.3    23   3245.6       0.981    11.6
        22   3165.8    22   3164.4       0.707     1.4
        21   3158.1    21   3163.1       0.895    -5.0
        19   3144.0    20   3156.6       0.906   -12.5
        20   3147.8    19   3146.2       0.724     1.6
        18   1787.3    18   1729.3       0.992    58.1
        17   1673.8    17   1676.5       0.977    -2.7
        16   1506.0    16   1496.1       0.990     9.9
        15   1425.2    15   1435.1       0.826    -9.9
        13   1246.0    14   1331.3       0.830   -85.3
        14   1275.8    13   1329.4       0.892   -53.6
        12   1130.6    12   1240.2       0.892  -109.6
        11   1058.7    11   1064.7       1.000    -6.0
        10   1047.6    10   1010.8       0.988    36.8
         9   1010.0     9   1003.4       0.998     6.5
         8    931.5     8    931.8       0.998    -0.2
         7    928.9     7    927.8       0.999     1.1
         6    871.7     6    907.1       0.950   -35.4
         5    763.5     5    781.7       0.999   -18.1
         4    583.1     4    539.7       0.997    43.4
         3    502.3     3    515.8       0.971   -13.5
         2    358.0     2    295.6       1.000    62.4
         1    138.8     1    177.1       0.998   -38.4

